<?xml version="1.0" encoding="UTF-8"?>
<coverage generated="1777873826381" clover="3.2.0">
  <project timestamp="1777873826381" name="All files">
    <metrics statements="1325" coveredstatements="1166" conditionals="1004" coveredconditionals="795" methods="246" coveredmethods="222" elements="2575" coveredelements="2183" complexity="0" loc="1325" ncloc="1325" packages="3" files="14" classes="14"/>
    <package name="components.import">
      <metrics statements="332" coveredstatements="295" conditionals="282" coveredconditionals="228" methods="89" coveredmethods="77"/>
      <file name="ImportSummary.tsx" path="C:\Users\gutao\Desktop\Projeto\organizador\gg-economy-mobile\src\components\import\ImportSummary.tsx">
        <metrics statements="54" coveredstatements="53" conditionals="55" coveredconditionals="54" methods="15" coveredmethods="15"/>
        <line num="48" count="1" type="stmt"/>
        <line num="49" count="97" type="cond" truecount="2" falsecount="0"/>
        <line num="50" count="69" type="cond" truecount="2" falsecount="0"/>
        <line num="51" count="4" type="stmt"/>
        <line num="57" count="1" type="stmt"/>
        <line num="66" count="1" type="stmt"/>
        <line num="71" count="97" type="stmt"/>
        <line num="72" count="97" type="stmt"/>
        <line num="73" count="97" type="stmt"/>
        <line num="75" count="97" type="stmt"/>
        <line num="76" count="97" type="cond" truecount="4" falsecount="0"/>
        <line num="77" count="28" type="stmt"/>
        <line num="79" count="69" type="cond" truecount="1" falsecount="1"/>
        <line num="80" count="69" type="stmt"/>
        <line num="81" count="69" type="stmt"/>
        <line num="86" count="69" type="cond" truecount="2" falsecount="0"/>
        <line num="87" count="65" type="stmt"/>
        <line num="93" count="69" type="stmt"/>
        <line num="95" count="0" type="stmt"/>
        <line num="98" count="97" type="stmt"/>
        <line num="139" count="1" type="stmt"/>
        <line num="181" count="44" type="stmt"/>
        <line num="184" count="44" type="stmt"/>
        <line num="186" count="44" type="stmt"/>
        <line num="196" count="44" type="stmt"/>
        <line num="197" count="97" type="stmt"/>
        <line num="201" count="44" type="stmt"/>
        <line num="202" count="44" type="cond" truecount="2" falsecount="0"/>
        <line num="203" count="44" type="stmt"/>
        <line num="204" count="44" type="stmt"/>
        <line num="209" count="44" type="stmt"/>
        <line num="210" count="1" type="stmt"/>
        <line num="216" count="44" type="stmt"/>
        <line num="217" count="1" type="stmt"/>
        <line num="223" count="44" type="stmt"/>
        <line num="224" count="1" type="stmt"/>
        <line num="230" count="44" type="stmt"/>
        <line num="231" count="97" type="stmt"/>
        <line num="235" count="44" type="stmt"/>
        <line num="236" count="141" type="stmt"/>
        <line num="241" count="44" type="stmt"/>
        <line num="242" count="44" type="cond" truecount="2" falsecount="0"/>
        <line num="243" count="33" type="cond" truecount="2" falsecount="0"/>
        <line num="244" count="27" type="stmt"/>
        <line num="247" count="44" type="stmt"/>
        <line num="248" count="44" type="cond" truecount="2" falsecount="0"/>
        <line num="249" count="11" type="stmt"/>
        <line num="251" count="33" type="cond" truecount="2" falsecount="0"/>
        <line num="252" count="6" type="stmt"/>
        <line num="257" count="27" type="stmt"/>
        <line num="260" count="44" type="stmt"/>
        <line num="298" count="44" type="stmt"/>
        <line num="464" count="1" type="stmt"/>
        <line num="703" count="1" type="stmt"/>
      </file>
      <file name="ManualEntryForm.tsx" path="C:\Users\gutao\Desktop\Projeto\organizador\gg-economy-mobile\src\components\import\ManualEntryForm.tsx">
        <metrics statements="96" coveredstatements="75" conditionals="72" coveredconditionals="49" methods="27" coveredmethods="16"/>
        <line num="73" count="58" type="cond" truecount="1" falsecount="1"/>
        <line num="85" count="11" type="stmt"/>
        <line num="86" count="11" type="stmt"/>
        <line num="94" count="19" type="stmt"/>
        <line num="95" count="19" type="stmt"/>
        <line num="97" count="19" type="cond" truecount="2" falsecount="0"/>
        <line num="98" count="1" type="stmt"/>
        <line num="102" count="18" type="stmt"/>
        <line num="109" count="9" type="stmt"/>
        <line num="110" count="9" type="stmt"/>
        <line num="111" count="9" type="stmt"/>
        <line num="118" count="6" type="stmt"/>
        <line num="119" count="6" type="cond" truecount="1" falsecount="1"/>
        <line num="128" count="2" type="stmt"/>
        <line num="137" count="0" type="stmt"/>
        <line num="138" count="0" type="stmt"/>
        <line num="141" count="0" type="stmt"/>
        <line num="187" count="52" type="stmt"/>
        <line num="188" count="52" type="stmt"/>
        <line num="191" count="52" type="stmt"/>
        <line num="192" count="52" type="stmt"/>
        <line num="193" count="52" type="stmt"/>
        <line num="194" count="52" type="cond" truecount="2" falsecount="0"/>
        <line num="195" count="52" type="stmt"/>
        <line num="198" count="52" type="stmt"/>
        <line num="199" count="52" type="stmt"/>
        <line num="202" count="52" type="stmt"/>
        <line num="205" count="52" type="stmt"/>
        <line num="206" count="60" type="cond" truecount="2" falsecount="0"/>
        <line num="214" count="52" type="stmt"/>
        <line num="215" count="16" type="stmt"/>
        <line num="218" count="16" type="cond" truecount="1" falsecount="1"/>
        <line num="219" count="0" type="stmt"/>
        <line num="222" count="16" type="stmt"/>
        <line num="223" count="16" type="cond" truecount="1" falsecount="1"/>
        <line num="224" count="0" type="stmt"/>
        <line num="229" count="16" type="stmt"/>
        <line num="230" count="16" type="cond" truecount="2" falsecount="0"/>
        <line num="231" count="6" type="stmt"/>
        <line num="234" count="10" type="stmt"/>
        <line num="235" count="10" type="cond" truecount="2" falsecount="0"/>
        <line num="236" count="1" type="stmt"/>
        <line num="240" count="16" type="stmt"/>
        <line num="246" count="52" type="stmt"/>
        <line num="249" count="0" type="cond" truecount="0" falsecount="2"/>
        <line num="250" count="0" type="stmt"/>
        <line num="253" count="0" type="cond" truecount="0" falsecount="4"/>
        <line num="254" count="0" type="stmt"/>
        <line num="256" count="0" type="stmt"/>
        <line num="257" count="0" type="stmt"/>
        <line num="258" count="0" type="stmt"/>
        <line num="268" count="52" type="stmt"/>
        <line num="269" count="11" type="stmt"/>
        <line num="270" count="11" type="stmt"/>
        <line num="272" count="11" type="stmt"/>
        <line num="273" count="11" type="stmt"/>
        <line num="274" count="11" type="stmt"/>
        <line num="281" count="52" type="stmt"/>
        <line num="282" count="2" type="stmt"/>
        <line num="288" count="52" type="stmt"/>
        <line num="289" count="0" type="stmt"/>
        <line num="290" count="0" type="stmt"/>
        <line num="296" count="52" type="stmt"/>
        <line num="297" count="1" type="stmt"/>
        <line num="303" count="52" type="stmt"/>
        <line num="304" count="0" type="stmt"/>
        <line num="310" count="52" type="stmt"/>
        <line num="311" count="0" type="stmt"/>
        <line num="317" count="52" type="stmt"/>
        <line num="318" count="0" type="stmt"/>
        <line num="324" count="52" type="stmt"/>
        <line num="325" count="16" type="stmt"/>
        <line num="327" count="16" type="cond" truecount="2" falsecount="0"/>
        <line num="328" count="7" type="stmt"/>
        <line num="329" count="7" type="stmt"/>
        <line num="332" count="9" type="stmt"/>
        <line num="333" count="9" type="cond" truecount="1" falsecount="1"/>
        <line num="334" count="0" type="stmt"/>
        <line num="337" count="9" type="stmt"/>
        <line num="346" count="9" type="stmt"/>
        <line num="352" count="52" type="stmt"/>
        <line num="353" count="2" type="stmt"/>
        <line num="359" count="52" type="stmt"/>
        <line num="361" count="0" type="stmt"/>
        <line num="370" count="52" type="stmt"/>
        <line num="372" count="52" type="stmt"/>
        <line num="373" count="52" type="cond" truecount="2" falsecount="0"/>
        <line num="378" count="52" type="stmt"/>
        <line num="379" count="31" type="cond" truecount="2" falsecount="0"/>
        <line num="381" count="6" type="stmt"/>
        <line num="382" count="6" type="stmt"/>
        <line num="390" count="52" type="stmt"/>
        <line num="625" count="0" type="stmt"/>
        <line num="626" count="0" type="stmt"/>
        <line num="742" count="2" type="stmt"/>
        <line num="1122" count="2" type="stmt"/>
      </file>
      <file name="MultiFileSelector.tsx" path="C:\Users\gutao\Desktop\Projeto\organizador\gg-economy-mobile\src\components\import\MultiFileSelector.tsx">
        <metrics statements="77" coveredstatements="71" conditionals="55" coveredconditionals="43" methods="19" coveredmethods="19"/>
        <line num="27" count="1" type="stmt"/>
        <line num="32" count="1" type="stmt"/>
        <line num="49" count="1" type="stmt"/>
        <line num="80" count="1" type="stmt"/>
        <line num="92" count="48" type="stmt"/>
        <line num="94" count="48" type="cond" truecount="2" falsecount="0"/>
        <line num="95" count="11" type="cond" truecount="4" falsecount="0"/>
        <line num="96" count="6" type="cond" truecount="1" falsecount="1"/>
        <line num="97" count="6" type="cond" truecount="2" falsecount="0"/>
        <line num="98" count="2" type="cond" truecount="1" falsecount="1"/>
        <line num="100" count="0" type="stmt"/>
        <line num="107" count="50" type="stmt"/>
        <line num="108" count="85" type="stmt"/>
        <line num="115" count="43" type="cond" truecount="1" falsecount="1"/>
        <line num="116" count="43" type="cond" truecount="1" falsecount="1"/>
        <line num="117" count="0" type="stmt"/>
        <line num="123" count="1" type="stmt"/>
        <line num="130" count="43" type="stmt"/>
        <line num="132" count="43" type="stmt"/>
        <line num="133" count="2" type="stmt"/>
        <line num="136" count="43" type="cond" truecount="1" falsecount="1"/>
        <line num="138" count="43" type="stmt"/>
        <line num="181" count="46" type="stmt"/>
        <line num="182" count="46" type="stmt"/>
        <line num="183" count="46" type="stmt"/>
        <line num="188" count="46" type="stmt"/>
        <line num="189" count="18" type="cond" truecount="1" falsecount="1"/>
        <line num="191" count="18" type="stmt"/>
        <line num="193" count="18" type="stmt"/>
        <line num="194" count="18" type="stmt"/>
        <line num="200" count="17" type="cond" truecount="2" falsecount="0"/>
        <line num="201" count="1" type="stmt"/>
        <line num="202" count="1" type="stmt"/>
        <line num="205" count="16" type="stmt"/>
        <line num="206" count="16" type="stmt"/>
        <line num="208" count="16" type="stmt"/>
        <line num="210" count="50" type="cond" truecount="2" falsecount="0"/>
        <line num="211" count="2" type="stmt"/>
        <line num="212" count="2" type="stmt"/>
        <line num="215" count="48" type="stmt"/>
        <line num="216" count="48" type="cond" truecount="1" falsecount="1"/>
        <line num="217" count="0" type="stmt"/>
        <line num="218" count="0" type="stmt"/>
        <line num="222" count="48" type="stmt"/>
        <line num="223" count="41" type="cond" truecount="3" falsecount="1"/>
        <line num="226" count="48" type="cond" truecount="2" falsecount="0"/>
        <line num="227" count="47" type="stmt"/>
        <line num="237" count="16" type="cond" truecount="2" falsecount="0"/>
        <line num="238" count="1" type="stmt"/>
        <line num="248" count="16" type="stmt"/>
        <line num="249" count="16" type="cond" truecount="2" falsecount="0"/>
        <line num="250" count="2" type="stmt"/>
        <line num="251" count="2" type="stmt"/>
        <line num="253" count="2" type="stmt"/>
        <line num="258" count="2" type="stmt"/>
        <line num="260" count="14" type="stmt"/>
        <line num="263" count="1" type="stmt"/>
        <line num="268" count="18" type="stmt"/>
        <line num="275" count="46" type="stmt"/>
        <line num="276" count="4" type="stmt"/>
        <line num="282" count="46" type="stmt"/>
        <line num="283" count="1" type="cond" truecount="1" falsecount="1"/>
        <line num="284" count="0" type="stmt"/>
        <line num="288" count="0" type="stmt"/>
        <line num="291" count="1" type="stmt"/>
        <line num="297" count="46" type="stmt"/>
        <line num="298" count="2" type="stmt"/>
        <line num="304" count="46" type="stmt"/>
        <line num="305" count="1" type="stmt"/>
        <line num="308" count="46" type="stmt"/>
        <line num="310" count="54" type="stmt"/>
        <line num="315" count="71" type="stmt"/>
        <line num="317" count="46" type="stmt"/>
        <line num="318" count="46" type="stmt"/>
        <line num="320" count="46" type="stmt"/>
        <line num="440" count="1" type="stmt"/>
        <line num="625" count="1" type="stmt"/>
      </file>
      <file name="ProgressTracker.tsx" path="C:\Users\gutao\Desktop\Projeto\organizador\gg-economy-mobile\src\components\import\ProgressTracker.tsx">
        <metrics statements="29" coveredstatements="27" conditionals="36" coveredconditionals="33" methods="8" coveredmethods="8"/>
        <line num="36" count="1" type="stmt"/>
        <line num="47" count="1" type="stmt"/>
        <line num="54" count="18" type="stmt"/>
        <line num="56" count="18" type="stmt"/>
        <line num="57" count="18" type="cond" truecount="2" falsecount="0"/>
        <line num="58" count="2" type="cond" truecount="1" falsecount="1"/>
        <line num="59" count="0" type="stmt"/>
        <line num="62" count="18" type="stmt"/>
        <line num="63" count="18" type="cond" truecount="2" falsecount="0"/>
        <line num="64" count="16" type="stmt"/>
        <line num="68" count="2" type="cond" truecount="1" falsecount="1"/>
        <line num="69" count="2" type="stmt"/>
        <line num="71" count="0" type="stmt"/>
        <line num="74" count="18" type="stmt"/>
        <line num="138" count="42" type="stmt"/>
        <line num="143" count="42" type="stmt"/>
        <line num="144" count="1" type="stmt"/>
        <line num="150" count="42" type="stmt"/>
        <line num="152" count="18" type="stmt"/>
        <line num="160" count="42" type="stmt"/>
        <line num="161" count="27" type="stmt"/>
        <line num="165" count="42" type="cond" truecount="1" falsecount="1"/>
        <line num="166" count="42" type="stmt"/>
        <line num="167" count="42" type="stmt"/>
        <line num="168" count="42" type="cond" truecount="2" falsecount="0"/>
        <line num="171" count="42" type="cond" truecount="2" falsecount="0"/>
        <line num="173" count="42" type="stmt"/>
        <line num="292" count="1" type="stmt"/>
        <line num="490" count="1" type="stmt"/>
      </file>
      <file name="SheetSelector.tsx" path="C:\Users\gutao\Desktop\Projeto\organizador\gg-economy-mobile\src\components\import\SheetSelector.tsx">
        <metrics statements="76" coveredstatements="69" conditionals="64" coveredconditionals="49" methods="20" coveredmethods="19"/>
        <line num="27" count="1" type="stmt"/>
        <line num="44" count="23" type="cond" truecount="2" falsecount="0"/>
        <line num="47" count="22" type="stmt"/>
        <line num="48" count="22" type="cond" truecount="2" falsecount="0"/>
        <line num="49" count="22" type="cond" truecount="2" falsecount="0"/>
        <line num="55" count="22" type="stmt"/>
        <line num="76" count="22" type="cond" truecount="1" falsecount="1"/>
        <line num="77" count="0" type="stmt"/>
        <line num="80" count="22" type="stmt"/>
        <line num="102" count="1" type="stmt"/>
        <line num="113" count="91" type="stmt"/>
        <line num="115" count="91" type="stmt"/>
        <line num="116" count="10" type="stmt"/>
        <line num="119" count="91" type="stmt"/>
        <line num="166" count="266" type="stmt"/>
        <line num="168" count="798" type="stmt"/>
        <line num="228" count="65" type="stmt"/>
        <line num="229" count="65" type="stmt"/>
        <line num="232" count="65" type="stmt"/>
        <line num="233" count="32" type="cond" truecount="1" falsecount="1"/>
        <line num="237" count="65" type="stmt"/>
        <line num="238" count="32" type="cond" truecount="1" falsecount="1"/>
        <line num="239" count="0" type="stmt"/>
        <line num="241" count="0" type="cond" truecount="0" falsecount="4"/>
        <line num="242" count="0" type="stmt"/>
        <line num="244" count="0" type="stmt"/>
        <line num="247" count="65" type="stmt"/>
        <line num="248" count="65" type="stmt"/>
        <line num="249" count="65" type="stmt"/>
        <line num="250" count="65" type="stmt"/>
        <line num="251" count="65" type="stmt"/>
        <line num="256" count="65" type="stmt"/>
        <line num="257" count="61" type="cond" truecount="2" falsecount="0"/>
        <line num="258" count="30" type="stmt"/>
        <line num="259" count="30" type="stmt"/>
        <line num="261" count="61" type="cond" truecount="2" falsecount="0"/>
        <line num="262" count="30" type="stmt"/>
        <line num="263" count="30" type="stmt"/>
        <line num="270" count="65" type="stmt"/>
        <line num="271" count="42" type="cond" truecount="4" falsecount="0"/>
        <line num="272" count="12" type="stmt"/>
        <line num="276" count="30" type="stmt"/>
        <line num="277" count="100" type="stmt"/>
        <line num="278" count="100" type="cond" truecount="2" falsecount="0"/>
        <line num="279" count="20" type="stmt"/>
        <line num="281" count="80" type="stmt"/>
        <line num="286" count="30" type="stmt"/>
        <line num="287" count="20" type="stmt"/>
        <line num="288" count="20" type="stmt"/>
        <line num="291" count="30" type="stmt"/>
        <line num="292" count="30" type="stmt"/>
        <line num="299" count="65" type="stmt"/>
        <line num="301" count="10" type="stmt"/>
        <line num="302" count="10" type="stmt"/>
        <line num="303" count="10" type="stmt"/>
        <line num="312" count="65" type="stmt"/>
        <line num="313" count="3" type="cond" truecount="1" falsecount="1"/>
        <line num="315" count="3" type="cond" truecount="1" falsecount="1"/>
        <line num="316" count="0" type="stmt"/>
        <line num="318" count="3" type="stmt"/>
        <line num="326" count="65" type="stmt"/>
        <line num="327" count="1" type="cond" truecount="1" falsecount="1"/>
        <line num="328" count="1" type="stmt"/>
        <line num="329" count="1" type="stmt"/>
        <line num="330" count="1" type="stmt"/>
        <line num="332" count="1" type="cond" truecount="1" falsecount="1"/>
        <line num="333" count="0" type="stmt"/>
        <line num="335" count="1" type="stmt"/>
        <line num="342" count="65" type="stmt"/>
        <line num="344" count="110" type="stmt"/>
        <line num="354" count="140" type="stmt"/>
        <line num="356" count="65" type="stmt"/>
        <line num="357" count="65" type="cond" truecount="2" falsecount="0"/>
        <line num="359" count="65" type="stmt"/>
        <line num="447" count="1" type="stmt"/>
        <line num="645" count="1" type="stmt"/>
      </file>
    </package>
    <package name="hooks">
      <metrics statements="41" coveredstatements="41" conditionals="0" coveredconditionals="0" methods="36" coveredmethods="36"/>
      <file name="useImportPreferences.ts" path="C:\Users\gutao\Desktop\Projeto\organizador\gg-economy-mobile\src\hooks\useImportPreferences.ts">
        <metrics statements="41" coveredstatements="41" conditionals="0" coveredconditionals="0" methods="36" coveredmethods="36"/>
        <line num="89" count="2" type="stmt"/>
        <line num="101" count="2" type="stmt"/>
        <line num="103" count="2" type="stmt"/>
        <line num="107" count="12" type="stmt"/>
        <line num="111" count="17" type="stmt"/>
        <line num="120" count="2" type="stmt"/>
        <line num="124" count="18" type="stmt"/>
        <line num="128" count="2" type="stmt"/>
        <line num="132" count="6" type="stmt"/>
        <line num="136" count="45" type="stmt"/>
        <line num="141" count="2" type="stmt"/>
        <line num="142" count="104" type="stmt"/>
        <line num="148" count="2" type="stmt"/>
        <line num="150" count="2" type="stmt"/>
        <line num="208" count="399" type="stmt"/>
        <line num="209" count="399" type="stmt"/>
        <line num="210" count="399" type="stmt"/>
        <line num="211" count="399" type="stmt"/>
        <line num="214" count="399" type="stmt"/>
        <line num="215" count="399" type="stmt"/>
        <line num="216" count="399" type="stmt"/>
        <line num="217" count="399" type="stmt"/>
        <line num="218" count="399" type="stmt"/>
        <line num="219" count="399" type="stmt"/>
        <line num="222" count="120" type="stmt"/>
        <line num="224" count="10" type="stmt"/>
        <line num="229" count="120" type="stmt"/>
        <line num="231" count="14" type="stmt"/>
        <line num="236" count="120" type="stmt"/>
        <line num="238" count="2" type="stmt"/>
        <line num="243" count="120" type="stmt"/>
        <line num="245" count="10" type="stmt"/>
        <line num="250" count="120" type="stmt"/>
        <line num="251" count="2" type="stmt"/>
        <line num="254" count="120" type="stmt"/>
        <line num="255" count="2" type="stmt"/>
        <line num="258" count="120" type="stmt"/>
        <line num="284" count="13" type="stmt"/>
        <line num="295" count="7" type="stmt"/>
        <line num="304" count="4" type="stmt"/>
        <line num="313" count="4" type="stmt"/>
      </file>
    </package>
    <package name="services.import">
      <metrics statements="952" coveredstatements="830" conditionals="722" coveredconditionals="567" methods="121" coveredmethods="109"/>
      <file name="CsvParser.ts" path="C:\Users\gutao\Desktop\Projeto\organizador\gg-economy-mobile\src\services\import\CsvParser.ts">
        <metrics statements="220" coveredstatements="208" conditionals="191" coveredconditionals="162" methods="23" coveredmethods="23"/>
        <line num="87" count="6" type="stmt"/>
        <line num="88" count="6" type="stmt"/>
        <line num="89" count="6" type="stmt"/>
        <line num="103" count="2056" type="stmt"/>
        <line num="104" count="2056" type="stmt"/>
        <line num="105" count="2056" type="stmt"/>
        <line num="108" count="2056" type="stmt"/>
        <line num="109" count="19776" type="stmt"/>
        <line num="111" count="2056" type="cond" truecount="2" falsecount="0"/>
        <line num="112" count="2" type="stmt"/>
        <line num="124" count="2054" type="cond" truecount="2" falsecount="0"/>
        <line num="125" count="2054" type="stmt"/>
        <line num="127" count="2054" type="cond" truecount="1" falsecount="1"/>
        <line num="128" count="0" type="stmt"/>
        <line num="140" count="2054" type="cond" truecount="2" falsecount="0"/>
        <line num="143" count="2054" type="stmt"/>
        <line num="149" count="2054" type="cond" truecount="4" falsecount="1"/>
        <line num="150" count="0" type="stmt"/>
        <line num="151" count="0" type="cond" truecount="0" falsecount="2"/>
        <line num="152" count="0" type="cond" truecount="0" falsecount="2"/>
        <line num="153" count="0" type="cond" truecount="0" falsecount="2"/>
        <line num="157" count="2054" type="cond" truecount="2" falsecount="0"/>
        <line num="160" count="2054" type="cond" truecount="2" falsecount="0"/>
        <line num="167" count="2054" type="stmt"/>
        <line num="168" count="17718" type="stmt"/>
        <line num="169" count="17718" type="stmt"/>
        <line num="171" count="17718" type="stmt"/>
        <line num="172" count="17718" type="stmt"/>
        <line num="173" count="17708" type="cond" truecount="1" falsecount="1"/>
        <line num="174" count="17708" type="stmt"/>
        <line num="177" count="10" type="stmt"/>
        <line num="185" count="2054" type="stmt"/>
        <line num="203" count="1757" type="stmt"/>
        <line num="204" count="1757" type="stmt"/>
        <line num="207" count="1757" type="stmt"/>
        <line num="213" count="1757" type="stmt"/>
        <line num="214" count="7368" type="stmt"/>
        <line num="216" count="22104" type="stmt"/>
        <line num="217" count="22104" type="stmt"/>
        <line num="222" count="1757" type="stmt"/>
        <line num="223" count="1757" type="stmt"/>
        <line num="225" count="1757" type="stmt"/>
        <line num="226" count="5271" type="stmt"/>
        <line num="227" count="5271" type="cond" truecount="1" falsecount="1"/>
        <line num="229" count="5271" type="stmt"/>
        <line num="230" count="5271" type="stmt"/>
        <line num="233" count="5271" type="cond" truecount="4" falsecount="0"/>
        <line num="234" count="1753" type="stmt"/>
        <line num="235" count="1753" type="cond" truecount="1" falsecount="1"/>
        <line num="236" count="1753" type="stmt"/>
        <line num="237" count="1753" type="stmt"/>
        <line num="239" count="3518" type="cond" truecount="2" falsecount="0"/>
        <line num="241" count="6" type="stmt"/>
        <line num="242" count="6" type="stmt"/>
        <line num="243" count="2" type="stmt"/>
        <line num="244" count="2" type="cond" truecount="1" falsecount="1"/>
        <line num="245" count="2" type="stmt"/>
        <line num="246" count="2" type="stmt"/>
        <line num="251" count="1757" type="stmt"/>
        <line num="258" count="22104" type="stmt"/>
        <line num="259" count="22104" type="stmt"/>
        <line num="261" count="22104" type="stmt"/>
        <line num="262" count="535986" type="stmt"/>
        <line num="264" count="535986" type="cond" truecount="2" falsecount="0"/>
        <line num="266" count="3309" type="cond" truecount="4" falsecount="0"/>
        <line num="267" count="711" type="stmt"/>
        <line num="269" count="2598" type="stmt"/>
        <line num="271" count="532677" type="cond" truecount="4" falsecount="0"/>
        <line num="272" count="14997" type="stmt"/>
        <line num="276" count="22104" type="stmt"/>
        <line num="287" count="2054" type="cond" truecount="1" falsecount="1"/>
        <line num="288" count="0" type="stmt"/>
        <line num="298" count="2054" type="stmt"/>
        <line num="299" count="2054" type="stmt"/>
        <line num="302" count="2054" type="cond" truecount="2" falsecount="0"/>
        <line num="303" count="2054" type="cond" truecount="2" falsecount="0"/>
        <line num="304" count="2054" type="cond" truecount="2" falsecount="0"/>
        <line num="305" count="2054" type="stmt"/>
        <line num="308" count="2054" type="stmt"/>
        <line num="309" count="6165" type="stmt"/>
        <line num="311" count="6165" type="cond" truecount="4" falsecount="0"/>
        <line num="312" count="2052" type="stmt"/>
        <line num="313" count="2052" type="stmt"/>
        <line num="315" count="20568" type="cond" truecount="4" falsecount="0"/>
        <line num="316" count="2052" type="stmt"/>
        <line num="317" count="2052" type="stmt"/>
        <line num="319" count="39016" type="cond" truecount="4" falsecount="0"/>
        <line num="320" count="2052" type="stmt"/>
        <line num="321" count="2052" type="stmt"/>
        <line num="326" count="2054" type="cond" truecount="4" falsecount="0"/>
        <line num="327" count="2" type="stmt"/>
        <line num="328" count="2" type="stmt"/>
        <line num="330" count="2" type="stmt"/>
        <line num="331" count="7" type="stmt"/>
        <line num="334" count="7" type="cond" truecount="4" falsecount="0"/>
        <line num="335" count="1" type="stmt"/>
        <line num="338" count="6" type="cond" truecount="4" falsecount="0"/>
        <line num="339" count="1" type="stmt"/>
        <line num="342" count="5" type="cond" truecount="6" falsecount="0"/>
        <line num="343" count="1" type="stmt"/>
        <line num="348" count="2054" type="stmt"/>
        <line num="364" count="2" type="stmt"/>
        <line num="371" count="6" type="stmt"/>
        <line num="379" count="2" type="stmt"/>
        <line num="382" count="2" type="stmt"/>
        <line num="389" count="5" type="stmt"/>
        <line num="400" count="1752" type="stmt"/>
        <line num="401" count="1752" type="stmt"/>
        <line num="402" count="1752" type="cond" truecount="3" falsecount="1"/>
        <line num="403" count="1752" type="stmt"/>
        <line num="404" count="1752" type="stmt"/>
        <line num="405" count="1752" type="cond" truecount="2" falsecount="0"/>
        <line num="406" count="1749" type="stmt"/>
        <line num="410" count="3" type="stmt"/>
        <line num="417" count="21532" type="stmt"/>
        <line num="418" count="21532" type="stmt"/>
        <line num="419" count="21532" type="stmt"/>
        <line num="421" count="21532" type="stmt"/>
        <line num="422" count="575793" type="stmt"/>
        <line num="424" count="575793" type="cond" truecount="2" falsecount="0"/>
        <line num="425" count="3723" type="cond" truecount="4" falsecount="0"/>
        <line num="427" count="522" type="stmt"/>
        <line num="428" count="522" type="stmt"/>
        <line num="430" count="3201" type="stmt"/>
        <line num="432" count="572070" type="cond" truecount="4" falsecount="0"/>
        <line num="433" count="43070" type="stmt"/>
        <line num="434" count="43070" type="stmt"/>
        <line num="436" count="529000" type="stmt"/>
        <line num="441" count="21532" type="stmt"/>
        <line num="443" count="21532" type="stmt"/>
        <line num="457" count="17718" type="stmt"/>
        <line num="460" count="17718" type="stmt"/>
        <line num="461" count="17718" type="cond" truecount="2" falsecount="0"/>
        <line num="462" count="3" type="stmt"/>
        <line num="466" count="17715" type="stmt"/>
        <line num="467" count="17715" type="stmt"/>
        <line num="468" count="17715" type="cond" truecount="2" falsecount="0"/>
        <line num="469" count="4" type="stmt"/>
        <line num="473" count="17711" type="stmt"/>
        <line num="474" count="17711" type="stmt"/>
        <line num="475" count="17711" type="cond" truecount="2" falsecount="0"/>
        <line num="476" count="2" type="stmt"/>
        <line num="480" count="17709" type="stmt"/>
        <line num="481" count="17709" type="cond" truecount="2" falsecount="0"/>
        <line num="482" count="1" type="stmt"/>
        <line num="485" count="17708" type="stmt"/>
        <line num="498" count="17715" type="cond" truecount="2" falsecount="0"/>
        <line num="499" count="17714" type="stmt"/>
        <line num="500" count="17714" type="cond" truecount="2" falsecount="0"/>
        <line num="504" count="4" type="stmt"/>
        <line num="505" count="4" type="cond" truecount="1" falsecount="1"/>
        <line num="506" count="0" type="stmt"/>
        <line num="507" count="0" type="cond" truecount="0" falsecount="2"/>
        <line num="511" count="4" type="stmt"/>
        <line num="512" count="4" type="stmt"/>
        <line num="513" count="12" type="stmt"/>
        <line num="514" count="12" type="cond" truecount="1" falsecount="1"/>
        <line num="517" count="4" type="stmt"/>
        <line num="531" count="19684" type="cond" truecount="4" falsecount="0"/>
        <line num="532" count="2" type="stmt"/>
        <line num="535" count="19682" type="stmt"/>
        <line num="538" count="19682" type="cond" truecount="2" falsecount="0"/>
        <line num="539" count="19682" type="cond" truecount="2" falsecount="0"/>
        <line num="540" count="102" type="stmt"/>
        <line num="544" count="19682" type="cond" truecount="2" falsecount="0"/>
        <line num="545" count="19682" type="stmt"/>
        <line num="548" count="19682" type="stmt"/>
        <line num="550" count="19682" type="cond" truecount="2" falsecount="0"/>
        <line num="551" count="2" type="stmt"/>
        <line num="555" count="19680" type="stmt"/>
        <line num="557" count="19680" type="cond" truecount="2" falsecount="0"/>
        <line num="559" count="1426" type="stmt"/>
        <line num="560" count="1426" type="stmt"/>
        <line num="563" count="18254" type="stmt"/>
        <line num="566" count="19680" type="stmt"/>
        <line num="568" count="19680" type="cond" truecount="2" falsecount="0"/>
        <line num="569" count="53" type="stmt"/>
        <line num="572" count="19627" type="cond" truecount="2" falsecount="0"/>
        <line num="580" count="19680" type="cond" truecount="2" falsecount="0"/>
        <line num="581" count="18254" type="cond" truecount="2" falsecount="0"/>
        <line num="584" count="16669" type="cond" truecount="2" falsecount="0"/>
        <line num="585" count="16669" type="cond" truecount="2" falsecount="0"/>
        <line num="588" count="16669" type="cond" truecount="4" falsecount="0"/>
        <line num="590" count="1" type="cond" truecount="1" falsecount="1"/>
        <line num="591" count="0" type="stmt"/>
        <line num="595" count="16669" type="cond" truecount="4" falsecount="0"/>
        <line num="597" count="16616" type="cond" truecount="2" falsecount="0"/>
        <line num="598" count="16615" type="stmt"/>
        <line num="603" count="54" type="stmt"/>
        <line num="604" count="54" type="stmt"/>
        <line num="606" count="54" type="cond" truecount="2" falsecount="0"/>
        <line num="608" count="1" type="cond" truecount="1" falsecount="1"/>
        <line num="609" count="0" type="stmt"/>
        <line num="613" count="54" type="cond" truecount="2" falsecount="0"/>
        <line num="615" count="1" type="cond" truecount="1" falsecount="1"/>
        <line num="616" count="0" type="stmt"/>
        <line num="621" count="54" type="stmt"/>
        <line num="639" count="1009" type="cond" truecount="3" falsecount="0"/>
        <line num="641" count="1009" type="stmt"/>
        <line num="643" count="1009" type="cond" truecount="2" falsecount="0"/>
        <line num="644" count="1008" type="stmt"/>
        <line num="647" count="1009" type="stmt"/>
        <line num="648" count="5901" type="stmt"/>
        <line num="649" count="5901" type="stmt"/>
        <line num="650" count="5901" type="stmt"/>
        <line num="652" count="5901" type="stmt"/>
        <line num="655" count="1009" type="stmt"/>
        <line num="662" count="5901" type="stmt"/>
        <line num="663" count="5901" type="stmt"/>
        <line num="664" count="5901" type="stmt"/>
        <line num="666" count="5901" type="cond" truecount="3" falsecount="1"/>
        <line num="668" count="521" type="stmt"/>
        <line num="670" count="684" type="stmt"/>
        <line num="672" count="4696" type="stmt"/>
        <line num="674" count="0" type="stmt"/>
        <line num="683" count="5901" type="cond" truecount="5" falsecount="0"/>
        <line num="685" count="731" type="stmt"/>
        <line num="686" count="731" type="stmt"/>
        <line num="688" count="5170" type="stmt"/>
        <line num="695" count="6" type="stmt"/>
      </file>
      <file name="DedupeEngine.ts" path="C:\Users\gutao\Desktop\Projeto\organizador\gg-economy-mobile\src\services\import\DedupeEngine.ts">
        <metrics statements="184" coveredstatements="184" conditionals="93" coveredconditionals="89" methods="30" coveredmethods="30"/>
        <line num="121" count="7" type="stmt"/>
        <line num="140" count="237" type="stmt"/>
        <line num="142" count="237" type="stmt"/>
        <line num="143" count="237" type="stmt"/>
        <line num="146" count="237" type="stmt"/>
        <line num="147" count="237" type="stmt"/>
        <line num="149" count="237" type="stmt"/>
        <line num="150" count="4106" type="stmt"/>
        <line num="158" count="4106" type="cond" truecount="4" falsecount="0"/>
        <line num="159" count="20" type="stmt"/>
        <line num="161" count="4086" type="stmt"/>
        <line num="165" count="237" type="stmt"/>
        <line num="188" count="2601" type="stmt"/>
        <line num="190" count="2601" type="stmt"/>
        <line num="191" count="2601" type="stmt"/>
        <line num="192" count="2601" type="stmt"/>
        <line num="194" count="2601" type="stmt"/>
        <line num="196" count="15421" type="stmt"/>
        <line num="197" count="15421" type="stmt"/>
        <line num="199" count="15421" type="stmt"/>
        <line num="207" count="15421" type="cond" truecount="4" falsecount="0"/>
        <line num="208" count="2344" type="stmt"/>
        <line num="210" count="13077" type="stmt"/>
        <line num="211" count="13077" type="stmt"/>
        <line num="215" count="2601" type="stmt"/>
        <line num="235" count="1905" type="stmt"/>
        <line num="242" count="1905" type="stmt"/>
        <line num="267" count="1418" type="stmt"/>
        <line num="269" count="1418" type="stmt"/>
        <line num="270" count="1418" type="stmt"/>
        <line num="271" count="1418" type="stmt"/>
        <line num="272" count="1418" type="stmt"/>
        <line num="276" count="1418" type="stmt"/>
        <line num="278" count="1418" type="stmt"/>
        <line num="279" count="4219" type="stmt"/>
        <line num="280" count="4219" type="stmt"/>
        <line num="283" count="4219" type="stmt"/>
        <line num="284" count="4219" type="stmt"/>
        <line num="286" count="4219" type="stmt"/>
        <line num="287" count="19445" type="stmt"/>
        <line num="296" count="19445" type="cond" truecount="2" falsecount="0"/>
        <line num="297" count="749" type="stmt"/>
        <line num="299" count="18696" type="stmt"/>
        <line num="300" count="18696" type="stmt"/>
        <line num="304" count="4219" type="stmt"/>
        <line num="305" count="4219" type="stmt"/>
        <line num="308" count="1418" type="stmt"/>
        <line num="332" count="207" type="stmt"/>
        <line num="334" count="207" type="stmt"/>
        <line num="370" count="204" type="stmt"/>
        <line num="371" count="204" type="stmt"/>
        <line num="374" count="204" type="stmt"/>
        <line num="375" count="693" type="stmt"/>
        <line num="376" count="693" type="stmt"/>
        <line num="377" count="693" type="stmt"/>
        <line num="378" count="693" type="stmt"/>
        <line num="385" count="204" type="stmt"/>
        <line num="389" count="204" type="stmt"/>
        <line num="390" count="204" type="stmt"/>
        <line num="391" count="693" type="stmt"/>
        <line num="394" count="204" type="stmt"/>
        <line num="401" count="204" type="stmt"/>
        <line num="402" count="204" type="stmt"/>
        <line num="403" count="2" type="stmt"/>
        <line num="406" count="204" type="stmt"/>
        <line num="407" count="693" type="stmt"/>
        <line num="408" count="4045" type="stmt"/>
        <line num="410" count="693" type="stmt"/>
        <line num="413" count="204" type="stmt"/>
        <line num="415" count="204" type="stmt"/>
        <line num="433" count="4219" type="stmt"/>
        <line num="435" count="4219" type="stmt"/>
        <line num="436" count="25625" type="stmt"/>
        <line num="437" count="25625" type="cond" truecount="2" falsecount="0"/>
        <line num="438" count="21785" type="stmt"/>
        <line num="442" count="4219" type="stmt"/>
        <line num="451" count="4219" type="stmt"/>
        <line num="453" count="4219" type="stmt"/>
        <line num="454" count="25625" type="stmt"/>
        <line num="455" count="25625" type="cond" truecount="2" falsecount="0"/>
        <line num="456" count="25625" type="stmt"/>
        <line num="457" count="25625" type="stmt"/>
        <line num="460" count="4219" type="stmt"/>
        <line num="479" count="19445" type="cond" truecount="4" falsecount="0"/>
        <line num="480" count="16510" type="stmt"/>
        <line num="481" count="16510" type="cond" truecount="2" falsecount="0"/>
        <line num="482" count="507" type="stmt"/>
        <line num="494" count="18938" type="stmt"/>
        <line num="495" count="18938" type="cond" truecount="2" falsecount="0"/>
        <line num="497" count="18938" type="stmt"/>
        <line num="499" count="18938" type="stmt"/>
        <line num="500" count="243" type="stmt"/>
        <line num="505" count="243" type="cond" truecount="2" falsecount="0"/>
        <line num="510" count="242" type="stmt"/>
        <line num="521" count="18938" type="stmt"/>
        <line num="528" count="4047" type="stmt"/>
        <line num="529" count="4047" type="stmt"/>
        <line num="530" count="4047" type="stmt"/>
        <line num="531" count="4047" type="stmt"/>
        <line num="545" count="3" type="stmt"/>
        <line num="564" count="639" type="cond" truecount="2" falsecount="0"/>
        <line num="567" count="639" type="cond" truecount="5" falsecount="0"/>
        <line num="568" count="93" type="cond" truecount="2" falsecount="0"/>
        <line num="569" count="2" type="stmt"/>
        <line num="574" count="637" type="cond" truecount="2" falsecount="0"/>
        <line num="575" count="1" type="stmt"/>
        <line num="578" count="636" type="cond" truecount="2" falsecount="0"/>
        <line num="579" count="1" type="stmt"/>
        <line num="583" count="635" type="cond" truecount="1" falsecount="1"/>
        <line num="584" count="635" type="stmt"/>
        <line num="589" count="635" type="cond" truecount="2" falsecount="0"/>
        <line num="591" count="504" type="stmt"/>
        <line num="592" count="504" type="stmt"/>
        <line num="593" count="131" type="cond" truecount="2" falsecount="0"/>
        <line num="595" count="2" type="stmt"/>
        <line num="596" count="2" type="stmt"/>
        <line num="602" count="129" type="stmt"/>
        <line num="606" count="129" type="stmt"/>
        <line num="607" count="129" type="stmt"/>
        <line num="616" count="15658" type="stmt"/>
        <line num="618" count="15658" type="stmt"/>
        <line num="619" count="52890" type="stmt"/>
        <line num="620" count="52890" type="cond" truecount="2" falsecount="0"/>
        <line num="621" count="44775" type="stmt"/>
        <line num="625" count="15658" type="stmt"/>
        <line num="634" count="15658" type="stmt"/>
        <line num="636" count="15658" type="stmt"/>
        <line num="637" count="52890" type="stmt"/>
        <line num="638" count="52890" type="cond" truecount="2" falsecount="0"/>
        <line num="639" count="52890" type="stmt"/>
        <line num="640" count="52890" type="stmt"/>
        <line num="643" count="15658" type="stmt"/>
        <line num="657" count="19527" type="cond" truecount="4" falsecount="0"/>
        <line num="658" count="16508" type="stmt"/>
        <line num="659" count="16508" type="cond" truecount="2" falsecount="0"/>
        <line num="660" count="1982" type="stmt"/>
        <line num="670" count="17545" type="stmt"/>
        <line num="671" count="17545" type="cond" truecount="2" falsecount="0"/>
        <line num="673" count="17545" type="stmt"/>
        <line num="675" count="17545" type="stmt"/>
        <line num="676" count="388" type="stmt"/>
        <line num="677" count="388" type="cond" truecount="3" falsecount="2"/>
        <line num="678" count="388" type="stmt"/>
        <line num="687" count="17545" type="stmt"/>
        <line num="694" count="114998" type="stmt"/>
        <line num="695" count="114998" type="stmt"/>
        <line num="696" count="114998" type="stmt"/>
        <line num="703" count="119045" type="stmt"/>
        <line num="704" count="119045" type="stmt"/>
        <line num="705" count="119045" type="stmt"/>
        <line num="706" count="119045" type="stmt"/>
        <line num="713" count="637" type="stmt"/>
        <line num="724" count="636" type="stmt"/>
        <line num="733" count="771" type="stmt"/>
        <line num="734" count="771" type="stmt"/>
        <line num="737" count="771" type="cond" truecount="2" falsecount="0"/>
        <line num="738" count="508" type="stmt"/>
        <line num="742" count="263" type="cond" truecount="4" falsecount="0"/>
        <line num="743" count="1" type="stmt"/>
        <line num="747" count="262" type="stmt"/>
        <line num="748" count="262" type="stmt"/>
        <line num="751" count="262" type="stmt"/>
        <line num="761" count="5589" type="stmt"/>
        <line num="771" count="262" type="stmt"/>
        <line num="772" count="262" type="stmt"/>
        <line num="775" count="262" type="stmt"/>
        <line num="777" count="3168" type="stmt"/>
        <line num="780" count="262" type="stmt"/>
        <line num="781" count="3168" type="stmt"/>
        <line num="783" count="262" type="stmt"/>
        <line num="784" count="2979" type="stmt"/>
        <line num="788" count="262" type="stmt"/>
        <line num="789" count="2906" type="stmt"/>
        <line num="790" count="32244" type="cond" truecount="2" falsecount="0"/>
        <line num="791" count="1068" type="stmt"/>
        <line num="793" count="31176" type="stmt"/>
        <line num="802" count="262" type="stmt"/>
        <line num="809" count="53097" type="cond" truecount="2" falsecount="0"/>
        <line num="810" count="53063" type="stmt"/>
        <line num="812" count="34" type="stmt"/>
        <line num="819" count="53527" type="stmt"/>
        <line num="826" count="53526" type="stmt"/>
        <line num="833" count="764" type="stmt"/>
        <line num="840" count="7" type="stmt"/>
      </file>
      <file name="ExcelParser.ts" path="C:\Users\gutao\Desktop\Projeto\organizador\gg-economy-mobile\src\services\import\ExcelParser.ts">
        <metrics statements="213" coveredstatements="178" conditionals="205" coveredconditionals="139" methods="29" coveredmethods="28"/>
        <line num="30" count="5" type="stmt"/>
        <line num="35" count="5" type="stmt"/>
        <line num="40" count="5" type="stmt"/>
        <line num="44" count="5" type="stmt"/>
        <line num="48" count="5" type="stmt"/>
        <line num="65" count="4018" type="stmt"/>
        <line num="66" count="4018" type="stmt"/>
        <line num="67" count="4018" type="stmt"/>
        <line num="69" count="4018" type="stmt"/>
        <line num="71" count="4018" type="stmt"/>
        <line num="74" count="4018" type="stmt"/>
        <line num="76" count="4018" type="cond" truecount="1" falsecount="1"/>
        <line num="77" count="0" type="stmt"/>
        <line num="81" count="4018" type="stmt"/>
        <line num="83" count="4018" type="cond" truecount="2" falsecount="0"/>
        <line num="84" count="200" type="stmt"/>
        <line num="88" count="3818" type="stmt"/>
        <line num="94" count="3818" type="cond" truecount="2" falsecount="0"/>
        <line num="95" count="1" type="stmt"/>
        <line num="99" count="3817" type="cond" truecount="1" falsecount="1"/>
        <line num="100" count="0" type="stmt"/>
        <line num="107" count="3817" type="stmt"/>
        <line num="112" count="3817" type="cond" truecount="4" falsecount="1"/>
        <line num="113" count="0" type="stmt"/>
        <line num="114" count="0" type="cond" truecount="0" falsecount="2"/>
        <line num="115" count="0" type="cond" truecount="0" falsecount="2"/>
        <line num="116" count="0" type="cond" truecount="0" falsecount="2"/>
        <line num="118" count="0" type="stmt"/>
        <line num="123" count="0" type="cond" truecount="0" falsecount="2"/>
        <line num="124" count="0" type="cond" truecount="0" falsecount="2"/>
        <line num="125" count="0" type="cond" truecount="0" falsecount="2"/>
        <line num="129" count="3817" type="cond" truecount="2" falsecount="0"/>
        <line num="132" count="3817" type="stmt"/>
        <line num="133" count="14505" type="stmt"/>
        <line num="134" count="14505" type="stmt"/>
        <line num="137" count="14505" type="cond" truecount="2" falsecount="0"/>
        <line num="138" count="3" type="stmt"/>
        <line num="141" count="14502" type="stmt"/>
        <line num="142" count="14502" type="stmt"/>
        <line num="143" count="14498" type="cond" truecount="1" falsecount="1"/>
        <line num="144" count="14498" type="stmt"/>
        <line num="147" count="4" type="stmt"/>
        <line num="155" count="3817" type="cond" truecount="2" falsecount="0"/>
        <line num="156" count="1" type="stmt"/>
        <line num="168" count="3816" type="stmt"/>
        <line num="180" count="0" type="cond" truecount="0" falsecount="4"/>
        <line num="181" count="0" type="stmt"/>
        <line num="188" count="0" type="cond" truecount="0" falsecount="5"/>
        <line num="189" count="0" type="stmt"/>
        <line num="195" count="0" type="stmt"/>
        <line num="209" count="103" type="stmt"/>
        <line num="210" count="103" type="stmt"/>
        <line num="220" count="0" type="stmt"/>
        <line num="226" count="0" type="stmt"/>
        <line num="227" count="0" type="stmt"/>
        <line num="242" count="1008" type="cond" truecount="1" falsecount="1"/>
        <line num="247" count="1008" type="stmt"/>
        <line num="248" count="1008" type="cond" truecount="3" falsecount="1"/>
        <line num="249" count="1008" type="stmt"/>
        <line num="253" count="1008" type="stmt"/>
        <line num="254" count="1008" type="stmt"/>
        <line num="256" count="1008" type="stmt"/>
        <line num="267" count="2002" type="stmt"/>
        <line num="271" count="2002" type="stmt"/>
        <line num="272" count="5874" type="stmt"/>
        <line num="273" count="5874" type="stmt"/>
        <line num="277" count="2002" type="stmt"/>
        <line num="278" count="2002" type="stmt"/>
        <line num="279" count="2002" type="stmt"/>
        <line num="282" count="2002" type="stmt"/>
        <line num="283" count="2002" type="stmt"/>
        <line num="294" count="4121" type="cond" truecount="1" falsecount="1"/>
        <line num="296" count="0" type="stmt"/>
        <line num="298" count="4121" type="stmt"/>
        <line num="305" count="4121" type="stmt"/>
        <line num="307" count="4121" type="stmt"/>
        <line num="308" count="8141" type="stmt"/>
        <line num="309" count="8141" type="stmt"/>
        <line num="312" count="8141" type="stmt"/>
        <line num="319" count="50044" type="stmt"/>
        <line num="322" count="8141" type="stmt"/>
        <line num="324" count="96209" type="cond" truecount="1" falsecount="1"/>
        <line num="326" count="8141" type="stmt"/>
        <line num="334" count="4121" type="stmt"/>
        <line num="347" count="4018" type="cond" truecount="2" falsecount="0"/>
        <line num="349" count="1058" type="cond" truecount="2" falsecount="0"/>
        <line num="350" count="100" type="stmt"/>
        <line num="352" count="958" type="stmt"/>
        <line num="353" count="2960" type="cond" truecount="2" falsecount="0"/>
        <line num="355" count="434" type="cond" truecount="4" falsecount="0"/>
        <line num="356" count="100" type="stmt"/>
        <line num="358" count="334" type="stmt"/>
        <line num="361" count="2526" type="stmt"/>
        <line num="364" count="3818" type="stmt"/>
        <line num="365" count="3818" type="cond" truecount="1" falsecount="1"/>
        <line num="366" count="0" type="stmt"/>
        <line num="369" count="3818" type="stmt"/>
        <line num="379" count="3817" type="cond" truecount="1" falsecount="1"/>
        <line num="380" count="0" type="stmt"/>
        <line num="390" count="3817" type="stmt"/>
        <line num="391" count="3817" type="cond" truecount="2" falsecount="0"/>
        <line num="392" count="3817" type="cond" truecount="2" falsecount="0"/>
        <line num="393" count="3817" type="cond" truecount="2" falsecount="0"/>
        <line num="394" count="3817" type="stmt"/>
        <line num="397" count="3817" type="stmt"/>
        <line num="398" count="11454" type="cond" truecount="1" falsecount="1"/>
        <line num="400" count="11454" type="cond" truecount="4" falsecount="0"/>
        <line num="401" count="3815" type="stmt"/>
        <line num="402" count="3815" type="stmt"/>
        <line num="404" count="49658" type="cond" truecount="4" falsecount="0"/>
        <line num="405" count="3815" type="stmt"/>
        <line num="406" count="3815" type="stmt"/>
        <line num="408" count="87771" type="cond" truecount="4" falsecount="0"/>
        <line num="409" count="3815" type="stmt"/>
        <line num="410" count="3815" type="stmt"/>
        <line num="415" count="3817" type="cond" truecount="4" falsecount="0"/>
        <line num="416" count="2" type="stmt"/>
        <line num="418" count="2" type="stmt"/>
        <line num="419" count="6" type="cond" truecount="1" falsecount="1"/>
        <line num="421" count="6" type="cond" truecount="4" falsecount="0"/>
        <line num="422" count="1" type="stmt"/>
        <line num="423" count="5" type="cond" truecount="4" falsecount="0"/>
        <line num="424" count="1" type="stmt"/>
        <line num="425" count="4" type="cond" truecount="2" falsecount="0"/>
        <line num="431" count="1" type="stmt"/>
        <line num="436" count="3817" type="stmt"/>
        <line num="456" count="14502" type="stmt"/>
        <line num="457" count="14502" type="cond" truecount="1" falsecount="1"/>
        <line num="458" count="0" type="stmt"/>
        <line num="462" count="14502" type="stmt"/>
        <line num="463" count="14502" type="stmt"/>
        <line num="464" count="14502" type="cond" truecount="2" falsecount="0"/>
        <line num="465" count="2" type="stmt"/>
        <line num="469" count="14500" type="stmt"/>
        <line num="470" count="14500" type="stmt"/>
        <line num="471" count="14500" type="cond" truecount="2" falsecount="0"/>
        <line num="472" count="1" type="stmt"/>
        <line num="476" count="14499" type="cond" truecount="1" falsecount="1"/>
        <line num="477" count="14499" type="cond" truecount="2" falsecount="0"/>
        <line num="478" count="1" type="stmt"/>
        <line num="481" count="14498" type="stmt"/>
        <line num="493" count="14502" type="cond" truecount="4" falsecount="1"/>
        <line num="494" count="0" type="stmt"/>
        <line num="498" count="14502" type="cond" truecount="1" falsecount="1"/>
        <line num="499" count="0" type="stmt"/>
        <line num="503" count="14502" type="cond" truecount="1" falsecount="1"/>
        <line num="504" count="0" type="stmt"/>
        <line num="508" count="14502" type="stmt"/>
        <line num="511" count="14502" type="stmt"/>
        <line num="512" count="14502" type="cond" truecount="2" falsecount="0"/>
        <line num="513" count="14500" type="stmt"/>
        <line num="514" count="14500" type="cond" truecount="1" falsecount="1"/>
        <line num="518" count="2" type="stmt"/>
        <line num="519" count="2" type="stmt"/>
        <line num="520" count="6" type="stmt"/>
        <line num="521" count="6" type="cond" truecount="1" falsecount="1"/>
        <line num="524" count="2" type="stmt"/>
        <line num="531" count="14500" type="cond" truecount="4" falsecount="1"/>
        <line num="532" count="0" type="stmt"/>
        <line num="536" count="14500" type="cond" truecount="1" falsecount="1"/>
        <line num="537" count="0" type="stmt"/>
        <line num="541" count="14500" type="stmt"/>
        <line num="544" count="14500" type="cond" truecount="1" falsecount="1"/>
        <line num="545" count="14500" type="cond" truecount="1" falsecount="1"/>
        <line num="546" count="0" type="stmt"/>
        <line num="550" count="14500" type="cond" truecount="2" falsecount="0"/>
        <line num="551" count="14500" type="stmt"/>
        <line num="554" count="14500" type="stmt"/>
        <line num="556" count="14500" type="cond" truecount="1" falsecount="1"/>
        <line num="557" count="0" type="stmt"/>
        <line num="561" count="14500" type="stmt"/>
        <line num="563" count="14500" type="cond" truecount="1" falsecount="1"/>
        <line num="565" count="0" type="stmt"/>
        <line num="566" count="0" type="stmt"/>
        <line num="569" count="14500" type="stmt"/>
        <line num="572" count="14500" type="stmt"/>
        <line num="574" count="14500" type="cond" truecount="2" falsecount="0"/>
        <line num="575" count="1" type="stmt"/>
        <line num="578" count="14499" type="cond" truecount="2" falsecount="0"/>
        <line num="585" count="14500" type="cond" truecount="1" falsecount="1"/>
        <line num="586" count="14500" type="cond" truecount="1" falsecount="1"/>
        <line num="588" count="14500" type="cond" truecount="2" falsecount="0"/>
        <line num="589" count="14500" type="cond" truecount="2" falsecount="0"/>
        <line num="591" count="14500" type="cond" truecount="3" falsecount="1"/>
        <line num="592" count="0" type="cond" truecount="0" falsecount="2"/>
        <line num="593" count="0" type="stmt"/>
        <line num="597" count="14500" type="cond" truecount="4" falsecount="0"/>
        <line num="598" count="4648" type="cond" truecount="2" falsecount="0"/>
        <line num="599" count="1088" type="stmt"/>
        <line num="603" count="13412" type="stmt"/>
        <line num="604" count="13412" type="stmt"/>
        <line num="606" count="13412" type="cond" truecount="2" falsecount="0"/>
        <line num="607" count="3560" type="cond" truecount="2" falsecount="0"/>
        <line num="608" count="53" type="stmt"/>
        <line num="612" count="13359" type="cond" truecount="1" falsecount="1"/>
        <line num="613" count="0" type="cond" truecount="0" falsecount="2"/>
        <line num="614" count="0" type="stmt"/>
        <line num="618" count="13359" type="stmt"/>
        <line num="625" count="2" type="stmt"/>
        <line num="633" count="7" type="stmt"/>
        <line num="640" count="2" type="stmt"/>
        <line num="642" count="2" type="stmt"/>
        <line num="649" count="5" type="stmt"/>
        <line num="656" count="64549" type="cond" truecount="3" falsecount="1"/>
        <line num="657" count="64564" type="cond" truecount="3" falsecount="0"/>
        <line num="664" count="4" type="stmt"/>
        <line num="666" count="12" type="cond" truecount="1" falsecount="1"/>
        <line num="674" count="5874" type="stmt"/>
        <line num="675" count="5874" type="stmt"/>
        <line num="676" count="5874" type="stmt"/>
        <line num="677" count="5874" type="stmt"/>
        <line num="684" count="201" type="stmt"/>
        <line num="700" count="5" type="stmt"/>
      </file>
      <file name="ImportService.ts" path="C:\Users\gutao\Desktop\Projeto\organizador\gg-economy-mobile\src\services\import\ImportService.ts">
        <metrics statements="121" coveredstatements="105" conditionals="94" coveredconditionals="76" methods="17" coveredmethods="14"/>
        <line num="49" count="2" type="stmt"/>
        <line num="55" count="2" type="stmt"/>
        <line num="72" count="2" type="stmt"/>
        <line num="77" count="2" type="stmt"/>
        <line num="83" count="2" type="stmt"/>
        <line num="168" count="66" type="stmt"/>
        <line num="169" count="66" type="stmt"/>
        <line num="170" count="66" type="stmt"/>
        <line num="171" count="66" type="stmt"/>
        <line num="180" count="4" type="stmt"/>
        <line num="181" count="4" type="stmt"/>
        <line num="187" count="3" type="cond" truecount="2" falsecount="0"/>
        <line num="188" count="1" type="stmt"/>
        <line num="191" count="2" type="stmt"/>
        <line num="192" count="2" type="cond" truecount="1" falsecount="1"/>
        <line num="193" count="0" type="stmt"/>
        <line num="202" count="2" type="stmt"/>
        <line num="203" count="2" type="stmt"/>
        <line num="205" count="2" type="cond" truecount="2" falsecount="0"/>
        <line num="206" count="1" type="stmt"/>
        <line num="216" count="1" type="stmt"/>
        <line num="223" count="1" type="stmt"/>
        <line num="241" count="34" type="stmt"/>
        <line num="242" count="34" type="stmt"/>
        <line num="245" count="32" type="stmt"/>
        <line num="247" count="2" type="stmt"/>
        <line num="260" count="0" type="stmt"/>
        <line num="261" count="0" type="stmt"/>
        <line num="264" count="0" type="stmt"/>
        <line num="266" count="0" type="stmt"/>
        <line num="279" count="35" type="cond" truecount="2" falsecount="0"/>
        <line num="289" count="24" type="stmt"/>
        <line num="291" count="24" type="cond" truecount="2" falsecount="0"/>
        <line num="292" count="6" type="stmt"/>
        <line num="294" count="18" type="cond" truecount="4" falsecount="0"/>
        <line num="295" count="4" type="stmt"/>
        <line num="297" count="14" type="cond" truecount="2" falsecount="0"/>
        <line num="298" count="2" type="stmt"/>
        <line num="300" count="12" type="cond" truecount="2" falsecount="0"/>
        <line num="301" count="2" type="stmt"/>
        <line num="303" count="10" type="cond" truecount="2" falsecount="0"/>
        <line num="304" count="2" type="stmt"/>
        <line num="307" count="8" type="stmt"/>
        <line num="317" count="12" type="stmt"/>
        <line num="320" count="12" type="cond" truecount="2" falsecount="0"/>
        <line num="325" count="4" type="stmt"/>
        <line num="329" count="8" type="cond" truecount="2" falsecount="0"/>
        <line num="330" count="1" type="stmt"/>
        <line num="334" count="7" type="cond" truecount="2" falsecount="0"/>
        <line num="339" count="5" type="stmt"/>
        <line num="342" count="2" type="stmt"/>
        <line num="358" count="35" type="cond" truecount="2" falsecount="0"/>
        <line num="359" count="25" type="stmt"/>
        <line num="360" count="25" type="stmt"/>
        <line num="362" count="2" type="stmt"/>
        <line num="370" count="10" type="cond" truecount="2" falsecount="0"/>
        <line num="371" count="6" type="stmt"/>
        <line num="372" count="6" type="stmt"/>
        <line num="374" count="1" type="stmt"/>
        <line num="382" count="4" type="cond" truecount="4" falsecount="0"/>
        <line num="384" count="3" type="stmt"/>
        <line num="389" count="3" type="stmt"/>
        <line num="390" count="3" type="stmt"/>
        <line num="392" count="0" type="stmt"/>
        <line num="401" count="1" type="stmt"/>
        <line num="415" count="43" type="stmt"/>
        <line num="416" count="43" type="stmt"/>
        <line num="417" count="43" type="stmt"/>
        <line num="435" count="32" type="stmt"/>
        <line num="437" count="32" type="cond" truecount="2" falsecount="0"/>
        <line num="441" count="32" type="stmt"/>
        <line num="442" count="32" type="cond" truecount="3" falsecount="1"/>
        <line num="444" count="0" type="stmt"/>
        <line num="447" count="32" type="stmt"/>
        <line num="450" count="2" type="stmt"/>
        <line num="465" count="30" type="cond" truecount="4" falsecount="0"/>
        <line num="466" count="2" type="stmt"/>
        <line num="481" count="28" type="cond" truecount="2" falsecount="0"/>
        <line num="483" count="28" type="cond" truecount="1" falsecount="1"/>
        <line num="484" count="0" type="stmt"/>
        <line num="499" count="28" type="stmt"/>
        <line num="502" count="28" type="cond" truecount="2" falsecount="0"/>
        <line num="503" count="3" type="stmt"/>
        <line num="519" count="25" type="cond" truecount="2" falsecount="0"/>
        <line num="520" count="2" type="stmt"/>
        <line num="527" count="23" type="stmt"/>
        <line num="528" count="23" type="stmt"/>
        <line num="538" count="25" type="cond" truecount="2" falsecount="0"/>
        <line num="539" count="3" type="stmt"/>
        <line num="554" count="22" type="stmt"/>
        <line num="560" count="21" type="stmt"/>
        <line num="570" count="1" type="stmt"/>
        <line num="600" count="22" type="stmt"/>
        <line num="607" count="38" type="stmt"/>
        <line num="618" count="21" type="stmt"/>
        <line num="621" count="21" type="stmt"/>
        <line num="623" count="21" type="stmt"/>
        <line num="637" count="3" type="stmt"/>
        <line num="639" count="3" type="stmt"/>
        <line num="642" count="3" type="stmt"/>
        <line num="643" count="3" type="cond" truecount="1" falsecount="1"/>
        <line num="644" count="3" type="stmt"/>
        <line num="645" count="3" type="cond" truecount="1" falsecount="1"/>
        <line num="649" count="3" type="stmt"/>
        <line num="651" count="3" type="cond" truecount="2" falsecount="0"/>
        <line num="653" count="2" type="stmt"/>
        <line num="654" count="2" type="stmt"/>
        <line num="655" count="2" type="stmt"/>
        <line num="657" count="2" type="cond" truecount="2" falsecount="0"/>
        <line num="658" count="1" type="stmt"/>
        <line num="672" count="1" type="stmt"/>
        <line num="674" count="0" type="stmt"/>
        <line num="689" count="1" type="stmt"/>
        <line num="691" count="0" type="stmt"/>
        <line num="714" count="0" type="stmt"/>
        <line num="716" count="0" type="cond" truecount="0" falsecount="2"/>
        <line num="717" count="0" type="cond" truecount="0" falsecount="2"/>
        <line num="718" count="0" type="stmt"/>
        <line num="732" count="0" type="stmt"/>
        <line num="743" count="0" type="stmt"/>
        <line num="755" count="2" type="stmt"/>
      </file>
      <file name="MultiFileImporter.ts" path="C:\Users\gutao\Desktop\Projeto\organizador\gg-economy-mobile\src\services\import\MultiFileImporter.ts">
        <metrics statements="56" coveredstatements="0" conditionals="32" coveredconditionals="0" methods="8" coveredmethods="0"/>
        <line num="35" count="0" type="stmt"/>
        <line num="41" count="0" type="stmt"/>
        <line num="42" count="0" type="stmt"/>
        <line num="56" count="0" type="stmt"/>
        <line num="57" count="0" type="stmt"/>
        <line num="58" count="0" type="stmt"/>
        <line num="59" count="0" type="stmt"/>
        <line num="61" count="0" type="stmt"/>
        <line num="62" count="0" type="stmt"/>
        <line num="63" count="0" type="stmt"/>
        <line num="64" count="0" type="stmt"/>
        <line num="65" count="0" type="stmt"/>
        <line num="68" count="0" type="stmt"/>
        <line num="70" count="0" type="cond" truecount="0" falsecount="4"/>
        <line num="72" count="0" type="stmt"/>
        <line num="73" count="0" type="stmt"/>
        <line num="83" count="0" type="stmt"/>
        <line num="85" count="0" type="stmt"/>
        <line num="88" count="0" type="stmt"/>
        <line num="91" count="0" type="stmt"/>
        <line num="99" count="0" type="stmt"/>
        <line num="101" count="0" type="stmt"/>
        <line num="102" count="0" type="stmt"/>
        <line num="104" count="0" type="cond" truecount="0" falsecount="2"/>
        <line num="105" count="0" type="stmt"/>
        <line num="106" count="0" type="stmt"/>
        <line num="109" count="0" type="cond" truecount="0" falsecount="2"/>
        <line num="114" count="0" type="stmt"/>
        <line num="115" count="0" type="cond" truecount="0" falsecount="4"/>
        <line num="116" count="0" type="stmt"/>
        <line num="121" count="0" type="stmt"/>
        <line num="130" count="0" type="stmt"/>
        <line num="135" count="0" type="stmt"/>
        <line num="143" count="0" type="stmt"/>
        <line num="145" count="0" type="cond" truecount="0" falsecount="2"/>
        <line num="146" count="0" type="stmt"/>
        <line num="150" count="0" type="stmt"/>
        <line num="161" count="0" type="stmt"/>
        <line num="163" count="0" type="stmt"/>
        <line num="179" count="0" type="stmt"/>
        <line num="194" count="0" type="stmt"/>
        <line num="205" count="0" type="stmt"/>
        <line num="207" count="0" type="stmt"/>
        <line num="210" count="0" type="stmt"/>
        <line num="216" count="0" type="cond" truecount="0" falsecount="4"/>
        <line num="217" count="0" type="stmt"/>
        <line num="230" count="0" type="stmt"/>
        <line num="236" count="0" type="stmt"/>
        <line num="237" count="0" type="stmt"/>
        <line num="241" count="0" type="stmt"/>
        <line num="251" count="0" type="stmt"/>
        <line num="259" count="0" type="stmt"/>
        <line num="282" count="0" type="stmt"/>
        <line num="292" count="0" type="cond" truecount="0" falsecount="2"/>
        <line num="293" count="0" type="stmt"/>
        <line num="301" count="0" type="stmt"/>
      </file>
      <file name="OfxParser.ts" path="C:\Users\gutao\Desktop\Projeto\organizador\gg-economy-mobile\src\services\import\OfxParser.ts">
        <metrics statements="158" coveredstatements="155" conditionals="107" coveredconditionals="101" methods="14" coveredmethods="14"/>
        <line num="103" count="1332" type="stmt"/>
        <line num="104" count="1332" type="stmt"/>
        <line num="105" count="1332" type="stmt"/>
        <line num="107" count="1332" type="cond" truecount="4" falsecount="0"/>
        <line num="108" count="1" type="stmt"/>
        <line num="118" count="1331" type="stmt"/>
        <line num="124" count="1331" type="cond" truecount="2" falsecount="0"/>
        <line num="125" count="1" type="stmt"/>
        <line num="135" count="1330" type="stmt"/>
        <line num="138" count="1330" type="stmt"/>
        <line num="140" count="1330" type="cond" truecount="2" falsecount="0"/>
        <line num="141" count="1" type="stmt"/>
        <line num="142" count="1" type="stmt"/>
        <line num="153" count="1329" type="stmt"/>
        <line num="154" count="7932" type="stmt"/>
        <line num="155" count="7932" type="stmt"/>
        <line num="156" count="7932" type="stmt"/>
        <line num="158" count="7924" type="cond" truecount="1" falsecount="1"/>
        <line num="159" count="7924" type="stmt"/>
        <line num="162" count="8" type="stmt"/>
        <line num="170" count="1329" type="stmt"/>
        <line num="185" count="1331" type="cond" truecount="2" falsecount="0"/>
        <line num="186" count="1331" type="stmt"/>
        <line num="187" count="1331" type="cond" truecount="2" falsecount="0"/>
        <line num="189" count="1331" type="cond" truecount="3" falsecount="0"/>
        <line num="196" count="1330" type="stmt"/>
        <line num="199" count="1330" type="stmt"/>
        <line num="200" count="1330" type="cond" truecount="2" falsecount="0"/>
        <line num="201" count="2" type="stmt"/>
        <line num="205" count="1330" type="stmt"/>
        <line num="206" count="1330" type="cond" truecount="2" falsecount="0"/>
        <line num="207" count="2" type="stmt"/>
        <line num="211" count="1330" type="stmt"/>
        <line num="212" count="1330" type="cond" truecount="2" falsecount="0"/>
        <line num="213" count="2" type="stmt"/>
        <line num="216" count="1330" type="cond" truecount="2" falsecount="0"/>
        <line num="225" count="1333" type="stmt"/>
        <line num="229" count="1333" type="stmt"/>
        <line num="232" count="1333" type="stmt"/>
        <line num="233" count="7939" type="stmt"/>
        <line num="234" count="7939" type="cond" truecount="1" falsecount="1"/>
        <line num="235" count="7939" type="stmt"/>
        <line num="239" count="1333" type="stmt"/>
        <line num="246" count="7932" type="stmt"/>
        <line num="249" count="7932" type="stmt"/>
        <line num="250" count="7932" type="cond" truecount="2" falsecount="0"/>
        <line num="251" count="7912" type="stmt"/>
        <line num="255" count="7932" type="stmt"/>
        <line num="256" count="7932" type="cond" truecount="2" falsecount="0"/>
        <line num="257" count="7930" type="stmt"/>
        <line num="261" count="7932" type="stmt"/>
        <line num="262" count="7932" type="cond" truecount="2" falsecount="0"/>
        <line num="263" count="7930" type="stmt"/>
        <line num="267" count="7932" type="stmt"/>
        <line num="268" count="7932" type="cond" truecount="2" falsecount="0"/>
        <line num="269" count="7930" type="stmt"/>
        <line num="273" count="7932" type="stmt"/>
        <line num="274" count="7932" type="cond" truecount="2" falsecount="0"/>
        <line num="275" count="7929" type="stmt"/>
        <line num="279" count="7932" type="stmt"/>
        <line num="280" count="7932" type="cond" truecount="2" falsecount="0"/>
        <line num="281" count="5" type="stmt"/>
        <line num="285" count="7932" type="stmt"/>
        <line num="286" count="7932" type="cond" truecount="1" falsecount="1"/>
        <line num="287" count="0" type="stmt"/>
        <line num="291" count="7932" type="stmt"/>
        <line num="292" count="7932" type="cond" truecount="1" falsecount="1"/>
        <line num="293" count="0" type="stmt"/>
        <line num="296" count="7932" type="stmt"/>
        <line num="304" count="7932" type="cond" truecount="2" falsecount="0"/>
        <line num="305" count="2" type="stmt"/>
        <line num="308" count="7930" type="cond" truecount="2" falsecount="0"/>
        <line num="309" count="1" type="stmt"/>
        <line num="313" count="7929" type="stmt"/>
        <line num="314" count="7929" type="cond" truecount="2" falsecount="0"/>
        <line num="315" count="3" type="stmt"/>
        <line num="319" count="7926" type="stmt"/>
        <line num="320" count="7926" type="cond" truecount="2" falsecount="0"/>
        <line num="321" count="1" type="stmt"/>
        <line num="325" count="7925" type="stmt"/>
        <line num="326" count="7925" type="cond" truecount="2" falsecount="0"/>
        <line num="327" count="1" type="stmt"/>
        <line num="330" count="7924" type="stmt"/>
        <line num="344" count="7925" type="cond" truecount="4" falsecount="0"/>
        <line num="346" count="4" type="cond" truecount="2" falsecount="0"/>
        <line num="347" count="3" type="stmt"/>
        <line num="349" count="1" type="stmt"/>
        <line num="352" count="7921" type="cond" truecount="3" falsecount="0"/>
        <line num="368" count="7945" type="cond" truecount="4" falsecount="0"/>
        <line num="369" count="1" type="stmt"/>
        <line num="374" count="7944" type="stmt"/>
        <line num="377" count="7944" type="cond" truecount="2" falsecount="0"/>
        <line num="378" count="5" type="stmt"/>
        <line num="382" count="7939" type="stmt"/>
        <line num="383" count="7939" type="stmt"/>
        <line num="384" count="7939" type="stmt"/>
        <line num="387" count="7939" type="cond" truecount="5" falsecount="0"/>
        <line num="388" count="1" type="stmt"/>
        <line num="392" count="7938" type="cond" truecount="3" falsecount="1"/>
        <line num="393" count="0" type="stmt"/>
        <line num="396" count="7938" type="cond" truecount="4" falsecount="0"/>
        <line num="397" count="1" type="stmt"/>
        <line num="400" count="7937" type="cond" truecount="4" falsecount="0"/>
        <line num="401" count="1" type="stmt"/>
        <line num="405" count="7936" type="stmt"/>
        <line num="408" count="7936" type="cond" truecount="2" falsecount="0"/>
        <line num="413" count="2" type="stmt"/>
        <line num="416" count="7934" type="stmt"/>
        <line num="429" count="7938" type="cond" truecount="4" falsecount="0"/>
        <line num="430" count="1" type="stmt"/>
        <line num="434" count="7937" type="stmt"/>
        <line num="437" count="7937" type="stmt"/>
        <line num="440" count="7937" type="cond" truecount="3" falsecount="0"/>
        <line num="441" count="7937" type="stmt"/>
        <line num="444" count="7937" type="stmt"/>
        <line num="446" count="7937" type="cond" truecount="2" falsecount="0"/>
        <line num="447" count="3" type="stmt"/>
        <line num="451" count="7934" type="cond" truecount="2" falsecount="0"/>
        <line num="461" count="7909" type="stmt"/>
        <line num="462" count="7909" type="stmt"/>
        <line num="463" count="7909" type="stmt"/>
        <line num="465" count="7909" type="stmt"/>
        <line num="475" count="1304" type="stmt"/>
        <line num="478" count="1304" type="stmt"/>
        <line num="479" count="1304" type="stmt"/>
        <line num="480" count="1304" type="stmt"/>
        <line num="481" count="1304" type="stmt"/>
        <line num="482" count="1304" type="stmt"/>
        <line num="483" count="1304" type="stmt"/>
        <line num="484" count="1304" type="stmt"/>
        <line num="485" count="1304" type="stmt"/>
        <line num="486" count="1304" type="stmt"/>
        <line num="487" count="1304" type="stmt"/>
        <line num="488" count="1304" type="stmt"/>
        <line num="489" count="1304" type="stmt"/>
        <line num="490" count="1304" type="stmt"/>
        <line num="491" count="1304" type="stmt"/>
        <line num="492" count="1304" type="stmt"/>
        <line num="495" count="1304" type="stmt"/>
        <line num="496" count="7900" type="stmt"/>
        <line num="497" count="7900" type="cond" truecount="2" falsecount="0"/>
        <line num="498" count="7900" type="stmt"/>
        <line num="499" count="7900" type="stmt"/>
        <line num="500" count="7900" type="cond" truecount="2" falsecount="0"/>
        <line num="501" count="7900" type="stmt"/>
        <line num="502" count="7900" type="stmt"/>
        <line num="505" count="1304" type="stmt"/>
        <line num="506" count="1304" type="stmt"/>
        <line num="507" count="1304" type="stmt"/>
        <line num="508" count="1304" type="stmt"/>
        <line num="509" count="1304" type="stmt"/>
        <line num="511" count="1304" type="stmt"/>
        <line num="518" count="4" type="stmt"/>
        <line num="519" count="4" type="stmt"/>
        <line num="520" count="4" type="stmt"/>
        <line num="527" count="7900" type="stmt"/>
        <line num="537" count="7934" type="stmt"/>
        <line num="549" count="4" type="stmt"/>
      </file>
      <file name="index.ts" path="C:\Users\gutao\Desktop\Projeto\organizador\gg-economy-mobile\src\services\import\index.ts">
        <metrics statements="0" coveredstatements="0" conditionals="0" coveredconditionals="0" methods="0" coveredmethods="0"/>
      </file>
      <file name="types.ts" path="C:\Users\gutao\Desktop\Projeto\organizador\gg-economy-mobile\src\services\import\types.ts">
        <metrics statements="0" coveredstatements="0" conditionals="0" coveredconditionals="0" methods="0" coveredmethods="0"/>
      </file>
    </package>
  </project>
</coverage>
