{
  "C:\\Users\\gutao\\Desktop\\Projeto\\organizador\\gg-economy-mobile\\src\\components\\import\\ImportSummary.tsx": {
    "path": "C:\\Users\\gutao\\Desktop\\Projeto\\organizador\\gg-economy-mobile\\src\\components\\import\\ImportSummary.tsx",
    "statementMap": {
      "0": { "start": { "line": 48, "column": 22 }, "end": { "line": 52, "column": 1 } },
      "1": { "start": { "line": 49, "column": 2 }, "end": { "line": 49, "column": 39 } },
      "2": { "start": { "line": 49, "column": 23 }, "end": { "line": 49, "column": 39 } },
      "3": { "start": { "line": 50, "column": 2 }, "end": { "line": 50, "column": 51 } },
      "4": { "start": { "line": 50, "column": 34 }, "end": { "line": 50, "column": 51 } },
      "5": { "start": { "line": 51, "column": 2 }, "end": { "line": 51, "column": 19 } },
      "6": { "start": { "line": 57, "column": 49 }, "end": { "line": 61, "column": 1 } },
      "7": { "start": { "line": 66, "column": 23 }, "end": { "line": 134, "column": 2 } },
      "8": { "start": { "line": 71, "column": 16 }, "end": { "line": 71, "column": 32 } },
      "9": { "start": { "line": 72, "column": 17 }, "end": { "line": 72, "column": 38 } },
      "10": { "start": { "line": 73, "column": 21 }, "end": { "line": 73, "column": 41 } },
      "11": { "start": { "line": 75, "column": 24 }, "end": { "line": 96, "column": 3 } },
      "12": { "start": { "line": 76, "column": 4 }, "end": { "line": 78, "column": 5 } },
      "13": { "start": { "line": 77, "column": 6 }, "end": { "line": 77, "column": 34 } },
      "14": { "start": { "line": 79, "column": 4 }, "end": { "line": 94, "column": 5 } },
      "15": { "start": { "line": 80, "column": 30 }, "end": { "line": 80, "column": 32 } },
      "16": { "start": { "line": 81, "column": 6 }, "end": { "line": 85, "column": 8 } },
      "17": { "start": { "line": 86, "column": 6 }, "end": { "line": 92, "column": 7 } },
      "18": { "start": { "line": 87, "column": 8 }, "end": { "line": 91, "column": 10 } },
      "19": { "start": { "line": 93, "column": 6 }, "end": { "line": 93, "column": 31 } },
      "20": { "start": { "line": 95, "column": 4 }, "end": { "line": 95, "column": 38 } },
      "21": { "start": { "line": 98, "column": 2 }, "end": { "line": 133, "column": 4 } },
      "22": { "start": { "line": 139, "column": 36 }, "end": { "line": 144, "column": 10 } },
      "23": { "start": { "line": 181, "column": 16 }, "end": { "line": 181, "column": 32 } },
      "24": { "start": { "line": 184, "column": 26 }, "end": { "line": 194, "column": 3 } },
      "25": { "start": { "line": 186, "column": 6 }, "end": { "line": 188, "column": 36 } },
      "26": { "start": { "line": 196, "column": 26 }, "end": { "line": 199, "column": 3 } },
      "27": { "start": { "line": 197, "column": 10 }, "end": { "line": 197, "column": 60 } },
      "28": { "start": { "line": 197, "column": 43 }, "end": { "line": 197, "column": 52 } },
      "29": { "start": { "line": 201, "column": 27 }, "end": { "line": 201, "column": 52 } },
      "30": { "start": { "line": 202, "column": 25 }, "end": { "line": 202, "column": 95 } },
      "31": { "start": { "line": 203, "column": 25 }, "end": { "line": 203, "column": 45 } },
      "32": { "start": { "line": 204, "column": 31 }, "end": { "line": 204, "column": 67 } },
      "33": { "start": { "line": 209, "column": 27 }, "end": { "line": 211, "column": 20 } },
      "34": { "start": { "line": 210, "column": 4 }, "end": { "line": 210, "column": 19 } },
      "35": { "start": { "line": 216, "column": 28 }, "end": { "line": 218, "column": 21 } },
      "36": { "start": { "line": 217, "column": 4 }, "end": { "line": 217, "column": 20 } },
      "37": { "start": { "line": 223, "column": 22 }, "end": { "line": 225, "column": 15 } },
      "38": { "start": { "line": 224, "column": 4 }, "end": { "line": 224, "column": 14 } },
      "39": { "start": { "line": 230, "column": 27 }, "end": { "line": 233, "column": 3 } },
      "40": { "start": { "line": 231, "column": 46 }, "end": { "line": 231, "column": 78 } },
      "41": { "start": { "line": 235, "column": 23 }, "end": { "line": 238, "column": 3 } },
      "42": { "start": { "line": 236, "column": 32 }, "end": { "line": 236, "column": 45 } },
      "43": { "start": { "line": 241, "column": 31 }, "end": { "line": 245, "column": 3 } },
      "44": { "start": { "line": 242, "column": 4 }, "end": { "line": 242, "column": 35 } },
      "45": { "start": { "line": 242, "column": 24 }, "end": { "line": 242, "column": 35 } },
      "46": { "start": { "line": 243, "column": 4 }, "end": { "line": 243, "column": 36 } },
      "47": { "start": { "line": 243, "column": 24 }, "end": { "line": 243, "column": 36 } },
      "48": { "start": { "line": 244, "column": 4 }, "end": { "line": 244, "column": 15 } },
      "49": { "start": { "line": 247, "column": 31 }, "end": { "line": 258, "column": 3 } },
      "50": { "start": { "line": 248, "column": 4 }, "end": { "line": 250, "column": 5 } },
      "51": { "start": { "line": 249, "column": 6 }, "end": { "line": 249, "column": 48 } },
      "52": { "start": { "line": 251, "column": 4 }, "end": { "line": 256, "column": 5 } },
      "53": { "start": { "line": 252, "column": 6 }, "end": { "line": 255, "column": 9 } },
      "54": { "start": { "line": 257, "column": 4 }, "end": { "line": 257, "column": 47 } },
      "55": { "start": { "line": 260, "column": 2 }, "end": { "line": 458, "column": 4 } },
      "56": { "start": { "line": 298, "column": 16 }, "end": { "line": 303, "column": 23 } },
      "57": { "start": { "line": 464, "column": 15 }, "end": { "line": 698, "column": 2 } },
      "58": { "start": { "line": 703, "column": 29 }, "end": { "line": 703, "column": 57 } }
    },
    "fnMap": {
      "0": {
        "name": "(anonymous_0)",
        "decl": { "start": { "line": 48, "column": 22 }, "end": { "line": 48, "column": 23 } },
        "loc": { "start": { "line": 48, "column": 64 }, "end": { "line": 52, "column": 1 } },
        "line": 48
      },
      "1": {
        "name": "FileResultItem",
        "decl": { "start": { "line": 66, "column": 37 }, "end": { "line": 66, "column": 51 } },
        "loc": { "start": { "line": 70, "column": 16 }, "end": { "line": 134, "column": 1 } },
        "line": 70
      },
      "2": {
        "name": "(anonymous_2)",
        "decl": { "start": { "line": 75, "column": 24 }, "end": { "line": 75, "column": 25 } },
        "loc": { "start": { "line": 75, "column": 38 }, "end": { "line": 96, "column": 3 } },
        "line": 75
      },
      "3": {
        "name": "ImportSummaryComponent",
        "decl": { "start": { "line": 175, "column": 9 }, "end": { "line": 175, "column": 31 } },
        "loc": { "start": { "line": 180, "column": 36 }, "end": { "line": 459, "column": 1 } },
        "line": 180
      },
      "4": {
        "name": "(anonymous_4)",
        "decl": { "start": { "line": 185, "column": 4 }, "end": { "line": 185, "column": 5 } },
        "loc": { "start": { "line": 186, "column": 6 }, "end": { "line": 188, "column": 36 } },
        "line": 186
      },
      "5": {
        "name": "(anonymous_5)",
        "decl": { "start": { "line": 197, "column": 4 }, "end": { "line": 197, "column": 5 } },
        "loc": { "start": { "line": 197, "column": 10 }, "end": { "line": 197, "column": 60 } },
        "line": 197
      },
      "6": {
        "name": "(anonymous_6)",
        "decl": { "start": { "line": 197, "column": 36 }, "end": { "line": 197, "column": 37 } },
        "loc": { "start": { "line": 197, "column": 43 }, "end": { "line": 197, "column": 52 } },
        "line": 197
      },
      "7": {
        "name": "(anonymous_7)",
        "decl": { "start": { "line": 209, "column": 39 }, "end": { "line": 209, "column": 40 } },
        "loc": { "start": { "line": 209, "column": 45 }, "end": { "line": 211, "column": 3 } },
        "line": 209
      },
      "8": {
        "name": "(anonymous_8)",
        "decl": { "start": { "line": 216, "column": 40 }, "end": { "line": 216, "column": 41 } },
        "loc": { "start": { "line": 216, "column": 46 }, "end": { "line": 218, "column": 3 } },
        "line": 216
      },
      "9": {
        "name": "(anonymous_9)",
        "decl": { "start": { "line": 223, "column": 34 }, "end": { "line": 223, "column": 35 } },
        "loc": { "start": { "line": 223, "column": 40 }, "end": { "line": 225, "column": 3 } },
        "line": 223
      },
      "10": {
        "name": "(anonymous_10)",
        "decl": { "start": { "line": 231, "column": 4 }, "end": { "line": 231, "column": 5 } },
        "loc": { "start": { "line": 231, "column": 46 }, "end": { "line": 231, "column": 78 } },
        "line": 231
      },
      "11": {
        "name": "(anonymous_11)",
        "decl": { "start": { "line": 236, "column": 4 }, "end": { "line": 236, "column": 5 } },
        "loc": { "start": { "line": 236, "column": 32 }, "end": { "line": 236, "column": 45 } },
        "line": 236
      },
      "12": {
        "name": "(anonymous_12)",
        "decl": { "start": { "line": 241, "column": 31 }, "end": { "line": 241, "column": 32 } },
        "loc": { "start": { "line": 241, "column": 45 }, "end": { "line": 245, "column": 3 } },
        "line": 241
      },
      "13": {
        "name": "(anonymous_13)",
        "decl": { "start": { "line": 247, "column": 31 }, "end": { "line": 247, "column": 32 } },
        "loc": { "start": { "line": 247, "column": 45 }, "end": { "line": 258, "column": 3 } },
        "line": 247
      },
      "14": {
        "name": "(anonymous_14)",
        "decl": { "start": { "line": 297, "column": 47 }, "end": { "line": 297, "column": 48 } },
        "loc": { "start": { "line": 298, "column": 16 }, "end": { "line": 303, "column": 23 } },
        "line": 298
      }
    },
    "branchMap": {
      "0": {
        "loc": { "start": { "line": 49, "column": 2 }, "end": { "line": 49, "column": 39 } },
        "type": "if",
        "locations": [
          { "start": { "line": 49, "column": 2 }, "end": { "line": 49, "column": 39 } },
          { "start": {}, "end": {} }
        ],
        "line": 49
      },
      "1": {
        "loc": { "start": { "line": 50, "column": 2 }, "end": { "line": 50, "column": 51 } },
        "type": "if",
        "locations": [
          { "start": { "line": 50, "column": 2 }, "end": { "line": 50, "column": 51 } },
          { "start": {}, "end": {} }
        ],
        "line": 50
      },
      "2": {
        "loc": { "start": { "line": 76, "column": 4 }, "end": { "line": 78, "column": 5 } },
        "type": "if",
        "locations": [
          { "start": { "line": 76, "column": 4 }, "end": { "line": 78, "column": 5 } },
          { "start": {}, "end": {} }
        ],
        "line": 76
      },
      "3": {
        "loc": { "start": { "line": 76, "column": 8 }, "end": { "line": 76, "column": 39 } },
        "type": "binary-expr",
        "locations": [
          { "start": { "line": 76, "column": 8 }, "end": { "line": 76, "column": 23 } },
          { "start": { "line": 76, "column": 27 }, "end": { "line": 76, "column": 39 } }
        ],
        "line": 76
      },
      "4": {
        "loc": { "start": { "line": 79, "column": 4 }, "end": { "line": 94, "column": 5 } },
        "type": "if",
        "locations": [
          { "start": { "line": 79, "column": 4 }, "end": { "line": 94, "column": 5 } },
          { "start": {}, "end": {} }
        ],
        "line": 79
      },
      "5": {
        "loc": { "start": { "line": 86, "column": 6 }, "end": { "line": 92, "column": 7 } },
        "type": "if",
        "locations": [
          { "start": { "line": 86, "column": 6 }, "end": { "line": 92, "column": 7 } },
          { "start": {}, "end": {} }
        ],
        "line": 86
      },
      "6": {
        "loc": { "start": { "line": 102, "column": 8 }, "end": { "line": 102, "column": 54 } },
        "type": "binary-expr",
        "locations": [
          { "start": { "line": 102, "column": 8 }, "end": { "line": 102, "column": 23 } },
          { "start": { "line": 102, "column": 27 }, "end": { "line": 102, "column": 54 } }
        ],
        "line": 102
      },
      "7": {
        "loc": { "start": { "line": 114, "column": 14 }, "end": { "line": 114, "column": 60 } },
        "type": "binary-expr",
        "locations": [
          { "start": { "line": 114, "column": 14 }, "end": { "line": 114, "column": 29 } },
          { "start": { "line": 114, "column": 33 }, "end": { "line": 114, "column": 60 } }
        ],
        "line": 114
      },
      "8": {
        "loc": { "start": { "line": 123, "column": 14 }, "end": { "line": 123, "column": 61 } },
        "type": "binary-expr",
        "locations": [
          { "start": { "line": 123, "column": 14 }, "end": { "line": 123, "column": 29 } },
          { "start": { "line": 123, "column": 33 }, "end": { "line": 123, "column": 61 } }
        ],
        "line": 123
      },
      "9": {
        "loc": { "start": { "line": 202, "column": 25 }, "end": { "line": 202, "column": 95 } },
        "type": "binary-expr",
        "locations": [
          { "start": { "line": 202, "column": 25 }, "end": { "line": 202, "column": 71 } },
          { "start": { "line": 202, "column": 75 }, "end": { "line": 202, "column": 95 } }
        ],
        "line": 202
      },
      "10": {
        "loc": { "start": { "line": 242, "column": 4 }, "end": { "line": 242, "column": 35 } },
        "type": "if",
        "locations": [
          { "start": { "line": 242, "column": 4 }, "end": { "line": 242, "column": 35 } },
          { "start": {}, "end": {} }
        ],
        "line": 242
      },
      "11": {
        "loc": { "start": { "line": 243, "column": 4 }, "end": { "line": 243, "column": 36 } },
        "type": "if",
        "locations": [
          { "start": { "line": 243, "column": 4 }, "end": { "line": 243, "column": 36 } },
          { "start": {}, "end": {} }
        ],
        "line": 243
      },
      "12": {
        "loc": { "start": { "line": 248, "column": 4 }, "end": { "line": 250, "column": 5 } },
        "type": "if",
        "locations": [
          { "start": { "line": 248, "column": 4 }, "end": { "line": 250, "column": 5 } },
          { "start": {}, "end": {} }
        ],
        "line": 248
      },
      "13": {
        "loc": { "start": { "line": 251, "column": 4 }, "end": { "line": 256, "column": 5 } },
        "type": "if",
        "locations": [
          { "start": { "line": 251, "column": 4 }, "end": { "line": 256, "column": 5 } },
          { "start": {}, "end": {} }
        ],
        "line": 251
      },
      "14": {
        "loc": { "start": { "line": 276, "column": 14 }, "end": { "line": 276, "column": 54 } },
        "type": "binary-expr",
        "locations": [
          { "start": { "line": 276, "column": 14 }, "end": { "line": 276, "column": 28 } },
          { "start": { "line": 276, "column": 32 }, "end": { "line": 276, "column": 54 } }
        ],
        "line": 276
      },
      "15": {
        "loc": { "start": { "line": 285, "column": 9 }, "end": { "line": 307, "column": 9 } },
        "type": "binary-expr",
        "locations": [
          { "start": { "line": 285, "column": 9 }, "end": { "line": 285, "column": 23 } },
          { "start": { "line": 286, "column": 10 }, "end": { "line": 306, "column": 17 } }
        ],
        "line": 285
      },
      "16": {
        "loc": { "start": { "line": 310, "column": 9 }, "end": { "line": 345, "column": 9 } },
        "type": "binary-expr",
        "locations": [
          { "start": { "line": 310, "column": 9 }, "end": { "line": 310, "column": 24 } },
          { "start": { "line": 311, "column": 10 }, "end": { "line": 344, "column": 17 } }
        ],
        "line": 310
      },
      "17": {
        "loc": { "start": { "line": 325, "column": 42 }, "end": { "line": 325, "column": 88 } },
        "type": "binary-expr",
        "locations": [
          { "start": { "line": 325, "column": 42 }, "end": { "line": 325, "column": 61 } },
          { "start": { "line": 325, "column": 65 }, "end": { "line": 325, "column": 88 } }
        ],
        "line": 325
      },
      "18": {
        "loc": { "start": { "line": 348, "column": 9 }, "end": { "line": 384, "column": 9 } },
        "type": "binary-expr",
        "locations": [
          { "start": { "line": 348, "column": 9 }, "end": { "line": 348, "column": 24 } },
          { "start": { "line": 348, "column": 28 }, "end": { "line": 348, "column": 47 } },
          { "start": { "line": 349, "column": 10 }, "end": { "line": 383, "column": 17 } }
        ],
        "line": 348
      },
      "19": {
        "loc": { "start": { "line": 353, "column": 13 }, "end": { "line": 362, "column": 13 } },
        "type": "binary-expr",
        "locations": [
          { "start": { "line": 353, "column": 13 }, "end": { "line": 353, "column": 45 } },
          { "start": { "line": 354, "column": 14 }, "end": { "line": 361, "column": 21 } }
        ],
        "line": 353
      },
      "20": {
        "loc": { "start": { "line": 363, "column": 13 }, "end": { "line": 372, "column": 13 } },
        "type": "binary-expr",
        "locations": [
          { "start": { "line": 363, "column": 13 }, "end": { "line": 363, "column": 48 } },
          { "start": { "line": 364, "column": 14 }, "end": { "line": 371, "column": 21 } }
        ],
        "line": 363
      },
      "21": {
        "loc": { "start": { "line": 373, "column": 13 }, "end": { "line": 382, "column": 13 } },
        "type": "binary-expr",
        "locations": [
          { "start": { "line": 373, "column": 13 }, "end": { "line": 373, "column": 47 } },
          { "start": { "line": 374, "column": 14 }, "end": { "line": 381, "column": 21 } }
        ],
        "line": 373
      },
      "22": {
        "loc": { "start": { "line": 404, "column": 9 }, "end": { "line": 417, "column": 9 } },
        "type": "binary-expr",
        "locations": [
          { "start": { "line": 404, "column": 9 }, "end": { "line": 404, "column": 23 } },
          { "start": { "line": 405, "column": 10 }, "end": { "line": 416, "column": 29 } }
        ],
        "line": 404
      },
      "23": {
        "loc": { "start": { "line": 420, "column": 9 }, "end": { "line": 433, "column": 9 } },
        "type": "binary-expr",
        "locations": [
          { "start": { "line": 420, "column": 9 }, "end": { "line": 420, "column": 29 } },
          { "start": { "line": 421, "column": 10 }, "end": { "line": 432, "column": 29 } }
        ],
        "line": 420
      },
      "24": {
        "loc": { "start": { "line": 439, "column": 12 }, "end": { "line": 439, "column": 81 } },
        "type": "binary-expr",
        "locations": [
          { "start": { "line": 439, "column": 12 }, "end": { "line": 439, "column": 33 } },
          { "start": { "line": 439, "column": 37 }, "end": { "line": 439, "column": 52 } },
          { "start": { "line": 439, "column": 56 }, "end": { "line": 439, "column": 81 } }
        ],
        "line": 439
      },
      "25": {
        "loc": { "start": { "line": 450, "column": 14 }, "end": { "line": 450, "column": 87 } },
        "type": "binary-expr",
        "locations": [
          { "start": { "line": 450, "column": 14 }, "end": { "line": 450, "column": 35 } },
          { "start": { "line": 450, "column": 39 }, "end": { "line": 450, "column": 54 } },
          { "start": { "line": 450, "column": 58 }, "end": { "line": 450, "column": 87 } }
        ],
        "line": 450
      }
    },
    "s": {
      "0": 1,
      "1": 97,
      "2": 28,
      "3": 69,
      "4": 65,
      "5": 4,
      "6": 1,
      "7": 1,
      "8": 97,
      "9": 97,
      "10": 97,
      "11": 97,
      "12": 97,
      "13": 28,
      "14": 69,
      "15": 69,
      "16": 69,
      "17": 69,
      "18": 65,
      "19": 69,
      "20": 0,
      "21": 97,
      "22": 1,
      "23": 44,
      "24": 44,
      "25": 44,
      "26": 44,
      "27": 44,
      "28": 97,
      "29": 44,
      "30": 44,
      "31": 44,
      "32": 44,
      "33": 44,
      "34": 1,
      "35": 44,
      "36": 1,
      "37": 44,
      "38": 1,
      "39": 44,
      "40": 97,
      "41": 44,
      "42": 141,
      "43": 44,
      "44": 44,
      "45": 11,
      "46": 33,
      "47": 6,
      "48": 27,
      "49": 44,
      "50": 44,
      "51": 11,
      "52": 33,
      "53": 6,
      "54": 27,
      "55": 44,
      "56": 44,
      "57": 1,
      "58": 1
    },
    "f": {
      "0": 97,
      "1": 97,
      "2": 97,
      "3": 44,
      "4": 44,
      "5": 44,
      "6": 97,
      "7": 1,
      "8": 1,
      "9": 1,
      "10": 97,
      "11": 141,
      "12": 44,
      "13": 44,
      "14": 44
    },
    "b": {
      "0": [28, 69],
      "1": [65, 4],
      "2": [28, 69],
      "3": [97, 28],
      "4": [69, 0],
      "5": [65, 4],
      "6": [97, 28],
      "7": [97, 28],
      "8": [97, 28],
      "9": [44, 11],
      "10": [11, 33],
      "11": [6, 27],
      "12": [11, 33],
      "13": [6, 27],
      "14": [44, 11],
      "15": [44, 11],
      "16": [44, 33],
      "17": [33, 26],
      "18": [44, 33, 26],
      "19": [26, 24],
      "20": [26, 24],
      "21": [26, 24],
      "22": [44, 17],
      "23": [44, 32],
      "24": [44, 12, 1],
      "25": [44, 12, 1]
    },
    "_coverageSchema": "1a1c01bbd47fc00a2c39e90264f33305004495a9",
    "hash": "13dc0577c7cbe2e4f6fc561b19e1515fca6949d5"
  },
  "C:\\Users\\gutao\\Desktop\\Projeto\\organizador\\gg-economy-mobile\\src\\components\\import\\ManualEntryForm.tsx": {
    "path": "C:\\Users\\gutao\\Desktop\\Projeto\\organizador\\gg-economy-mobile\\src\\components\\import\\ManualEntryForm.tsx",
    "statementMap": {
      "0": { "start": { "line": 73, "column": 2 }, "end": { "line": 77, "column": 5 } },
      "1": { "start": { "line": 85, "column": 18 }, "end": { "line": 85, "column": 48 } },
      "2": { "start": { "line": 86, "column": 2 }, "end": { "line": 86, "column": 17 } },
      "3": { "start": { "line": 94, "column": 21 }, "end": { "line": 94, "column": 44 } },
      "4": { "start": { "line": 95, "column": 17 }, "end": { "line": 95, "column": 39 } },
      "5": { "start": { "line": 97, "column": 2 }, "end": { "line": 99, "column": 3 } },
      "6": { "start": { "line": 98, "column": 4 }, "end": { "line": 98, "column": 16 } },
      "7": { "start": { "line": 102, "column": 2 }, "end": { "line": 102, "column": 34 } },
      "8": { "start": { "line": 109, "column": 15 }, "end": { "line": 109, "column": 33 } },
      "9": { "start": { "line": 110, "column": 16 }, "end": { "line": 110, "column": 60 } },
      "10": { "start": { "line": 111, "column": 2 }, "end": { "line": 111, "column": 28 } },
      "11": { "start": { "line": 118, "column": 16 }, "end": { "line": 118, "column": 27 } },
      "12": { "start": { "line": 119, "column": 2 }, "end": { "line": 122, "column": 5 } },
      "13": { "start": { "line": 128, "column": 21 }, "end": { "line": 160, "column": 2 } },
      "14": { "start": { "line": 137, "column": 22 }, "end": { "line": 139, "column": 29 } },
      "15": { "start": { "line": 138, "column": 4 }, "end": { "line": 138, "column": 26 } },
      "16": { "start": { "line": 141, "column": 2 }, "end": { "line": 159, "column": 4 } },
      "17": { "start": { "line": 187, "column": 22 }, "end": { "line": 187, "column": 38 } },
      "18": { "start": { "line": 188, "column": 25 }, "end": { "line": 188, "column": 40 } },
      "19": { "start": { "line": 191, "column": 26 }, "end": { "line": 191, "column": 52 } },
      "20": { "start": { "line": 192, "column": 30 }, "end": { "line": 192, "column": 50 } },
      "21": { "start": { "line": 193, "column": 40 }, "end": { "line": 193, "column": 60 } },
      "22": { "start": { "line": 194, "column": 38 }, "end": { "line": 194, "column": 88 } },
      "23": { "start": { "line": 195, "column": 30 }, "end": { "line": 195, "column": 66 } },
      "24": { "start": { "line": 198, "column": 46 }, "end": { "line": 198, "column": 70 } },
      "25": { "start": { "line": 199, "column": 52 }, "end": { "line": 199, "column": 76 } },
      "26": { "start": { "line": 202, "column": 31 }, "end": { "line": 202, "column": 56 } },
      "27": { "start": { "line": 205, "column": 27 }, "end": { "line": 207, "column": 30 } },
      "28": { "start": { "line": 206, "column": 4 }, "end": { "line": 206, "column": 63 } },
      "29": { "start": { "line": 206, "column": 34 }, "end": { "line": 206, "column": 53 } },
      "30": { "start": { "line": 214, "column": 23 }, "end": { "line": 241, "column": 23 } },
      "31": { "start": { "line": 215, "column": 46 }, "end": { "line": 215, "column": 48 } },
      "32": { "start": { "line": 218, "column": 4 }, "end": { "line": 226, "column": 5 } },
      "33": { "start": { "line": 219, "column": 6 }, "end": { "line": 219, "column": 48 } },
      "34": { "start": { "line": 222, "column": 23 }, "end": { "line": 222, "column": 37 } },
      "35": { "start": { "line": 223, "column": 6 }, "end": { "line": 225, "column": 7 } },
      "36": { "start": { "line": 224, "column": 8 }, "end": { "line": 224, "column": 53 } },
      "37": { "start": { "line": 229, "column": 26 }, "end": { "line": 229, "column": 39 } },
      "38": { "start": { "line": 230, "column": 4 }, "end": { "line": 238, "column": 5 } },
      "39": { "start": { "line": 231, "column": 6 }, "end": { "line": 231, "column": 50 } },
      "40": { "start": { "line": 234, "column": 26 }, "end": { "line": 234, "column": 59 } },
      "41": { "start": { "line": 235, "column": 6 }, "end": { "line": 237, "column": 7 } },
      "42": { "start": { "line": 236, "column": 8 }, "end": { "line": 236, "column": 57 } },
      "43": { "start": { "line": 240, "column": 4 }, "end": { "line": 240, "column": 21 } },
      "44": { "start": { "line": 246, "column": 27 }, "end": { "line": 263, "column": 3 } },
      "45": { "start": { "line": 249, "column": 6 }, "end": { "line": 251, "column": 7 } },
      "46": { "start": { "line": 250, "column": 8 }, "end": { "line": 250, "column": 33 } },
      "47": { "start": { "line": 253, "column": 6 }, "end": { "line": 260, "column": 7 } },
      "48": { "start": { "line": 254, "column": 8 }, "end": { "line": 254, "column": 30 } },
      "49": { "start": { "line": 256, "column": 8 }, "end": { "line": 259, "column": 11 } },
      "50": { "start": { "line": 257, "column": 39 }, "end": { "line": 257, "column": 43 } },
      "51": { "start": { "line": 258, "column": 10 }, "end": { "line": 258, "column": 22 } },
      "52": { "start": { "line": 268, "column": 29 }, "end": { "line": 276, "column": 8 } },
      "53": { "start": { "line": 269, "column": 22 }, "end": { "line": 269, "column": 48 } },
      "54": { "start": { "line": 270, "column": 4 }, "end": { "line": 270, "column": 25 } },
      "55": { "start": { "line": 272, "column": 4 }, "end": { "line": 275, "column": 7 } },
      "56": { "start": { "line": 273, "column": 37 }, "end": { "line": 273, "column": 41 } },
      "57": { "start": { "line": 274, "column": 6 }, "end": { "line": 274, "column": 18 } },
      "58": { "start": { "line": 281, "column": 34 }, "end": { "line": 283, "column": 8 } },
      "59": { "start": { "line": 282, "column": 4 }, "end": { "line": 282, "column": 26 } },
      "60": { "start": { "line": 288, "column": 31 }, "end": { "line": 291, "column": 8 } },
      "61": { "start": { "line": 289, "column": 4 }, "end": { "line": 289, "column": 22 } },
      "62": { "start": { "line": 290, "column": 4 }, "end": { "line": 290, "column": 32 } },
      "63": { "start": { "line": 296, "column": 31 }, "end": { "line": 298, "column": 8 } },
      "64": { "start": { "line": 297, "column": 4 }, "end": { "line": 297, "column": 28 } },
      "65": { "start": { "line": 303, "column": 32 }, "end": { "line": 305, "column": 8 } },
      "66": { "start": { "line": 304, "column": 4 }, "end": { "line": 304, "column": 29 } },
      "67": { "start": { "line": 310, "column": 34 }, "end": { "line": 312, "column": 8 } },
      "68": { "start": { "line": 311, "column": 4 }, "end": { "line": 311, "column": 31 } },
      "69": { "start": { "line": 317, "column": 35 }, "end": { "line": 319, "column": 8 } },
      "70": { "start": { "line": 318, "column": 4 }, "end": { "line": 318, "column": 32 } },
      "71": { "start": { "line": 324, "column": 21 }, "end": { "line": 347, "column": 67 } },
      "72": { "start": { "line": 325, "column": 29 }, "end": { "line": 325, "column": 43 } },
      "73": { "start": { "line": 327, "column": 4 }, "end": { "line": 330, "column": 5 } },
      "74": { "start": { "line": 328, "column": 6 }, "end": { "line": 328, "column": 34 } },
      "75": { "start": { "line": 329, "column": 6 }, "end": { "line": 329, "column": 13 } },
      "76": { "start": { "line": 332, "column": 24 }, "end": { "line": 332, "column": 50 } },
      "77": { "start": { "line": 333, "column": 4 }, "end": { "line": 335, "column": 5 } },
      "78": { "start": { "line": 334, "column": 6 }, "end": { "line": 334, "column": 13 } },
      "79": { "start": { "line": 337, "column": 46 }, "end": { "line": 344, "column": 5 } },
      "80": { "start": { "line": 346, "column": 4 }, "end": { "line": 346, "column": 24 } },
      "81": { "start": { "line": 352, "column": 23 }, "end": { "line": 354, "column": 16 } },
      "82": { "start": { "line": 353, "column": 4 }, "end": { "line": 353, "column": 15 } },
      "83": { "start": { "line": 359, "column": 29 }, "end": { "line": 368, "column": 3 } },
      "84": { "start": { "line": 361, "column": 6 }, "end": { "line": 365, "column": 8 } },
      "85": { "start": { "line": 370, "column": 23 }, "end": { "line": 370, "column": 67 } },
      "86": { "start": { "line": 370, "column": 55 }, "end": { "line": 370, "column": 62 } },
      "87": { "start": { "line": 372, "column": 20 }, "end": { "line": 372, "column": 50 } },
      "88": { "start": { "line": 373, "column": 20 }, "end": { "line": 373, "column": 51 } },
      "89": { "start": { "line": 378, "column": 34 }, "end": { "line": 388, "column": 39 } },
      "90": { "start": { "line": 379, "column": 4 }, "end": { "line": 379, "column": 39 } },
      "91": { "start": { "line": 379, "column": 27 }, "end": { "line": 379, "column": 39 } },
      "92": { "start": { "line": 381, "column": 21 }, "end": { "line": 381, "column": 57 } },
      "93": { "start": { "line": 382, "column": 4 }, "end": { "line": 387, "column": 6 } },
      "94": { "start": { "line": 390, "column": 2 }, "end": { "line": 736, "column": 4 } },
      "95": { "start": { "line": 625, "column": 18 }, "end": { "line": 625, "column": 38 } },
      "96": { "start": { "line": 626, "column": 18 }, "end": { "line": 626, "column": 46 } },
      "97": { "start": { "line": 742, "column": 15 }, "end": { "line": 1117, "column": 2 } },
      "98": { "start": { "line": 1122, "column": 31 }, "end": { "line": 1122, "column": 61 } }
    },
    "fnMap": {
      "0": {
        "name": "formatDate",
        "decl": { "start": { "line": 72, "column": 9 }, "end": { "line": 72, "column": 19 } },
        "loc": { "start": { "line": 72, "column": 56 }, "end": { "line": 78, "column": 1 } },
        "line": 72
      },
      "1": {
        "name": "formatAmountDisplay",
        "decl": { "start": { "line": 83, "column": 9 }, "end": { "line": 83, "column": 28 } },
        "loc": { "start": { "line": 83, "column": 52 }, "end": { "line": 87, "column": 1 } },
        "line": 83
      },
      "2": {
        "name": "parseAmountToCents",
        "decl": { "start": { "line": 92, "column": 9 }, "end": { "line": 92, "column": 27 } },
        "loc": { "start": { "line": 92, "column": 58 }, "end": { "line": 103, "column": 1 } },
        "line": 92
      },
      "3": {
        "name": "getReferenceMonth",
        "decl": { "start": { "line": 108, "column": 9 }, "end": { "line": 108, "column": 26 } },
        "loc": { "start": { "line": 108, "column": 47 }, "end": { "line": 112, "column": 1 } },
        "line": 108
      },
      "4": {
        "name": "formatAmountFromCents",
        "decl": { "start": { "line": 117, "column": 9 }, "end": { "line": 117, "column": 30 } },
        "loc": { "start": { "line": 117, "column": 70 }, "end": { "line": 123, "column": 1 } },
        "line": 117
      },
      "5": {
        "name": "CategoryItem",
        "decl": { "start": { "line": 128, "column": 35 }, "end": { "line": 128, "column": 47 } },
        "loc": { "start": { "line": 136, "column": 16 }, "end": { "line": 160, "column": 1 } },
        "line": 136
      },
      "6": {
        "name": "(anonymous_6)",
        "decl": { "start": { "line": 137, "column": 34 }, "end": { "line": 137, "column": 35 } },
        "loc": { "start": { "line": 137, "column": 40 }, "end": { "line": 139, "column": 3 } },
        "line": 137
      },
      "7": {
        "name": "ManualEntryFormComponent",
        "decl": { "start": { "line": 177, "column": 9 }, "end": { "line": 177, "column": 33 } },
        "loc": { "start": { "line": 186, "column": 38 }, "end": { "line": 737, "column": 1 } },
        "line": 186
      },
      "8": {
        "name": "(anonymous_8)",
        "decl": { "start": { "line": 205, "column": 35 }, "end": { "line": 205, "column": 36 } },
        "loc": { "start": { "line": 205, "column": 41 }, "end": { "line": 207, "column": 3 } },
        "line": 205
      },
      "9": {
        "name": "(anonymous_9)",
        "decl": { "start": { "line": 206, "column": 27 }, "end": { "line": 206, "column": 28 } },
        "loc": { "start": { "line": 206, "column": 34 }, "end": { "line": 206, "column": 53 } },
        "line": 206
      },
      "10": {
        "name": "(anonymous_10)",
        "decl": { "start": { "line": 214, "column": 35 }, "end": { "line": 214, "column": 36 } },
        "loc": { "start": { "line": 214, "column": 65 }, "end": { "line": 241, "column": 3 } },
        "line": 214
      },
      "11": {
        "name": "(anonymous_11)",
        "decl": { "start": { "line": 247, "column": 4 }, "end": { "line": 247, "column": 5 } },
        "loc": { "start": { "line": 247, "column": 57 }, "end": { "line": 261, "column": 5 } },
        "line": 247
      },
      "12": {
        "name": "(anonymous_12)",
        "decl": { "start": { "line": 256, "column": 18 }, "end": { "line": 256, "column": 19 } },
        "loc": { "start": { "line": 256, "column": 28 }, "end": { "line": 259, "column": 9 } },
        "line": 256
      },
      "13": {
        "name": "(anonymous_13)",
        "decl": { "start": { "line": 268, "column": 41 }, "end": { "line": 268, "column": 42 } },
        "loc": { "start": { "line": 268, "column": 60 }, "end": { "line": 276, "column": 3 } },
        "line": 268
      },
      "14": {
        "name": "(anonymous_14)",
        "decl": { "start": { "line": 272, "column": 14 }, "end": { "line": 272, "column": 15 } },
        "loc": { "start": { "line": 272, "column": 24 }, "end": { "line": 275, "column": 5 } },
        "line": 272
      },
      "15": {
        "name": "(anonymous_15)",
        "decl": { "start": { "line": 281, "column": 46 }, "end": { "line": 281, "column": 47 } },
        "loc": { "start": { "line": 281, "column": 65 }, "end": { "line": 283, "column": 3 } },
        "line": 281
      },
      "16": {
        "name": "(anonymous_16)",
        "decl": { "start": { "line": 288, "column": 43 }, "end": { "line": 288, "column": 44 } },
        "loc": { "start": { "line": 288, "column": 59 }, "end": { "line": 291, "column": 3 } },
        "line": 288
      },
      "17": {
        "name": "(anonymous_17)",
        "decl": { "start": { "line": 296, "column": 43 }, "end": { "line": 296, "column": 44 } },
        "loc": { "start": { "line": 296, "column": 49 }, "end": { "line": 298, "column": 3 } },
        "line": 296
      },
      "18": {
        "name": "(anonymous_18)",
        "decl": { "start": { "line": 303, "column": 44 }, "end": { "line": 303, "column": 45 } },
        "loc": { "start": { "line": 303, "column": 50 }, "end": { "line": 305, "column": 3 } },
        "line": 303
      },
      "19": {
        "name": "(anonymous_19)",
        "decl": { "start": { "line": 310, "column": 46 }, "end": { "line": 310, "column": 47 } },
        "loc": { "start": { "line": 310, "column": 52 }, "end": { "line": 312, "column": 3 } },
        "line": 310
      },
      "20": {
        "name": "(anonymous_20)",
        "decl": { "start": { "line": 317, "column": 47 }, "end": { "line": 317, "column": 48 } },
        "loc": { "start": { "line": 317, "column": 53 }, "end": { "line": 319, "column": 3 } },
        "line": 317
      },
      "21": {
        "name": "(anonymous_21)",
        "decl": { "start": { "line": 324, "column": 33 }, "end": { "line": 324, "column": 34 } },
        "loc": { "start": { "line": 324, "column": 39 }, "end": { "line": 347, "column": 3 } },
        "line": 324
      },
      "22": {
        "name": "(anonymous_22)",
        "decl": { "start": { "line": 352, "column": 35 }, "end": { "line": 352, "column": 36 } },
        "loc": { "start": { "line": 352, "column": 41 }, "end": { "line": 354, "column": 3 } },
        "line": 352
      },
      "23": {
        "name": "(anonymous_23)",
        "decl": { "start": { "line": 360, "column": 4 }, "end": { "line": 360, "column": 5 } },
        "loc": { "start": { "line": 361, "column": 6 }, "end": { "line": 365, "column": 8 } },
        "line": 361
      },
      "24": {
        "name": "(anonymous_24)",
        "decl": { "start": { "line": 370, "column": 35 }, "end": { "line": 370, "column": 36 } },
        "loc": { "start": { "line": 370, "column": 55 }, "end": { "line": 370, "column": 62 } },
        "line": 370
      },
      "25": {
        "name": "(anonymous_25)",
        "decl": { "start": { "line": 378, "column": 42 }, "end": { "line": 378, "column": 43 } },
        "loc": { "start": { "line": 378, "column": 48 }, "end": { "line": 388, "column": 3 } },
        "line": 378
      },
      "26": {
        "name": "(anonymous_26)",
        "decl": { "start": { "line": 624, "column": 25 }, "end": { "line": 624, "column": 26 } },
        "loc": { "start": { "line": 624, "column": 31 }, "end": { "line": 627, "column": 17 } },
        "line": 624
      }
    },
    "branchMap": {
      "0": {
        "loc": { "start": { "line": 73, "column": 33 }, "end": { "line": 73, "column": 71 } },
        "type": "cond-expr",
        "locations": [
          { "start": { "line": 73, "column": 54 }, "end": { "line": 73, "column": 61 } },
          { "start": { "line": 73, "column": 64 }, "end": { "line": 73, "column": 71 } }
        ],
        "line": 73
      },
      "1": {
        "loc": { "start": { "line": 97, "column": 2 }, "end": { "line": 99, "column": 3 } },
        "type": "if",
        "locations": [
          { "start": { "line": 97, "column": 2 }, "end": { "line": 99, "column": 3 } },
          { "start": {}, "end": {} }
        ],
        "line": 97
      },
      "2": {
        "loc": { "start": { "line": 119, "column": 30 }, "end": { "line": 119, "column": 68 } },
        "type": "cond-expr",
        "locations": [
          { "start": { "line": 119, "column": 51 }, "end": { "line": 119, "column": 58 } },
          { "start": { "line": 119, "column": 61 }, "end": { "line": 119, "column": 68 } }
        ],
        "line": 119
      },
      "3": {
        "loc": { "start": { "line": 143, "column": 35 }, "end": { "line": 143, "column": 76 } },
        "type": "binary-expr",
        "locations": [
          { "start": { "line": 143, "column": 35 }, "end": { "line": 143, "column": 45 } },
          { "start": { "line": 143, "column": 49 }, "end": { "line": 143, "column": 76 } }
        ],
        "line": 143
      },
      "4": {
        "loc": { "start": { "line": 152, "column": 37 }, "end": { "line": 152, "column": 78 } },
        "type": "binary-expr",
        "locations": [
          { "start": { "line": 152, "column": 37 }, "end": { "line": 152, "column": 47 } },
          { "start": { "line": 152, "column": 51 }, "end": { "line": 152, "column": 78 } }
        ],
        "line": 152
      },
      "5": {
        "loc": { "start": { "line": 157, "column": 7 }, "end": { "line": 157, "column": 60 } },
        "type": "binary-expr",
        "locations": [
          { "start": { "line": 157, "column": 7 }, "end": { "line": 157, "column": 17 } },
          { "start": { "line": 157, "column": 21 }, "end": { "line": 157, "column": 60 } }
        ],
        "line": 157
      },
      "6": {
        "loc": { "start": { "line": 181, "column": 2 }, "end": { "line": 181, "column": 18 } },
        "type": "default-arg",
        "locations": [
          { "start": { "line": 181, "column": 13 }, "end": { "line": 181, "column": 18 } }
        ],
        "line": 181
      },
      "7": {
        "loc": { "start": { "line": 182, "column": 2 }, "end": { "line": 182, "column": 29 } },
        "type": "default-arg",
        "locations": [
          { "start": { "line": 182, "column": 24 }, "end": { "line": 182, "column": 29 } }
        ],
        "line": 182
      },
      "8": {
        "loc": { "start": { "line": 183, "column": 2 }, "end": { "line": 183, "column": 25 } },
        "type": "default-arg",
        "locations": [
          { "start": { "line": 183, "column": 21 }, "end": { "line": 183, "column": 25 } }
        ],
        "line": 183
      },
      "9": {
        "loc": { "start": { "line": 194, "column": 62 }, "end": { "line": 194, "column": 87 } },
        "type": "binary-expr",
        "locations": [
          { "start": { "line": 194, "column": 62 }, "end": { "line": 194, "column": 79 } },
          { "start": { "line": 194, "column": 83 }, "end": { "line": 194, "column": 87 } }
        ],
        "line": 194
      },
      "10": {
        "loc": { "start": { "line": 206, "column": 11 }, "end": { "line": 206, "column": 62 } },
        "type": "binary-expr",
        "locations": [
          { "start": { "line": 206, "column": 11 }, "end": { "line": 206, "column": 54 } },
          { "start": { "line": 206, "column": 58 }, "end": { "line": 206, "column": 62 } }
        ],
        "line": 206
      },
      "11": {
        "loc": { "start": { "line": 218, "column": 4 }, "end": { "line": 226, "column": 5 } },
        "type": "if",
        "locations": [
          { "start": { "line": 218, "column": 4 }, "end": { "line": 226, "column": 5 } },
          { "start": { "line": 220, "column": 11 }, "end": { "line": 226, "column": 5 } }
        ],
        "line": 218
      },
      "12": {
        "loc": { "start": { "line": 223, "column": 6 }, "end": { "line": 225, "column": 7 } },
        "type": "if",
        "locations": [
          { "start": { "line": 223, "column": 6 }, "end": { "line": 225, "column": 7 } },
          { "start": {}, "end": {} }
        ],
        "line": 223
      },
      "13": {
        "loc": { "start": { "line": 230, "column": 4 }, "end": { "line": 238, "column": 5 } },
        "type": "if",
        "locations": [
          { "start": { "line": 230, "column": 4 }, "end": { "line": 238, "column": 5 } },
          { "start": { "line": 232, "column": 11 }, "end": { "line": 238, "column": 5 } }
        ],
        "line": 230
      },
      "14": {
        "loc": { "start": { "line": 235, "column": 6 }, "end": { "line": 237, "column": 7 } },
        "type": "if",
        "locations": [
          { "start": { "line": 235, "column": 6 }, "end": { "line": 237, "column": 7 } },
          { "start": {}, "end": {} }
        ],
        "line": 235
      },
      "15": {
        "loc": { "start": { "line": 249, "column": 6 }, "end": { "line": 251, "column": 7 } },
        "type": "if",
        "locations": [
          { "start": { "line": 249, "column": 6 }, "end": { "line": 251, "column": 7 } },
          { "start": {}, "end": {} }
        ],
        "line": 249
      },
      "16": {
        "loc": { "start": { "line": 253, "column": 6 }, "end": { "line": 260, "column": 7 } },
        "type": "if",
        "locations": [
          { "start": { "line": 253, "column": 6 }, "end": { "line": 260, "column": 7 } },
          { "start": {}, "end": {} }
        ],
        "line": 253
      },
      "17": {
        "loc": { "start": { "line": 253, "column": 10 }, "end": { "line": 253, "column": 46 } },
        "type": "binary-expr",
        "locations": [
          { "start": { "line": 253, "column": 10 }, "end": { "line": 253, "column": 30 } },
          { "start": { "line": 253, "column": 34 }, "end": { "line": 253, "column": 46 } }
        ],
        "line": 253
      },
      "18": {
        "loc": { "start": { "line": 327, "column": 4 }, "end": { "line": 330, "column": 5 } },
        "type": "if",
        "locations": [
          { "start": { "line": 327, "column": 4 }, "end": { "line": 330, "column": 5 } },
          { "start": {}, "end": {} }
        ],
        "line": 327
      },
      "19": {
        "loc": { "start": { "line": 333, "column": 4 }, "end": { "line": 335, "column": 5 } },
        "type": "if",
        "locations": [
          { "start": { "line": 333, "column": 4 }, "end": { "line": 335, "column": 5 } },
          { "start": {}, "end": {} }
        ],
        "line": 333
      },
      "20": {
        "loc": { "start": { "line": 341, "column": 18 }, "end": { "line": 341, "column": 41 } },
        "type": "binary-expr",
        "locations": [
          { "start": { "line": 341, "column": 18 }, "end": { "line": 341, "column": 28 } },
          { "start": { "line": 341, "column": 32 }, "end": { "line": 341, "column": 41 } }
        ],
        "line": 341
      },
      "21": {
        "loc": { "start": { "line": 373, "column": 20 }, "end": { "line": 373, "column": 51 } },
        "type": "binary-expr",
        "locations": [
          { "start": { "line": 373, "column": 20 }, "end": { "line": 373, "column": 28 } },
          { "start": { "line": 373, "column": 32 }, "end": { "line": 373, "column": 51 } }
        ],
        "line": 373
      },
      "22": {
        "loc": { "start": { "line": 379, "column": 4 }, "end": { "line": 379, "column": 39 } },
        "type": "if",
        "locations": [
          { "start": { "line": 379, "column": 4 }, "end": { "line": 379, "column": 39 } },
          { "start": {}, "end": {} }
        ],
        "line": 379
      },
      "23": {
        "loc": { "start": { "line": 393, "column": 16 }, "end": { "line": 393, "column": 60 } },
        "type": "cond-expr",
        "locations": [
          { "start": { "line": 393, "column": 40 }, "end": { "line": 393, "column": 49 } },
          { "start": { "line": 393, "column": 52 }, "end": { "line": 393, "column": 60 } }
        ],
        "line": 393
      },
      "24": {
        "loc": { "start": { "line": 412, "column": 39 }, "end": { "line": 412, "column": 76 } },
        "type": "binary-expr",
        "locations": [
          { "start": { "line": 412, "column": 39 }, "end": { "line": 412, "column": 50 } },
          { "start": { "line": 412, "column": 54 }, "end": { "line": 412, "column": 76 } }
        ],
        "line": 412
      },
      "25": {
        "loc": { "start": { "line": 424, "column": 11 }, "end": { "line": 428, "column": 11 } },
        "type": "binary-expr",
        "locations": [
          { "start": { "line": 424, "column": 11 }, "end": { "line": 424, "column": 22 } },
          { "start": { "line": 425, "column": 12 }, "end": { "line": 427, "column": 19 } }
        ],
        "line": 424
      },
      "26": {
        "loc": { "start": { "line": 434, "column": 53 }, "end": { "line": 434, "column": 92 } },
        "type": "binary-expr",
        "locations": [
          { "start": { "line": 434, "column": 53 }, "end": { "line": 434, "column": 66 } },
          { "start": { "line": 434, "column": 70 }, "end": { "line": 434, "column": 92 } }
        ],
        "line": 434
      },
      "27": {
        "loc": { "start": { "line": 447, "column": 11 }, "end": { "line": 451, "column": 11 } },
        "type": "binary-expr",
        "locations": [
          { "start": { "line": 447, "column": 11 }, "end": { "line": 447, "column": 24 } },
          { "start": { "line": 448, "column": 12 }, "end": { "line": 450, "column": 19 } }
        ],
        "line": 447
      },
      "28": {
        "loc": { "start": { "line": 485, "column": 13 }, "end": { "line": 503, "column": 13 } },
        "type": "cond-expr",
        "locations": [
          { "start": { "line": 486, "column": 14 }, "end": { "line": 498, "column": 21 } },
          { "start": { "line": 500, "column": 14 }, "end": { "line": 502, "column": 21 } }
        ],
        "line": 485
      },
      "29": {
        "loc": { "start": { "line": 524, "column": 37 }, "end": { "line": 524, "column": 90 } },
        "type": "binary-expr",
        "locations": [
          { "start": { "line": 524, "column": 38 }, "end": { "line": 524, "column": 47 } },
          { "start": { "line": 524, "column": 51 }, "end": { "line": 524, "column": 60 } },
          { "start": { "line": 524, "column": 65 }, "end": { "line": 524, "column": 90 } }
        ],
        "line": 524
      },
      "30": {
        "loc": { "start": { "line": 532, "column": 11 }, "end": { "line": 536, "column": 11 } },
        "type": "cond-expr",
        "locations": [
          { "start": { "line": 533, "column": 12 }, "end": { "line": 533, "column": 84 } },
          { "start": { "line": 535, "column": 12 }, "end": { "line": 535, "column": 73 } }
        ],
        "line": 532
      },
      "31": {
        "loc": { "start": { "line": 541, "column": 7 }, "end": { "line": 578, "column": 7 } },
        "type": "binary-expr",
        "locations": [
          { "start": { "line": 541, "column": 7 }, "end": { "line": 541, "column": 21 } },
          { "start": { "line": 542, "column": 8 }, "end": { "line": 577, "column": 9 } }
        ],
        "line": 541
      },
      "32": {
        "loc": { "start": { "line": 542, "column": 8 }, "end": { "line": 577, "column": 9 } },
        "type": "cond-expr",
        "locations": [
          { "start": { "line": 543, "column": 10 }, "end": { "line": 567, "column": 18 } },
          { "start": { "line": 569, "column": 10 }, "end": { "line": 576, "column": 12 } }
        ],
        "line": 542
      },
      "33": {
        "loc": { "start": { "line": 603, "column": 13 }, "end": { "line": 618, "column": 13 } },
        "type": "cond-expr",
        "locations": [
          { "start": { "line": 604, "column": 14 }, "end": { "line": 611, "column": 16 } },
          { "start": { "line": 613, "column": 14 }, "end": { "line": 617, "column": 21 } }
        ],
        "line": 603
      },
      "34": {
        "loc": { "start": { "line": 621, "column": 13 }, "end": { "line": 635, "column": 13 } },
        "type": "binary-expr",
        "locations": [
          { "start": { "line": 621, "column": 13 }, "end": { "line": 621, "column": 23 } },
          { "start": { "line": 622, "column": 14 }, "end": { "line": 634, "column": 33 } }
        ],
        "line": 621
      },
      "35": {
        "loc": { "start": { "line": 666, "column": 13 }, "end": { "line": 706, "column": 13 } },
        "type": "binary-expr",
        "locations": [
          { "start": { "line": 666, "column": 13 }, "end": { "line": 666, "column": 36 } },
          { "start": { "line": 667, "column": 14 }, "end": { "line": 705, "column": 21 } }
        ],
        "line": 666
      },
      "36": {
        "loc": { "start": { "line": 695, "column": 21 }, "end": { "line": 695, "column": 63 } },
        "type": "binary-expr",
        "locations": [
          { "start": { "line": 695, "column": 21 }, "end": { "line": 695, "column": 56 } },
          { "start": { "line": 695, "column": 60 }, "end": { "line": 695, "column": 63 } }
        ],
        "line": 695
      }
    },
    "s": {
      "0": 58,
      "1": 11,
      "2": 11,
      "3": 19,
      "4": 19,
      "5": 19,
      "6": 1,
      "7": 18,
      "8": 9,
      "9": 9,
      "10": 9,
      "11": 6,
      "12": 6,
      "13": 2,
      "14": 0,
      "15": 0,
      "16": 0,
      "17": 52,
      "18": 52,
      "19": 52,
      "20": 52,
      "21": 52,
      "22": 52,
      "23": 52,
      "24": 52,
      "25": 52,
      "26": 52,
      "27": 52,
      "28": 31,
      "29": 60,
      "30": 52,
      "31": 16,
      "32": 16,
      "33": 0,
      "34": 16,
      "35": 16,
      "36": 0,
      "37": 16,
      "38": 16,
      "39": 6,
      "40": 10,
      "41": 10,
      "42": 1,
      "43": 16,
      "44": 52,
      "45": 0,
      "46": 0,
      "47": 0,
      "48": 0,
      "49": 0,
      "50": 0,
      "51": 0,
      "52": 52,
      "53": 11,
      "54": 11,
      "55": 11,
      "56": 11,
      "57": 11,
      "58": 52,
      "59": 2,
      "60": 52,
      "61": 0,
      "62": 0,
      "63": 52,
      "64": 1,
      "65": 52,
      "66": 0,
      "67": 52,
      "68": 0,
      "69": 52,
      "70": 0,
      "71": 52,
      "72": 16,
      "73": 16,
      "74": 7,
      "75": 7,
      "76": 9,
      "77": 9,
      "78": 0,
      "79": 9,
      "80": 9,
      "81": 52,
      "82": 2,
      "83": 52,
      "84": 0,
      "85": 52,
      "86": 0,
      "87": 52,
      "88": 52,
      "89": 52,
      "90": 31,
      "91": 25,
      "92": 6,
      "93": 6,
      "94": 52,
      "95": 0,
      "96": 0,
      "97": 2,
      "98": 2
    },
    "f": {
      "0": 58,
      "1": 11,
      "2": 19,
      "3": 9,
      "4": 6,
      "5": 0,
      "6": 0,
      "7": 52,
      "8": 31,
      "9": 60,
      "10": 16,
      "11": 0,
      "12": 0,
      "13": 11,
      "14": 11,
      "15": 2,
      "16": 0,
      "17": 1,
      "18": 0,
      "19": 0,
      "20": 0,
      "21": 16,
      "22": 2,
      "23": 0,
      "24": 0,
      "25": 31,
      "26": 0
    },
    "b": {
      "0": [0, 58],
      "1": [1, 18],
      "2": [0, 6],
      "3": [0, 0],
      "4": [0, 0],
      "5": [0, 0],
      "6": [50],
      "7": [51],
      "8": [45],
      "9": [52, 48],
      "10": [31, 29],
      "11": [0, 16],
      "12": [0, 16],
      "13": [6, 10],
      "14": [1, 9],
      "15": [0, 0],
      "16": [0, 0],
      "17": [0, 0],
      "18": [7, 9],
      "19": [0, 9],
      "20": [9, 8],
      "21": [52, 50],
      "22": [25, 6],
      "23": [52, 0],
      "24": [52, 0],
      "25": [52, 0],
      "26": [52, 7],
      "27": [52, 7],
      "28": [4, 48],
      "29": [52, 45, 10],
      "30": [3, 49],
      "31": [52, 1],
      "32": [1, 0],
      "33": [52, 0],
      "34": [52, 4],
      "35": [52, 6],
      "36": [6, 0]
    },
    "_coverageSchema": "1a1c01bbd47fc00a2c39e90264f33305004495a9",
    "hash": "7fb817ed1f4aed53451d37519b82a7f9e806ff1a"
  },
  "C:\\Users\\gutao\\Desktop\\Projeto\\organizador\\gg-economy-mobile\\src\\components\\import\\MultiFileSelector.tsx": {
    "path": "C:\\Users\\gutao\\Desktop\\Projeto\\organizador\\gg-economy-mobile\\src\\components\\import\\MultiFileSelector.tsx",
    "statementMap": {
      "0": { "start": { "line": 27, "column": 36 }, "end": { "line": 27, "column": 86 } },
      "1": { "start": { "line": 32, "column": 36 }, "end": { "line": 44, "column": 10 } },
      "2": { "start": { "line": 49, "column": 36 }, "end": { "line": 49, "column": 38 } },
      "3": { "start": { "line": 80, "column": 50 }, "end": { "line": 86, "column": 1 } },
      "4": { "start": { "line": 92, "column": 20 }, "end": { "line": 92, "column": 42 } },
      "5": { "start": { "line": 94, "column": 2 }, "end": { "line": 94, "column": 47 } },
      "6": { "start": { "line": 94, "column": 34 }, "end": { "line": 94, "column": 47 } },
      "7": { "start": { "line": 95, "column": 2 }, "end": { "line": 95, "column": 77 } },
      "8": { "start": { "line": 95, "column": 64 }, "end": { "line": 95, "column": 77 } },
      "9": { "start": { "line": 96, "column": 2 }, "end": { "line": 96, "column": 47 } },
      "10": { "start": { "line": 96, "column": 34 }, "end": { "line": 96, "column": 47 } },
      "11": { "start": { "line": 97, "column": 2 }, "end": { "line": 97, "column": 49 } },
      "12": { "start": { "line": 97, "column": 35 }, "end": { "line": 97, "column": 49 } },
      "13": { "start": { "line": 98, "column": 2 }, "end": { "line": 98, "column": 47 } },
      "14": { "start": { "line": 98, "column": 34 }, "end": { "line": 98, "column": 47 } },
      "15": { "start": { "line": 100, "column": 2 }, "end": { "line": 100, "column": 19 } },
      "16": { "start": { "line": 107, "column": 20 }, "end": { "line": 107, "column": 42 } },
      "17": { "start": { "line": 108, "column": 2 }, "end": { "line": 108, "column": 69 } },
      "18": { "start": { "line": 108, "column": 44 }, "end": { "line": 108, "column": 67 } },
      "19": { "start": { "line": 115, "column": 2 }, "end": { "line": 115, "column": 40 } },
      "20": { "start": { "line": 115, "column": 20 }, "end": { "line": 115, "column": 40 } },
      "21": { "start": { "line": 116, "column": 2 }, "end": { "line": 116, "column": 68 } },
      "22": { "start": { "line": 116, "column": 27 }, "end": { "line": 116, "column": 68 } },
      "23": { "start": { "line": 117, "column": 2 }, "end": { "line": 117, "column": 52 } },
      "24": { "start": { "line": 123, "column": 17 }, "end": { "line": 162, "column": 2 } },
      "25": { "start": { "line": 130, "column": 16 }, "end": { "line": 130, "column": 32 } },
      "26": { "start": { "line": 132, "column": 23 }, "end": { "line": 134, "column": 26 } },
      "27": { "start": { "line": 133, "column": 4 }, "end": { "line": 133, "column": 23 } },
      "28": { "start": { "line": 136, "column": 15 }, "end": { "line": 136, "column": 53 } },
      "29": { "start": { "line": 138, "column": 2 }, "end": { "line": 161, "column": 4 } },
      "30": { "start": { "line": 181, "column": 16 }, "end": { "line": 181, "column": 32 } },
      "31": { "start": { "line": 182, "column": 44 }, "end": { "line": 182, "column": 72 } },
      "32": { "start": { "line": 183, "column": 40 }, "end": { "line": 183, "column": 55 } },
      "33": { "start": { "line": 188, "column": 28 }, "end": { "line": 270, "column": 47 } },
      "34": { "start": { "line": 189, "column": 4 }, "end": { "line": 189, "column": 28 } },
      "35": { "start": { "line": 189, "column": 21 }, "end": { "line": 189, "column": 28 } },
      "36": { "start": { "line": 191, "column": 4 }, "end": { "line": 191, "column": 25 } },
      "37": { "start": { "line": 193, "column": 4 }, "end": { "line": 269, "column": 5 } },
      "38": { "start": { "line": 194, "column": 21 }, "end": { "line": 198, "column": 8 } },
      "39": { "start": { "line": 200, "column": 6 }, "end": { "line": 203, "column": 7 } },
      "40": { "start": { "line": 201, "column": 8 }, "end": { "line": 201, "column": 30 } },
      "41": { "start": { "line": 202, "column": 8 }, "end": { "line": 202, "column": 15 } },
      "42": { "start": { "line": 205, "column": 39 }, "end": { "line": 205, "column": 41 } },
      "43": { "start": { "line": 206, "column": 37 }, "end": { "line": 206, "column": 39 } },
      "44": { "start": { "line": 208, "column": 6 }, "end": { "line": 234, "column": 7 } },
      "45": { "start": { "line": 210, "column": 8 }, "end": { "line": 213, "column": 9 } },
      "46": { "start": { "line": 211, "column": 10 }, "end": { "line": 211, "column": 40 } },
      "47": { "start": { "line": 212, "column": 10 }, "end": { "line": 212, "column": 19 } },
      "48": { "start": { "line": 215, "column": 25 }, "end": { "line": 215, "column": 51 } },
      "49": { "start": { "line": 216, "column": 8 }, "end": { "line": 219, "column": 9 } },
      "50": { "start": { "line": 217, "column": 10 }, "end": { "line": 217, "column": 40 } },
      "51": { "start": { "line": 218, "column": 10 }, "end": { "line": 218, "column": 19 } },
      "52": { "start": { "line": 222, "column": 28 }, "end": { "line": 224, "column": 9 } },
      "53": { "start": { "line": 223, "column": 17 }, "end": { "line": 223, "column": 74 } },
      "54": { "start": { "line": 226, "column": 8 }, "end": { "line": 233, "column": 9 } },
      "55": { "start": { "line": 227, "column": 10 }, "end": { "line": 232, "column": 13 } },
      "56": { "start": { "line": 237, "column": 6 }, "end": { "line": 245, "column": 7 } },
      "57": { "start": { "line": 238, "column": 8 }, "end": { "line": 244, "column": 10 } },
      "58": { "start": { "line": 248, "column": 25 }, "end": { "line": 248, "column": 63 } },
      "59": { "start": { "line": 249, "column": 6 }, "end": { "line": 261, "column": 7 } },
      "60": { "start": { "line": 250, "column": 29 }, "end": { "line": 250, "column": 60 } },
      "61": { "start": { "line": 251, "column": 27 }, "end": { "line": 251, "column": 58 } },
      "62": { "start": { "line": 253, "column": 8 }, "end": { "line": 256, "column": 10 } },
      "63": { "start": { "line": 258, "column": 8 }, "end": { "line": 258, "column": 61 } },
      "64": { "start": { "line": 258, "column": 35 }, "end": { "line": 258, "column": 59 } },
      "65": { "start": { "line": 260, "column": 8 }, "end": { "line": 260, "column": 59 } },
      "66": { "start": { "line": 260, "column": 35 }, "end": { "line": 260, "column": 57 } },
      "67": { "start": { "line": 263, "column": 6 }, "end": { "line": 266, "column": 8 } },
      "68": { "start": { "line": 268, "column": 6 }, "end": { "line": 268, "column": 28 } },
      "69": { "start": { "line": 275, "column": 27 }, "end": { "line": 277, "column": 8 } },
      "70": { "start": { "line": 276, "column": 4 }, "end": { "line": 276, "column": 66 } },
      "71": { "start": { "line": 276, "column": 31 }, "end": { "line": 276, "column": 64 } },
      "72": { "start": { "line": 276, "column": 50 }, "end": { "line": 276, "column": 63 } },
      "73": { "start": { "line": 282, "column": 24 }, "end": { "line": 292, "column": 41 } },
      "74": { "start": { "line": 283, "column": 4 }, "end": { "line": 289, "column": 5 } },
      "75": { "start": { "line": 284, "column": 6 }, "end": { "line": 287, "column": 8 } },
      "76": { "start": { "line": 288, "column": 6 }, "end": { "line": 288, "column": 13 } },
      "77": { "start": { "line": 291, "column": 4 }, "end": { "line": 291, "column": 35 } },
      "78": { "start": { "line": 297, "column": 23 }, "end": { "line": 299, "column": 16 } },
      "79": { "start": { "line": 298, "column": 4 }, "end": { "line": 298, "column": 15 } },
      "80": { "start": { "line": 304, "column": 25 }, "end": { "line": 306, "column": 8 } },
      "81": { "start": { "line": 305, "column": 4 }, "end": { "line": 305, "column": 25 } },
      "82": { "start": { "line": 308, "column": 25 }, "end": { "line": 313, "column": 3 } },
      "83": { "start": { "line": 310, "column": 6 }, "end": { "line": 310, "column": 58 } },
      "84": { "start": { "line": 315, "column": 23 }, "end": { "line": 315, "column": 72 } },
      "85": { "start": { "line": 315, "column": 59 }, "end": { "line": 315, "column": 67 } },
      "86": { "start": { "line": 317, "column": 21 }, "end": { "line": 317, "column": 52 } },
      "87": { "start": { "line": 318, "column": 19 }, "end": { "line": 318, "column": 43 } },
      "88": { "start": { "line": 320, "column": 2 }, "end": { "line": 434, "column": 4 } },
      "89": { "start": { "line": 440, "column": 15 }, "end": { "line": 620, "column": 2 } },
      "90": { "start": { "line": 625, "column": 33 }, "end": { "line": 625, "column": 65 } }
    },
    "fnMap": {
      "0": {
        "name": "detectFileType",
        "decl": { "start": { "line": 91, "column": 9 }, "end": { "line": 91, "column": 23 } },
        "loc": { "start": { "line": 91, "column": 64 }, "end": { "line": 101, "column": 1 } },
        "line": 91
      },
      "1": {
        "name": "hasValidExtension",
        "decl": { "start": { "line": 106, "column": 9 }, "end": { "line": 106, "column": 26 } },
        "loc": { "start": { "line": 106, "column": 54 }, "end": { "line": 109, "column": 1 } },
        "line": 106
      },
      "2": {
        "name": "(anonymous_2)",
        "decl": { "start": { "line": 108, "column": 35 }, "end": { "line": 108, "column": 36 } },
        "loc": { "start": { "line": 108, "column": 44 }, "end": { "line": 108, "column": 67 } },
        "line": 108
      },
      "3": {
        "name": "formatFileSize",
        "decl": { "start": { "line": 114, "column": 9 }, "end": { "line": 114, "column": 23 } },
        "loc": { "start": { "line": 114, "column": 47 }, "end": { "line": 118, "column": 1 } },
        "line": 114
      },
      "4": {
        "name": "FileItem",
        "decl": { "start": { "line": 123, "column": 31 }, "end": { "line": 123, "column": 39 } },
        "loc": { "start": { "line": 129, "column": 16 }, "end": { "line": 162, "column": 1 } },
        "line": 129
      },
      "5": {
        "name": "(anonymous_5)",
        "decl": { "start": { "line": 132, "column": 35 }, "end": { "line": 132, "column": 36 } },
        "loc": { "start": { "line": 132, "column": 41 }, "end": { "line": 134, "column": 3 } },
        "line": 132
      },
      "6": {
        "name": "MultiFileSelectorComponent",
        "decl": { "start": { "line": 176, "column": 9 }, "end": { "line": 176, "column": 35 } },
        "loc": { "start": { "line": 180, "column": 40 }, "end": { "line": 435, "column": 1 } },
        "line": 180
      },
      "7": {
        "name": "(anonymous_7)",
        "decl": { "start": { "line": 188, "column": 40 }, "end": { "line": 188, "column": 41 } },
        "loc": { "start": { "line": 188, "column": 52 }, "end": { "line": 270, "column": 3 } },
        "line": 188
      },
      "8": {
        "name": "(anonymous_8)",
        "decl": { "start": { "line": 223, "column": 10 }, "end": { "line": 223, "column": 11 } },
        "loc": { "start": { "line": 223, "column": 17 }, "end": { "line": 223, "column": 74 } },
        "line": 223
      },
      "9": {
        "name": "(anonymous_9)",
        "decl": { "start": { "line": 258, "column": 25 }, "end": { "line": 258, "column": 26 } },
        "loc": { "start": { "line": 258, "column": 35 }, "end": { "line": 258, "column": 59 } },
        "line": 258
      },
      "10": {
        "name": "(anonymous_10)",
        "decl": { "start": { "line": 260, "column": 25 }, "end": { "line": 260, "column": 26 } },
        "loc": { "start": { "line": 260, "column": 35 }, "end": { "line": 260, "column": 57 } },
        "line": 260
      },
      "11": {
        "name": "(anonymous_11)",
        "decl": { "start": { "line": 275, "column": 39 }, "end": { "line": 275, "column": 40 } },
        "loc": { "start": { "line": 275, "column": 56 }, "end": { "line": 277, "column": 3 } },
        "line": 275
      },
      "12": {
        "name": "(anonymous_12)",
        "decl": { "start": { "line": 276, "column": 21 }, "end": { "line": 276, "column": 22 } },
        "loc": { "start": { "line": 276, "column": 31 }, "end": { "line": 276, "column": 64 } },
        "line": 276
      },
      "13": {
        "name": "(anonymous_13)",
        "decl": { "start": { "line": 276, "column": 43 }, "end": { "line": 276, "column": 44 } },
        "loc": { "start": { "line": 276, "column": 50 }, "end": { "line": 276, "column": 63 } },
        "line": 276
      },
      "14": {
        "name": "(anonymous_14)",
        "decl": { "start": { "line": 282, "column": 36 }, "end": { "line": 282, "column": 37 } },
        "loc": { "start": { "line": 282, "column": 42 }, "end": { "line": 292, "column": 3 } },
        "line": 282
      },
      "15": {
        "name": "(anonymous_15)",
        "decl": { "start": { "line": 297, "column": 35 }, "end": { "line": 297, "column": 36 } },
        "loc": { "start": { "line": 297, "column": 41 }, "end": { "line": 299, "column": 3 } },
        "line": 297
      },
      "16": {
        "name": "(anonymous_16)",
        "decl": { "start": { "line": 304, "column": 37 }, "end": { "line": 304, "column": 38 } },
        "loc": { "start": { "line": 304, "column": 43 }, "end": { "line": 306, "column": 3 } },
        "line": 304
      },
      "17": {
        "name": "(anonymous_17)",
        "decl": { "start": { "line": 309, "column": 4 }, "end": { "line": 309, "column": 5 } },
        "loc": { "start": { "line": 310, "column": 6 }, "end": { "line": 310, "column": 58 } },
        "line": 310
      },
      "18": {
        "name": "(anonymous_18)",
        "decl": { "start": { "line": 315, "column": 35 }, "end": { "line": 315, "column": 36 } },
        "loc": { "start": { "line": 315, "column": 59 }, "end": { "line": 315, "column": 67 } },
        "line": 315
      }
    },
    "branchMap": {
      "0": {
        "loc": { "start": { "line": 94, "column": 2 }, "end": { "line": 94, "column": 47 } },
        "type": "if",
        "locations": [
          { "start": { "line": 94, "column": 2 }, "end": { "line": 94, "column": 47 } },
          { "start": {}, "end": {} }
        ],
        "line": 94
      },
      "1": {
        "loc": { "start": { "line": 95, "column": 2 }, "end": { "line": 95, "column": 77 } },
        "type": "if",
        "locations": [
          { "start": { "line": 95, "column": 2 }, "end": { "line": 95, "column": 77 } },
          { "start": {}, "end": {} }
        ],
        "line": 95
      },
      "2": {
        "loc": { "start": { "line": 95, "column": 6 }, "end": { "line": 95, "column": 62 } },
        "type": "binary-expr",
        "locations": [
          { "start": { "line": 95, "column": 6 }, "end": { "line": 95, "column": 32 } },
          { "start": { "line": 95, "column": 36 }, "end": { "line": 95, "column": 62 } }
        ],
        "line": 95
      },
      "3": {
        "loc": { "start": { "line": 96, "column": 2 }, "end": { "line": 96, "column": 47 } },
        "type": "if",
        "locations": [
          { "start": { "line": 96, "column": 2 }, "end": { "line": 96, "column": 47 } },
          { "start": {}, "end": {} }
        ],
        "line": 96
      },
      "4": {
        "loc": { "start": { "line": 97, "column": 2 }, "end": { "line": 97, "column": 49 } },
        "type": "if",
        "locations": [
          { "start": { "line": 97, "column": 2 }, "end": { "line": 97, "column": 49 } },
          { "start": {}, "end": {} }
        ],
        "line": 97
      },
      "5": {
        "loc": { "start": { "line": 98, "column": 2 }, "end": { "line": 98, "column": 47 } },
        "type": "if",
        "locations": [
          { "start": { "line": 98, "column": 2 }, "end": { "line": 98, "column": 47 } },
          { "start": {}, "end": {} }
        ],
        "line": 98
      },
      "6": {
        "loc": { "start": { "line": 115, "column": 2 }, "end": { "line": 115, "column": 40 } },
        "type": "if",
        "locations": [
          { "start": { "line": 115, "column": 2 }, "end": { "line": 115, "column": 40 } },
          { "start": {}, "end": {} }
        ],
        "line": 115
      },
      "7": {
        "loc": { "start": { "line": 116, "column": 2 }, "end": { "line": 116, "column": 68 } },
        "type": "if",
        "locations": [
          { "start": { "line": 116, "column": 2 }, "end": { "line": 116, "column": 68 } },
          { "start": {}, "end": {} }
        ],
        "line": 116
      },
      "8": {
        "loc": { "start": { "line": 136, "column": 15 }, "end": { "line": 136, "column": 53 } },
        "type": "binary-expr",
        "locations": [
          { "start": { "line": 136, "column": 15 }, "end": { "line": 136, "column": 45 } },
          { "start": { "line": 136, "column": 49 }, "end": { "line": 136, "column": 53 } }
        ],
        "line": 136
      },
      "9": {
        "loc": { "start": { "line": 177, "column": 2 }, "end": { "line": 177, "column": 33 } },
        "type": "default-arg",
        "locations": [
          { "start": { "line": 177, "column": 13 }, "end": { "line": 177, "column": 33 } }
        ],
        "line": 177
      },
      "10": {
        "loc": { "start": { "line": 189, "column": 4 }, "end": { "line": 189, "column": 28 } },
        "type": "if",
        "locations": [
          { "start": { "line": 189, "column": 4 }, "end": { "line": 189, "column": 28 } },
          { "start": {}, "end": {} }
        ],
        "line": 189
      },
      "11": {
        "loc": { "start": { "line": 200, "column": 6 }, "end": { "line": 203, "column": 7 } },
        "type": "if",
        "locations": [
          { "start": { "line": 200, "column": 6 }, "end": { "line": 203, "column": 7 } },
          { "start": {}, "end": {} }
        ],
        "line": 200
      },
      "12": {
        "loc": { "start": { "line": 210, "column": 8 }, "end": { "line": 213, "column": 9 } },
        "type": "if",
        "locations": [
          { "start": { "line": 210, "column": 8 }, "end": { "line": 213, "column": 9 } },
          { "start": {}, "end": {} }
        ],
        "line": 210
      },
      "13": {
        "loc": { "start": { "line": 216, "column": 8 }, "end": { "line": 219, "column": 9 } },
        "type": "if",
        "locations": [
          { "start": { "line": 216, "column": 8 }, "end": { "line": 219, "column": 9 } },
          { "start": {}, "end": {} }
        ],
        "line": 216
      },
      "14": {
        "loc": { "start": { "line": 223, "column": 17 }, "end": { "line": 223, "column": 74 } },
        "type": "binary-expr",
        "locations": [
          { "start": { "line": 223, "column": 17 }, "end": { "line": 223, "column": 42 } },
          { "start": { "line": 223, "column": 46 }, "end": { "line": 223, "column": 74 } }
        ],
        "line": 223
      },
      "15": {
        "loc": { "start": { "line": 223, "column": 58 }, "end": { "line": 223, "column": 73 } },
        "type": "binary-expr",
        "locations": [
          { "start": { "line": 223, "column": 58 }, "end": { "line": 223, "column": 68 } },
          { "start": { "line": 223, "column": 72 }, "end": { "line": 223, "column": 73 } }
        ],
        "line": 223
      },
      "16": {
        "loc": { "start": { "line": 226, "column": 8 }, "end": { "line": 233, "column": 9 } },
        "type": "if",
        "locations": [
          { "start": { "line": 226, "column": 8 }, "end": { "line": 233, "column": 9 } },
          { "start": {}, "end": {} }
        ],
        "line": 226
      },
      "17": {
        "loc": { "start": { "line": 231, "column": 18 }, "end": { "line": 231, "column": 33 } },
        "type": "binary-expr",
        "locations": [
          { "start": { "line": 231, "column": 18 }, "end": { "line": 231, "column": 28 } },
          { "start": { "line": 231, "column": 32 }, "end": { "line": 231, "column": 33 } }
        ],
        "line": 231
      },
      "18": {
        "loc": { "start": { "line": 237, "column": 6 }, "end": { "line": 245, "column": 7 } },
        "type": "if",
        "locations": [
          { "start": { "line": 237, "column": 6 }, "end": { "line": 245, "column": 7 } },
          { "start": {}, "end": {} }
        ],
        "line": 237
      },
      "19": {
        "loc": { "start": { "line": 249, "column": 6 }, "end": { "line": 261, "column": 7 } },
        "type": "if",
        "locations": [
          { "start": { "line": 249, "column": 6 }, "end": { "line": 261, "column": 7 } },
          { "start": { "line": 259, "column": 13 }, "end": { "line": 261, "column": 7 } }
        ],
        "line": 249
      },
      "20": {
        "loc": { "start": { "line": 283, "column": 4 }, "end": { "line": 289, "column": 5 } },
        "type": "if",
        "locations": [
          { "start": { "line": 283, "column": 4 }, "end": { "line": 289, "column": 5 } },
          { "start": {}, "end": {} }
        ],
        "line": 283
      },
      "21": {
        "loc": { "start": { "line": 340, "column": 9 }, "end": { "line": 351, "column": 9 } },
        "type": "binary-expr",
        "locations": [
          { "start": { "line": 340, "column": 9 }, "end": { "line": 340, "column": 17 } },
          { "start": { "line": 341, "column": 10 }, "end": { "line": 350, "column": 29 } }
        ],
        "line": 340
      },
      "22": {
        "loc": { "start": { "line": 355, "column": 7 }, "end": { "line": 375, "column": 7 } },
        "type": "cond-expr",
        "locations": [
          { "start": { "line": 356, "column": 8 }, "end": { "line": 364, "column": 10 } },
          { "start": { "line": 366, "column": 8 }, "end": { "line": 374, "column": 15 } }
        ],
        "line": 355
      },
      "23": {
        "loc": { "start": { "line": 378, "column": 7 }, "end": { "line": 395, "column": 7 } },
        "type": "binary-expr",
        "locations": [
          { "start": { "line": 378, "column": 7 }, "end": { "line": 378, "column": 17 } },
          { "start": { "line": 379, "column": 8 }, "end": { "line": 394, "column": 27 } }
        ],
        "line": 378
      },
      "24": {
        "loc": { "start": { "line": 380, "column": 36 }, "end": { "line": 380, "column": 75 } },
        "type": "binary-expr",
        "locations": [
          { "start": { "line": 380, "column": 36 }, "end": { "line": 380, "column": 47 } },
          { "start": { "line": 380, "column": 51 }, "end": { "line": 380, "column": 75 } }
        ],
        "line": 380
      },
      "25": {
        "loc": { "start": { "line": 390, "column": 13 }, "end": { "line": 392, "column": 46 } },
        "type": "cond-expr",
        "locations": [
          { "start": { "line": 391, "column": 16 }, "end": { "line": 391, "column": 35 } },
          { "start": { "line": 392, "column": 16 }, "end": { "line": 392, "column": 46 } }
        ],
        "line": 390
      },
      "26": {
        "loc": { "start": { "line": 413, "column": 12 }, "end": { "line": 413, "column": 53 } },
        "type": "binary-expr",
        "locations": [
          { "start": { "line": 413, "column": 12 }, "end": { "line": 413, "column": 21 } },
          { "start": { "line": 413, "column": 25 }, "end": { "line": 413, "column": 53 } }
        ],
        "line": 413
      },
      "27": {
        "loc": { "start": { "line": 426, "column": 14 }, "end": { "line": 426, "column": 59 } },
        "type": "binary-expr",
        "locations": [
          { "start": { "line": 426, "column": 14 }, "end": { "line": 426, "column": 23 } },
          { "start": { "line": 426, "column": 27 }, "end": { "line": 426, "column": 59 } }
        ],
        "line": 426
      }
    },
    "s": {
      "0": 1,
      "1": 1,
      "2": 1,
      "3": 1,
      "4": 48,
      "5": 48,
      "6": 37,
      "7": 11,
      "8": 5,
      "9": 6,
      "10": 0,
      "11": 6,
      "12": 4,
      "13": 2,
      "14": 2,
      "15": 0,
      "16": 50,
      "17": 50,
      "18": 85,
      "19": 43,
      "20": 0,
      "21": 43,
      "22": 43,
      "23": 0,
      "24": 1,
      "25": 43,
      "26": 43,
      "27": 2,
      "28": 43,
      "29": 43,
      "30": 46,
      "31": 46,
      "32": 46,
      "33": 46,
      "34": 18,
      "35": 0,
      "36": 18,
      "37": 18,
      "38": 18,
      "39": 17,
      "40": 1,
      "41": 1,
      "42": 16,
      "43": 16,
      "44": 16,
      "45": 50,
      "46": 2,
      "47": 2,
      "48": 48,
      "49": 48,
      "50": 0,
      "51": 0,
      "52": 48,
      "53": 41,
      "54": 48,
      "55": 47,
      "56": 16,
      "57": 1,
      "58": 16,
      "59": 16,
      "60": 2,
      "61": 2,
      "62": 2,
      "63": 2,
      "64": 2,
      "65": 14,
      "66": 14,
      "67": 1,
      "68": 18,
      "69": 46,
      "70": 2,
      "71": 2,
      "72": 4,
      "73": 46,
      "74": 1,
      "75": 0,
      "76": 0,
      "77": 1,
      "78": 46,
      "79": 2,
      "80": 46,
      "81": 1,
      "82": 46,
      "83": 54,
      "84": 46,
      "85": 71,
      "86": 46,
      "87": 46,
      "88": 46,
      "89": 1,
      "90": 1
    },
    "f": {
      "0": 48,
      "1": 50,
      "2": 85,
      "3": 43,
      "4": 43,
      "5": 2,
      "6": 46,
      "7": 18,
      "8": 41,
      "9": 2,
      "10": 14,
      "11": 2,
      "12": 2,
[...]
        ],
        "line": 189
      },
      "9": {
        "loc": { "start": { "line": 200, "column": 4 }, "end": { "line": 202, "column": 5 } },
        "type": "if",
        "locations": [
          { "start": { "line": 200, "column": 4 }, "end": { "line": 202, "column": 5 } },
          { "start": {}, "end": {} }
        ],
        "line": 200
      },
      "10": {
        "loc": { "start": { "line": 206, "column": 4 }, "end": { "line": 208, "column": 5 } },
        "type": "if",
        "locations": [
          { "start": { "line": 206, "column": 4 }, "end": { "line": 208, "column": 5 } },
          { "start": {}, "end": {} }
        ],
        "line": 206
      },
      "11": {
        "loc": { "start": { "line": 212, "column": 4 }, "end": { "line": 214, "column": 5 } },
        "type": "if",
        "locations": [
          { "start": { "line": 212, "column": 4 }, "end": { "line": 214, "column": 5 } },
          { "start": {}, "end": {} }
        ],
        "line": 212
      },
      "12": {
        "loc": { "start": { "line": 216, "column": 11 }, "end": { "line": 216, "column": 58 } },
        "type": "cond-expr",
        "locations": [
          { "start": { "line": 216, "column": 42 }, "end": { "line": 216, "column": 46 } },
          { "start": { "line": 216, "column": 49 }, "end": { "line": 216, "column": 58 } }
        ],
        "line": 216
      },
      "13": {
        "loc": { "start": { "line": 234, "column": 6 }, "end": { "line": 236, "column": 7 } },
        "type": "if",
        "locations": [
          { "start": { "line": 234, "column": 6 }, "end": { "line": 236, "column": 7 } },
          { "start": {}, "end": {} }
        ],
        "line": 234
      },
      "14": {
        "loc": { "start": { "line": 250, "column": 4 }, "end": { "line": 252, "column": 5 } },
        "type": "if",
        "locations": [
          { "start": { "line": 250, "column": 4 }, "end": { "line": 252, "column": 5 } },
          { "start": {}, "end": {} }
        ],
        "line": 250
      },
      "15": {
        "loc": { "start": { "line": 256, "column": 4 }, "end": { "line": 258, "column": 5 } },
        "type": "if",
        "locations": [
          { "start": { "line": 256, "column": 4 }, "end": { "line": 258, "column": 5 } },
          { "start": {}, "end": {} }
        ],
        "line": 256
      },
      "16": {
        "loc": { "start": { "line": 262, "column": 4 }, "end": { "line": 264, "column": 5 } },
        "type": "if",
        "locations": [
          { "start": { "line": 262, "column": 4 }, "end": { "line": 264, "column": 5 } },
          { "start": {}, "end": {} }
        ],
        "line": 262
      },
      "17": {
        "loc": { "start": { "line": 268, "column": 4 }, "end": { "line": 270, "column": 5 } },
        "type": "if",
        "locations": [
          { "start": { "line": 268, "column": 4 }, "end": { "line": 270, "column": 5 } },
          { "start": {}, "end": {} }
        ],
        "line": 268
      },
      "18": {
        "loc": { "start": { "line": 274, "column": 4 }, "end": { "line": 276, "column": 5 } },
        "type": "if",
        "locations": [
          { "start": { "line": 274, "column": 4 }, "end": { "line": 276, "column": 5 } },
          { "start": {}, "end": {} }
        ],
        "line": 274
      },
      "19": {
        "loc": { "start": { "line": 280, "column": 4 }, "end": { "line": 282, "column": 5 } },
        "type": "if",
        "locations": [
          { "start": { "line": 280, "column": 4 }, "end": { "line": 282, "column": 5 } },
          { "start": {}, "end": {} }
        ],
        "line": 280
      },
      "20": {
        "loc": { "start": { "line": 286, "column": 4 }, "end": { "line": 288, "column": 5 } },
        "type": "if",
        "locations": [
          { "start": { "line": 286, "column": 4 }, "end": { "line": 288, "column": 5 } },
          { "start": {}, "end": {} }
        ],
        "line": 286
      },
      "21": {
        "loc": { "start": { "line": 292, "column": 4 }, "end": { "line": 294, "column": 5 } },
        "type": "if",
        "locations": [
          { "start": { "line": 292, "column": 4 }, "end": { "line": 294, "column": 5 } },
          { "start": {}, "end": {} }
        ],
        "line": 292
      },
      "22": {
        "loc": { "start": { "line": 304, "column": 4 }, "end": { "line": 306, "column": 5 } },
        "type": "if",
        "locations": [
          { "start": { "line": 304, "column": 4 }, "end": { "line": 306, "column": 5 } },
          { "start": {}, "end": {} }
        ],
        "line": 304
      },
      "23": {
        "loc": { "start": { "line": 308, "column": 4 }, "end": { "line": 310, "column": 5 } },
        "type": "if",
        "locations": [
          { "start": { "line": 308, "column": 4 }, "end": { "line": 310, "column": 5 } },
          { "start": {}, "end": {} }
        ],
        "line": 308
      },
      "24": {
        "loc": { "start": { "line": 314, "column": 4 }, "end": { "line": 316, "column": 5 } },
        "type": "if",
        "locations": [
          { "start": { "line": 314, "column": 4 }, "end": { "line": 316, "column": 5 } },
          { "start": {}, "end": {} }
        ],
        "line": 314
      },
      "25": {
        "loc": { "start": { "line": 320, "column": 4 }, "end": { "line": 322, "column": 5 } },
        "type": "if",
        "locations": [
          { "start": { "line": 320, "column": 4 }, "end": { "line": 322, "column": 5 } },
          { "start": {}, "end": {} }
        ],
        "line": 320
      },
      "26": {
        "loc": { "start": { "line": 326, "column": 4 }, "end": { "line": 328, "column": 5 } },
        "type": "if",
        "locations": [
          { "start": { "line": 326, "column": 4 }, "end": { "line": 328, "column": 5 } },
          { "start": {}, "end": {} }
        ],
        "line": 326
      },
      "27": {
        "loc": { "start": { "line": 344, "column": 4 }, "end": { "line": 350, "column": 5 } },
        "type": "if",
        "locations": [
          { "start": { "line": 344, "column": 4 }, "end": { "line": 350, "column": 5 } },
          { "start": {}, "end": {} }
        ],
        "line": 344
      },
      "28": {
        "loc": { "start": { "line": 344, "column": 8 }, "end": { "line": 344, "column": 28 } },
        "type": "binary-expr",
        "locations": [
          { "start": { "line": 344, "column": 8 }, "end": { "line": 344, "column": 16 } },
          { "start": { "line": 344, "column": 20 }, "end": { "line": 344, "column": 28 } }
        ],
        "line": 344
      },
      "29": {
        "loc": { "start": { "line": 346, "column": 6 }, "end": { "line": 348, "column": 7 } },
        "type": "if",
        "locations": [
          { "start": { "line": 346, "column": 6 }, "end": { "line": 348, "column": 7 } },
          { "start": {}, "end": {} }
        ],
        "line": 346
      },
      "30": {
        "loc": { "start": { "line": 352, "column": 11 }, "end": { "line": 352, "column": 37 } },
        "type": "binary-expr",
        "locations": [
          { "start": { "line": 352, "column": 11 }, "end": { "line": 352, "column": 19 } },
          { "start": { "line": 352, "column": 23 }, "end": { "line": 352, "column": 31 } },
          { "start": { "line": 352, "column": 35 }, "end": { "line": 352, "column": 37 } }
        ],
        "line": 352
      },
      "31": {
        "loc": { "start": { "line": 368, "column": 4 }, "end": { "line": 370, "column": 5 } },
        "type": "if",
        "locations": [
          { "start": { "line": 368, "column": 4 }, "end": { "line": 370, "column": 5 } },
          { "start": {}, "end": {} }
        ],
        "line": 368
      },
      "32": {
        "loc": { "start": { "line": 368, "column": 8 }, "end": { "line": 368, "column": 47 } },
        "type": "binary-expr",
        "locations": [
          { "start": { "line": 368, "column": 8 }, "end": { "line": 368, "column": 16 } },
          { "start": { "line": 368, "column": 20 }, "end": { "line": 368, "column": 47 } }
        ],
        "line": 368
      },
      "33": {
        "loc": { "start": { "line": 377, "column": 4 }, "end": { "line": 379, "column": 5 } },
        "type": "if",
        "locations": [
          { "start": { "line": 377, "column": 4 }, "end": { "line": 379, "column": 5 } },
          { "start": {}, "end": {} }
        ],
        "line": 377
      },
      "34": {
        "loc": { "start": { "line": 387, "column": 4 }, "end": { "line": 389, "column": 5 } },
        "type": "if",
        "locations": [
          { "start": { "line": 387, "column": 4 }, "end": { "line": 389, "column": 5 } },
          { "start": {}, "end": {} }
        ],
        "line": 387
      },
      "35": {
        "loc": { "start": { "line": 387, "column": 8 }, "end": { "line": 387, "column": 49 } },
        "type": "binary-expr",
        "locations": [
          { "start": { "line": 387, "column": 8 }, "end": { "line": 387, "column": 19 } },
          { "start": { "line": 387, "column": 23 }, "end": { "line": 387, "column": 35 } },
          { "start": { "line": 387, "column": 39 }, "end": { "line": 387, "column": 49 } }
        ],
        "line": 387
      },
      "36": {
        "loc": { "start": { "line": 392, "column": 4 }, "end": { "line": 394, "column": 5 } },
        "type": "if",
        "locations": [
          { "start": { "line": 392, "column": 4 }, "end": { "line": 394, "column": 5 } },
          { "start": {}, "end": {} }
        ],
        "line": 392
      },
      "37": {
        "loc": { "start": { "line": 392, "column": 8 }, "end": { "line": 392, "column": 34 } },
        "type": "binary-expr",
        "locations": [
          { "start": { "line": 392, "column": 8 }, "end": { "line": 392, "column": 19 } },
          { "start": { "line": 392, "column": 23 }, "end": { "line": 392, "column": 34 } }
        ],
        "line": 392
      },
      "38": {
        "loc": { "start": { "line": 396, "column": 4 }, "end": { "line": 398, "column": 5 } },
        "type": "if",
        "locations": [
          { "start": { "line": 396, "column": 4 }, "end": { "line": 398, "column": 5 } },
          { "start": {}, "end": {} }
        ],
        "line": 396
      },
      "39": {
        "loc": { "start": { "line": 396, "column": 8 }, "end": { "line": 396, "column": 31 } },
        "type": "binary-expr",
        "locations": [
          { "start": { "line": 396, "column": 8 }, "end": { "line": 396, "column": 17 } },
          { "start": { "line": 396, "column": 21 }, "end": { "line": 396, "column": 31 } }
        ],
        "line": 396
      },
      "40": {
        "loc": { "start": { "line": 400, "column": 4 }, "end": { "line": 402, "column": 5 } },
        "type": "if",
        "locations": [
          { "start": { "line": 400, "column": 4 }, "end": { "line": 402, "column": 5 } },
          { "start": {}, "end": {} }
        ],
        "line": 400
      },
      "41": {
        "loc": { "start": { "line": 400, "column": 8 }, "end": { "line": 400, "column": 27 } },
        "type": "binary-expr",
        "locations": [
          { "start": { "line": 400, "column": 8 }, "end": { "line": 400, "column": 15 } },
          { "start": { "line": 400, "column": 19 }, "end": { "line": 400, "column": 27 } }
        ],
        "line": 400
      },
      "42": {
        "loc": { "start": { "line": 408, "column": 4 }, "end": { "line": 414, "column": 5 } },
        "type": "if",
        "locations": [
          { "start": { "line": 408, "column": 4 }, "end": { "line": 414, "column": 5 } },
          { "start": {}, "end": {} }
        ],
        "line": 408
      },
      "43": {
        "loc": { "start": { "line": 409, "column": 6 }, "end": { "line": 411, "column": 28 } },
        "type": "binary-expr",
        "locations": [
          { "start": { "line": 409, "column": 6 }, "end": { "line": 409, "column": 33 } },
          { "start": { "line": 410, "column": 6 }, "end": { "line": 410, "column": 35 } },
          { "start": { "line": 411, "column": 6 }, "end": { "line": 411, "column": 28 } }
        ],
        "line": 409
      },
      "44": {
        "loc": { "start": { "line": 429, "column": 4 }, "end": { "line": 431, "column": 5 } },
        "type": "if",
        "locations": [
          { "start": { "line": 429, "column": 4 }, "end": { "line": 431, "column": 5 } },
          { "start": {}, "end": {} }
        ],
        "line": 429
      },
      "45": {
        "loc": { "start": { "line": 429, "column": 8 }, "end": { "line": 429, "column": 51 } },
        "type": "binary-expr",
        "locations": [
          { "start": { "line": 429, "column": 8 }, "end": { "line": 429, "column": 18 } },
          { "start": { "line": 429, "column": 22 }, "end": { "line": 429, "column": 51 } }
        ],
        "line": 429
      },
      "46": {
        "loc": { "start": { "line": 440, "column": 23 }, "end": { "line": 440, "column": 98 } },
        "type": "binary-expr",
        "locations": [
          { "start": { "line": 440, "column": 23 }, "end": { "line": 440, "column": 46 } },
          { "start": { "line": 440, "column": 50 }, "end": { "line": 440, "column": 73 } },
          { "start": { "line": 440, "column": 77 }, "end": { "line": 440, "column": 98 } }
        ],
        "line": 440
      },
      "47": {
        "loc": { "start": { "line": 446, "column": 4 }, "end": { "line": 448, "column": 5 } },
        "type": "if",
        "locations": [
          { "start": { "line": 446, "column": 4 }, "end": { "line": 448, "column": 5 } },
          { "start": {}, "end": {} }
        ],
        "line": 446
      },
      "48": {
        "loc": { "start": { "line": 451, "column": 11 }, "end": { "line": 451, "column": 50 } },
        "type": "cond-expr",
        "locations": [
          { "start": { "line": 451, "column": 24 }, "end": { "line": 451, "column": 41 } },
          { "start": { "line": 451, "column": 44 }, "end": { "line": 451, "column": 50 } }
        ],
        "line": 451
      },
      "49": {
        "loc": { "start": { "line": 497, "column": 29 }, "end": { "line": 497, "column": 73 } },
        "type": "cond-expr",
        "locations": [
          { "start": { "line": 497, "column": 55 }, "end": { "line": 497, "column": 63 } },
          { "start": { "line": 497, "column": 66 }, "end": { "line": 497, "column": 73 } }
        ],
        "line": 497
      },
      "50": {
        "loc": { "start": { "line": 500, "column": 27 }, "end": { "line": 500, "column": 79 } },
        "type": "binary-expr",
        "locations": [
          { "start": { "line": 500, "column": 27 }, "end": { "line": 500, "column": 44 } },
          { "start": { "line": 500, "column": 48 }, "end": { "line": 500, "column": 79 } }
        ],
        "line": 500
      }
    },
    "s": {
      "0": 1332,
      "1": 1332,
      "2": 1332,
      "3": 1332,
      "4": 1,
      "5": 1331,
      "6": 1331,
      "7": 1,
      "8": 1330,
      "9": 1330,
      "10": 1330,
      "11": 1,
      "12": 1,
      "13": 1329,
      "14": 1329,
      "15": 7932,
      "16": 7932,
      "17": 7932,
      "18": 7924,
      "19": 7924,
      "20": 8,
      "21": 1329,
      "22": 1331,
      "23": 1331,
      "24": 1331,
      "25": 1331,
      "26": 1330,
      "27": 1330,
      "28": 1330,
      "29": 2,
      "30": 1330,
      "31": 1330,
      "32": 2,
      "33": 1330,
      "34": 1330,
      "35": 2,
      "36": 1330,
      "37": 1333,
      "38": 1333,
      "39": 1333,
      "40": 7939,
      "41": 7939,
      "42": 7939,
      "43": 1333,
      "44": 7932,
      "45": 7932,
      "46": 7932,
      "47": 7912,
      "48": 7932,
      "49": 7932,
      "50": 7930,
      "51": 7932,
      "52": 7932,
      "53": 7930,
      "54": 7932,
      "55": 7932,
      "56": 7930,
      "57": 7932,
      "58": 7932,
      "59": 7929,
      "60": 7932,
      "61": 7932,
      "62": 5,
      "63": 7932,
      "64": 7932,
      "65": 0,
      "66": 7932,
      "67": 7932,
      "68": 0,
      "69": 7932,
      "70": 7932,
      "71": 2,
      "72": 7930,
      "73": 1,
      "74": 7929,
      "75": 7929,
      "76": 3,
      "77": 7926,
      "78": 7926,
      "79": 1,
      "80": 7925,
      "81": 7925,
      "82": 1,
      "83": 7924,
      "84": 7925,
      "85": 4,
      "86": 3,
      "87": 1,
      "88": 7921,
      "89": 7945,
      "90": 1,
      "91": 7944,
      "92": 7944,
      "93": 5,
      "94": 7939,
      "95": 7939,
      "96": 7939,
      "97": 7939,
      "98": 1,
      "99": 7938,
      "100": 0,
      "101": 7938,
      "102": 1,
      "103": 7937,
      "104": 1,
      "105": 7936,
      "106": 7936,
      "107": 2,
      "108": 7934,
      "109": 7938,
      "110": 1,
      "111": 7937,
      "112": 7937,
      "113": 7937,
      "114": 7937,
      "115": 7937,
      "116": 7937,
      "117": 3,
      "118": 7934,
      "119": 7909,
      "120": 7909,
      "121": 7909,
      "122": 7909,
      "123": 1304,
      "124": 1304,
      "125": 1304,
      "126": 1304,
      "127": 1304,
      "128": 1304,
      "129": 1304,
      "130": 1304,
      "131": 1304,
      "132": 1304,
      "133": 1304,
      "134": 1304,
      "135": 1304,
      "136": 1304,
      "137": 1304,
      "138": 1304,
      "139": 1304,
      "140": 7900,
      "141": 7900,
      "142": 7900,
      "143": 7900,
      "144": 7900,
      "145": 7900,
      "146": 7900,
      "147": 1304,
      "148": 1304,
      "149": 1304,
      "150": 1304,
      "151": 1304,
      "152": 1304,
      "153": 4,
      "154": 4,
      "155": 4,
      "156": 7900,
      "157": 7934,
      "158": 4
    },
    "f": {
      "0": 1332,
      "1": 1331,
      "2": 1330,
      "3": 1333,
      "4": 7932,
      "5": 7932,
      "6": 7925,
      "7": 7945,
      "8": 7938,
      "9": 7909,
      "10": 1304,
      "11": 4,
      "12": 7900,
      "13": 7934
    },
    "b": {
      "0": [1, 1331],
      "1": [1332, 1331],
      "2": [1, 1330],
      "3": [1, 1329],
      "4": [7924, 0],
      "5": [8, 0],
      "6": [1331, 19],
      "7": [1331, 21],
      "8": [1331, 1, 1],
      "9": [2, 1328],
      "10": [2, 1328],
      "11": [2, 1328],
      "12": [2, 1328],
      "13": [7939, 0],
      "14": [7912, 20],
      "15": [7930, 2],
      "16": [7930, 2],
      "17": [7930, 2],
      "18": [7929, 3],
      "19": [5, 7927],
      "20": [0, 7932],
      "21": [0, 7932],
      "22": [2, 7930],
      "23": [1, 7929],
      "24": [3, 7926],
      "25": [1, 7925],
      "26": [1, 7924],
      "27": [4, 7921],
      "28": [7925, 7923],
      "29": [3, 1],
      "30": [7921, 2, 1],
      "31": [1, 7944],
      "32": [7945, 7944],
      "33": [5, 7939],
      "34": [1, 7938],
      "35": [7939, 7938, 7938],
      "36": [0, 7938],
      "37": [7938, 7938],
      "38": [1, 7937],
      "39": [7938, 7938],
      "40": [1, 7936],
      "41": [7937, 7937],
      "42": [2, 7934],
      "43": [7936, 7936, 7934],
      "44": [1, 7937],
      "45": [7938, 7937],
      "46": [7937, 7527, 1],
      "47": [3, 7934],
      "48": [409, 7525],
      "49": [7504, 396],
      "50": [7900, 4]
    },
    "_coverageSchema": "1a1c01bbd47fc00a2c39e90264f33305004495a9",
    "hash": "80c951091acfd1fa4a18c81a1e47047ebf736817"
  },
  "C:\\Users\\gutao\\Desktop\\Projeto\\organizador\\gg-economy-mobile\\src\\services\\import\\index.ts": {
    "path": "C:\\Users\\gutao\\Desktop\\Projeto\\organizador\\gg-economy-mobile\\src\\services\\import\\index.ts",
    "statementMap": {},
    "fnMap": {},
    "branchMap": {},
    "s": {},
    "f": {},
    "b": {}
  },
  "C:\\Users\\gutao\\Desktop\\Projeto\\organizador\\gg-economy-mobile\\src\\services\\import\\types.ts": {
    "path": "C:\\Users\\gutao\\Desktop\\Projeto\\organizador\\gg-economy-mobile\\src\\services\\import\\types.ts",
    "statementMap": {},
    "fnMap": {},
    "branchMap": {},
    "s": {},
    "f": {},
    "b": {}
  }
}
