TN:
SF:src\components\import\ImportSummary.tsx
FN:48,(anonymous_0)
FN:66,FileResultItem
FN:75,(anonymous_2)
FN:175,ImportSummaryComponent
FN:185,(anonymous_4)
FN:197,(anonymous_5)
FN:197,(anonymous_6)
FN:209,(anonymous_7)
FN:216,(anonymous_8)
FN:223,(anonymous_9)
FN:231,(anonymous_10)
FN:236,(anonymous_11)
FN:241,(anonymous_12)
FN:247,(anonymous_13)
FN:297,(anonymous_14)
FNF:15
FNH:15
FNDA:97,(anonymous_0)
FNDA:97,FileResultItem
FNDA:97,(anonymous_2)
FNDA:44,ImportSummaryComponent
FNDA:44,(anonymous_4)
FNDA:44,(anonymous_5)
FNDA:97,(anonymous_6)
FNDA:1,(anonymous_7)
FNDA:1,(anonymous_8)
FNDA:1,(anonymous_9)
FNDA:97,(anonymous_10)
FNDA:141,(anonymous_11)
FNDA:44,(anonymous_12)
FNDA:44,(anonymous_13)
FNDA:44,(anonymous_14)
DA:48,1
DA:49,97
DA:50,69
DA:51,4
DA:57,1
DA:66,1
DA:71,97
DA:72,97
DA:73,97
DA:75,97
DA:76,97
DA:77,28
DA:79,69
DA:80,69
DA:81,69
DA:86,69
DA:87,65
DA:93,69
DA:95,0
DA:98,97
DA:139,1
DA:181,44
DA:184,44
DA:186,44
DA:196,44
DA:197,97
DA:201,44
DA:202,44
DA:203,44
DA:204,44
DA:209,44
DA:210,1
DA:216,44
DA:217,1
DA:223,44
DA:224,1
DA:230,44
DA:231,97
DA:235,44
DA:236,141
DA:241,44
DA:242,44
DA:243,33
DA:244,27
DA:247,44
DA:248,44
DA:249,11
DA:251,33
DA:252,6
DA:257,27
DA:260,44
DA:298,44
DA:464,1
DA:703,1
LF:54
LH:53
BRDA:49,0,0,28
BRDA:49,0,1,69
BRDA:50,1,0,65
BRDA:50,1,1,4
BRDA:76,2,0,28
BRDA:76,2,1,69
BRDA:76,3,0,97
BRDA:76,3,1,28
BRDA:79,4,0,69
BRDA:79,4,1,0
BRDA:86,5,0,65
BRDA:86,5,1,4
BRDA:102,6,0,97
BRDA:102,6,1,28
BRDA:114,7,0,97
BRDA:114,7,1,28
BRDA:123,8,0,97
BRDA:123,8,1,28
BRDA:202,9,0,44
BRDA:202,9,1,11
BRDA:242,10,0,11
BRDA:242,10,1,33
BRDA:243,11,0,6
BRDA:243,11,1,27
BRDA:248,12,0,11
BRDA:248,12,1,33
BRDA:251,13,0,6
BRDA:251,13,1,27
BRDA:276,14,0,44
BRDA:276,14,1,11
BRDA:285,15,0,44
BRDA:285,15,1,11
BRDA:310,16,0,44
BRDA:310,16,1,33
BRDA:325,17,0,33
BRDA:325,17,1,26
BRDA:348,18,0,44
BRDA:348,18,1,33
BRDA:348,18,2,26
BRDA:353,19,0,26
BRDA:353,19,1,24
BRDA:363,20,0,26
BRDA:363,20,1,24
BRDA:373,21,0,26
BRDA:373,21,1,24
BRDA:404,22,0,44
BRDA:404,22,1,17
BRDA:420,23,0,44
BRDA:420,23,1,32
BRDA:439,24,0,44
BRDA:439,24,1,12
BRDA:439,24,2,1
BRDA:450,25,0,44
BRDA:450,25,1,12
BRDA:450,25,2,1
BRF:55
BRH:54
end_of_record
TN:
SF:src\components\import\ManualEntryForm.tsx
FN:72,formatDate
FN:83,formatAmountDisplay
FN:92,parseAmountToCents
FN:108,getReferenceMonth
FN:117,formatAmountFromCents
FN:128,CategoryItem
FN:137,(anonymous_6)
FN:177,ManualEntryFormComponent
FN:205,(anonymous_8)
FN:206,(anonymous_9)
FN:214,(anonymous_10)
FN:247,(anonymous_11)
FN:256,(anonymous_12)
FN:268,(anonymous_13)
FN:272,(anonymous_14)
FN:281,(anonymous_15)
FN:288,(anonymous_16)
FN:296,(anonymous_17)
FN:303,(anonymous_18)
FN:310,(anonymous_19)
FN:317,(anonymous_20)
FN:324,(anonymous_21)
FN:352,(anonymous_22)
FN:360,(anonymous_23)
FN:370,(anonymous_24)
FN:378,(anonymous_25)
FN:624,(anonymous_26)
FNF:27
FNH:16
FNDA:58,formatDate
FNDA:11,formatAmountDisplay
FNDA:19,parseAmountToCents
FNDA:9,getReferenceMonth
FNDA:6,formatAmountFromCents
FNDA:0,CategoryItem
FNDA:0,(anonymous_6)
FNDA:52,ManualEntryFormComponent
FNDA:31,(anonymous_8)
FNDA:60,(anonymous_9)
FNDA:16,(anonymous_10)
FNDA:0,(anonymous_11)
FNDA:0,(anonymous_12)
FNDA:11,(anonymous_13)
FNDA:11,(anonymous_14)
FNDA:2,(anonymous_15)
FNDA:0,(anonymous_16)
FNDA:1,(anonymous_17)
FNDA:0,(anonymous_18)
FNDA:0,(anonymous_19)
FNDA:0,(anonymous_20)
FNDA:16,(anonymous_21)
FNDA:2,(anonymous_22)
FNDA:0,(anonymous_23)
FNDA:0,(anonymous_24)
FNDA:31,(anonymous_25)
FNDA:0,(anonymous_26)
DA:73,58
DA:85,11
DA:86,11
DA:94,19
DA:95,19
DA:97,19
DA:98,1
DA:102,18
DA:109,9
DA:110,9
DA:111,9
DA:118,6
DA:119,6
DA:128,2
DA:137,0
DA:138,0
DA:141,0
DA:187,52
DA:188,52
DA:191,52
DA:192,52
DA:193,52
DA:194,52
DA:195,52
DA:198,52
DA:199,52
DA:202,52
DA:205,52
DA:206,60
DA:214,52
DA:215,16
DA:218,16
DA:219,0
DA:222,16
DA:223,16
DA:224,0
DA:229,16
DA:230,16
DA:231,6
DA:234,10
DA:235,10
DA:236,1
DA:240,16
DA:246,52
DA:249,0
DA:250,0
DA:253,0
DA:254,0
DA:256,0
DA:257,0
DA:258,0
DA:268,52
DA:269,11
DA:270,11
DA:272,11
DA:273,11
DA:274,11
DA:281,52
DA:282,2
DA:288,52
DA:289,0
DA:290,0
DA:296,52
DA:297,1
DA:303,52
DA:304,0
DA:310,52
DA:311,0
DA:317,52
DA:318,0
DA:324,52
DA:325,16
DA:327,16
DA:328,7
DA:329,7
DA:332,9
DA:333,9
DA:334,0
DA:337,9
DA:346,9
DA:352,52
DA:353,2
DA:359,52
DA:361,0
DA:370,52
DA:372,52
DA:373,52
DA:378,52
DA:379,31
DA:381,6
DA:382,6
DA:390,52
DA:625,0
DA:626,0
DA:742,2
DA:1122,2
LF:96
LH:75
BRDA:73,0,0,0
BRDA:73,0,1,58
BRDA:97,1,0,1
BRDA:97,1,1,18
BRDA:119,2,0,0
BRDA:119,2,1,6
BRDA:143,3,0,0
BRDA:143,3,1,0
BRDA:152,4,0,0
BRDA:152,4,1,0
BRDA:157,5,0,0
BRDA:157,5,1,0
BRDA:181,6,0,50
BRDA:182,7,0,51
BRDA:183,8,0,45
BRDA:194,9,0,52
BRDA:194,9,1,48
BRDA:206,10,0,31
BRDA:206,10,1,29
BRDA:218,11,0,0
BRDA:218,11,1,16
BRDA:223,12,0,0
BRDA:223,12,1,16
BRDA:230,13,0,6
BRDA:230,13,1,10
BRDA:235,14,0,1
BRDA:235,14,1,9
BRDA:249,15,0,0
BRDA:249,15,1,0
BRDA:253,16,0,0
BRDA:253,16,1,0
BRDA:253,17,0,0
BRDA:253,17,1,0
BRDA:327,18,0,7
BRDA:327,18,1,9
BRDA:333,19,0,0
BRDA:333,19,1,9
BRDA:341,20,0,9
BRDA:341,20,1,8
BRDA:373,21,0,52
BRDA:373,21,1,50
BRDA:379,22,0,25
BRDA:379,22,1,6
BRDA:393,23,0,52
BRDA:393,23,1,0
BRDA:412,24,0,52
BRDA:412,24,1,0
BRDA:424,25,0,52
BRDA:424,25,1,0
BRDA:434,26,0,52
BRDA:434,26,1,7
BRDA:447,27,0,52
BRDA:447,27,1,7
BRDA:485,28,0,4
BRDA:485,28,1,48
BRDA:524,29,0,52
BRDA:524,29,1,45
BRDA:524,29,2,10
BRDA:532,30,0,3
BRDA:532,30,1,49
BRDA:541,31,0,52
BRDA:541,31,1,1
BRDA:542,32,0,1
BRDA:542,32,1,0
BRDA:603,33,0,52
BRDA:603,33,1,0
BRDA:621,34,0,52
BRDA:621,34,1,4
BRDA:666,35,0,52
BRDA:666,35,1,6
BRDA:695,36,0,6
BRDA:695,36,1,0
BRF:72
BRH:49
end_of_record
TN:
SF:src\components\import\MultiFileSelector.tsx
FN:91,detectFileType
FN:106,hasValidExtension
FN:108,(anonymous_2)
FN:114,formatFileSize
FN:123,FileItem
FN:132,(anonymous_5)
FN:176,MultiFileSelectorComponent
FN:188,(anonymous_7)
FN:223,(anonymous_8)
FN:258,(anonymous_9)
FN:260,(anonymous_10)
FN:275,(anonymous_11)
FN:276,(anonymous_12)
FN:276,(anonymous_13)
FN:282,(anonymous_14)
FN:297,(anonymous_15)
FN:304,(anonymous_16)
FN:309,(anonymous_17)
FN:315,(anonymous_18)
FNF:19
FNH:19
FNDA:48,detectFileType
FNDA:50,hasValidExtension
FNDA:85,(anonymous_2)
FNDA:43,formatFileSize
FNDA:43,FileItem
FNDA:2,(anonymous_5)
FNDA:46,MultiFileSelectorComponent
FNDA:18,(anonymous_7)
FNDA:41,(anonymous_8)
FNDA:2,(anonymous_9)
FNDA:14,(anonymous_10)
FNDA:2,(anonymous_11)
FNDA:2,(anonymous_12)
FNDA:4,(anonymous_13)
FNDA:1,(anonymous_14)
FNDA:2,(anonymous_15)
FNDA:1,(anonymous_16)
FNDA:54,(anonymous_17)
FNDA:71,(anonymous_18)
DA:27,1
DA:32,1
DA:49,1
DA:80,1
DA:92,48
DA:94,48
DA:95,11
DA:96,6
DA:97,6
DA:98,2
DA:100,0
DA:107,50
DA:108,85
DA:115,43
DA:116,43
DA:117,0
DA:123,1
DA:130,43
DA:132,43
DA:133,2
DA:136,43
DA:138,43
DA:181,46
DA:182,46
DA:183,46
DA:188,46
DA:189,18
DA:191,18
DA:193,18
DA:194,18
DA:200,17
DA:201,1
DA:202,1
DA:205,16
DA:206,16
DA:208,16
DA:210,50
DA:211,2
DA:212,2
DA:215,48
DA:216,48
DA:217,0
DA:218,0
DA:222,48
DA:223,41
DA:226,48
DA:227,47
DA:237,16
DA:238,1
DA:248,16
DA:249,16
DA:250,2
DA:251,2
DA:253,2
DA:258,2
DA:260,14
DA:263,1
DA:268,18
DA:275,46
DA:276,4
DA:282,46
DA:283,1
DA:284,0
DA:288,0
DA:291,1
DA:297,46
DA:298,2
DA:304,46
DA:305,1
DA:308,46
DA:310,54
DA:315,71
DA:317,46
DA:318,46
DA:320,46
DA:440,1
DA:625,1
LF:77
LH:71
BRDA:94,0,0,37
BRDA:94,0,1,11
BRDA:95,1,0,5
BRDA:95,1,1,6
BRDA:95,2,0,11
BRDA:95,2,1,8
BRDA:96,3,0,0
BRDA:96,3,1,6
BRDA:97,4,0,4
BRDA:97,4,1,2
BRDA:98,5,0,2
BRDA:98,5,1,0
BRDA:115,6,0,0
BRDA:115,6,1,43
BRDA:116,7,0,43
BRDA:116,7,1,0
BRDA:136,8,0,43
BRDA:136,8,1,0
BRDA:177,9,0,44
BRDA:189,10,0,0
BRDA:189,10,1,18
BRDA:200,11,0,1
BRDA:200,11,1,16
BRDA:210,12,0,2
BRDA:210,12,1,48
BRDA:216,13,0,0
BRDA:216,13,1,48
BRDA:223,14,0,41
BRDA:223,14,1,1
BRDA:223,15,0,1
BRDA:223,15,1,0
BRDA:226,16,0,47
BRDA:226,16,1,1
BRDA:231,17,0,47
BRDA:231,17,1,0
BRDA:237,18,0,1
BRDA:237,18,1,15
BRDA:249,19,0,2
BRDA:249,19,1,14
BRDA:283,20,0,0
BRDA:283,20,1,1
BRDA:340,21,0,46
BRDA:340,21,1,18
BRDA:355,22,0,18
BRDA:355,22,1,28
BRDA:378,23,0,46
BRDA:378,23,1,44
BRDA:380,24,0,44
BRDA:380,24,1,0
BRDA:390,25,0,0
BRDA:390,25,1,44
BRDA:413,26,0,46
BRDA:413,26,1,28
BRDA:426,27,0,46
BRDA:426,27,1,28
BRF:55
BRH:43
end_of_record
TN:
SF:src\components\import\ProgressTracker.tsx
FN:47,FileResultItem
FN:56,(anonymous_1)
FN:62,(anonymous_2)
FN:133,ProgressTrackerComponent
FN:143,(anonymous_4)
FN:151,(anonymous_5)
FN:161,(anonymous_6)
FN:171,(anonymous_7)
FNF:8
FNH:8
FNDA:18,FileResultItem
FNDA:18,(anonymous_1)
FNDA:18,(anonymous_2)
FNDA:42,ProgressTrackerComponent
FNDA:1,(anonymous_4)
FNDA:18,(anonymous_5)
FNDA:27,(anonymous_6)
FNDA:18,(anonymous_7)
DA:36,1
DA:47,1
DA:54,18
DA:56,18
DA:57,18
DA:58,2
DA:59,0
DA:62,18
DA:63,18
DA:64,16
DA:68,2
DA:69,2
DA:71,0
DA:74,18
DA:138,42
DA:143,42
DA:144,1
DA:150,42
DA:152,18
DA:160,42
DA:161,27
DA:165,42
DA:166,42
DA:167,42
DA:168,42
DA:171,42
DA:173,42
DA:292,1
DA:490,1
LF:29
LH:27
BRDA:57,0,0,16
BRDA:57,0,1,2
BRDA:58,1,0,2
BRDA:58,1,1,0
BRDA:63,2,0,16
BRDA:63,2,1,2
BRDA:68,3,0,2
BRDA:68,3,1,0
BRDA:76,4,0,18
BRDA:76,4,1,1
BRDA:85,5,0,18
BRDA:85,5,1,1
BRDA:94,6,0,18
BRDA:94,6,1,2
BRDA:165,7,0,42
BRDA:165,7,1,0
BRDA:168,8,0,42
BRDA:168,8,1,39
BRDA:171,9,0,18
BRDA:171,9,1,2
BRDA:220,10,0,42
BRDA:220,10,1,2
BRDA:221,11,0,42
BRDA:221,11,1,3
BRDA:232,12,0,42
BRDA:232,12,1,2
BRDA:242,13,0,42
BRDA:242,13,1,9
BRDA:262,14,0,42
BRDA:262,14,1,5
BRDA:274,15,0,42
BRDA:274,15,1,5
BRDA:277,16,0,37
BRDA:277,16,1,5
BRDA:279,17,0,3
BRDA:279,17,1,2
BRF:36
BRH:33
end_of_record
TN:
SF:src\components\import\SheetSelector.tsx
FN:43,extractFilePattern
FN:102,SheetItem
FN:115,(anonymous_2)
FN:165,(anonymous_3)
FN:167,(anonymous_4)
FN:221,SheetSelectorComponent
FN:232,(anonymous_6)
FN:237,(anonymous_7)
FN:241,(anonymous_8)
FN:256,(anonymous_9)
FN:270,(anonymous_10)
FN:276,(anonymous_11)
FN:277,(anonymous_12)
FN:286,(anonymous_13)
FN:291,(anonymous_14)
FN:300,(anonymous_15)
FN:312,(anonymous_16)
FN:326,(anonymous_17)
FN:343,(anonymous_18)
FN:354,(anonymous_19)
FNF:20
FNH:19
FNDA:23,extractFilePattern
FNDA:91,SheetItem
FNDA:10,(anonymous_2)
FNDA:266,(anonymous_3)
FNDA:798,(anonymous_4)
FNDA:65,SheetSelectorComponent
FNDA:32,(anonymous_6)
FNDA:32,(anonymous_7)
FNDA:0,(anonymous_8)
FNDA:61,(anonymous_9)
FNDA:42,(anonymous_10)
FNDA:100,(anonymous_11)
FNDA:100,(anonymous_12)
FNDA:20,(anonymous_13)
FNDA:30,(anonymous_14)
FNDA:10,(anonymous_15)
FNDA:3,(anonymous_16)
FNDA:1,(anonymous_17)
FNDA:110,(anonymous_18)
FNDA:140,(anonymous_19)
DA:27,1
DA:44,23
DA:47,22
DA:48,22
DA:49,22
DA:55,22
DA:76,22
DA:77,0
DA:80,22
DA:102,1
DA:113,91
DA:115,91
DA:116,10
DA:119,91
DA:166,266
DA:168,798
DA:228,65
DA:229,65
DA:232,65
DA:233,32
DA:237,65
DA:238,32
DA:239,0
DA:241,0
DA:242,0
DA:244,0
DA:247,65
DA:248,65
DA:249,65
DA:250,65
DA:251,65
DA:256,65
DA:257,61
DA:258,30
DA:259,30
DA:261,61
DA:262,30
DA:263,30
DA:270,65
DA:271,42
DA:272,12
DA:276,30
DA:277,100
DA:278,100
DA:279,20
DA:281,80
DA:286,30
DA:287,20
DA:288,20
DA:291,30
DA:292,30
DA:299,65
DA:301,10
DA:302,10
DA:303,10
DA:312,65
DA:313,3
DA:315,3
DA:316,0
DA:318,3
DA:326,65
DA:327,1
DA:328,1
DA:329,1
DA:330,1
DA:332,1
DA:333,0
DA:335,1
DA:342,65
DA:344,110
DA:354,140
DA:356,65
DA:357,65
DA:359,65
DA:447,1
DA:645,1
LF:76
LH:69
BRDA:44,0,0,1
BRDA:44,0,1,22
BRDA:48,1,0,21
BRDA:48,1,1,1
BRDA:49,2,0,21
BRDA:49,2,1,1
BRDA:76,3,0,0
BRDA:76,3,1,22
BRDA:123,4,0,91
BRDA:123,4,1,10
BRDA:124,5,0,91
BRDA:124,5,1,0
BRDA:124,5,2,0
BRDA:137,6,0,91
BRDA:137,6,1,10
BRDA:143,7,0,91
BRDA:143,7,1,0
BRDA:157,8,0,91
BRDA:157,8,1,89
BRDA:172,9,0,798
BRDA:172,9,1,267
BRDA:176,10,0,798
BRDA:176,10,1,0
BRDA:186,11,0,91
BRDA:186,11,1,10
BRDA:225,12,0,2
BRDA:233,13,0,0
BRDA:233,13,1,32
BRDA:238,14,0,32
BRDA:238,14,1,0
BRDA:241,15,0,0
BRDA:241,15,1,0
BRDA:241,16,0,0
BRDA:241,16,1,0
BRDA:257,17,0,30
BRDA:257,17,1,31
BRDA:261,18,0,30
BRDA:261,18,1,31
BRDA:271,19,0,12
BRDA:271,19,1,30
BRDA:271,20,0,42
BRDA:271,20,1,32
BRDA:278,21,0,20
BRDA:278,21,1,80
BRDA:313,22,0,3
BRDA:313,22,1,0
BRDA:315,23,0,0
BRDA:315,23,1,3
BRDA:327,24,0,1
BRDA:327,24,1,0
BRDA:332,25,0,0
BRDA:332,25,1,1
BRDA:357,26,0,65
BRDA:357,26,1,54
BRDA:370,27,0,65
BRDA:370,27,1,34
BRDA:400,28,0,65
BRDA:400,28,1,55
BRDA:418,29,0,65
BRDA:418,29,1,55
BRDA:431,30,0,65
BRDA:431,30,1,55
BRDA:434,31,0,10
BRDA:434,31,1,55
BRF:64
BRH:49
end_of_record
TN:
SF:src\hooks\useImportPreferences.ts
FN:103,(anonymous_0)
FN:106,(anonymous_1)
FN:110,(anonymous_2)
FN:111,(anonymous_3)
FN:119,(anonymous_4)
FN:123,(anonymous_5)
FN:127,(anonymous_6)
FN:131,(anonymous_7)
FN:135,(anonymous_8)
FN:141,(anonymous_9)
FN:142,(anonymous_10)
FN:148,(anonymous_11)
FN:148,(anonymous_12)
FN:206,useImportPreferences
FN:208,(anonymous_14)
FN:209,(anonymous_15)
FN:210,(anonymous_16)
FN:211,(anonymous_17)
FN:214,(anonymous_18)
FN:215,(anonymous_19)
FN:216,(anonymous_20)
FN:217,(anonymous_21)
FN:218,(anonymous_22)
FN:219,(anonymous_23)
FN:223,(anonymous_24)
FN:230,(anonymous_25)
FN:237,(anonymous_26)
FN:244,(anonymous_27)
FN:250,(anonymous_28)
FN:254,(anonymous_29)
FN:283,useLastManualCategory
FN:284,(anonymous_31)
FN:294,useSetLastManualCategory
FN:295,(anonymous_33)
FN:303,getLastManualCategorySync
FN:312,setLastManualCategorySync
FNF:36
FNH:36
FNDA:2,(anonymous_0)
FNDA:12,(anonymous_1)
FNDA:17,(anonymous_2)
FNDA:17,(anonymous_3)
FNDA:2,(anonymous_4)
FNDA:18,(anonymous_5)
FNDA:2,(anonymous_6)
FNDA:6,(anonymous_7)
FNDA:45,(anonymous_8)
FNDA:2,(anonymous_9)
FNDA:104,(anonymous_10)
FNDA:2,(anonymous_11)
FNDA:2,(anonymous_12)
FNDA:120,useImportPreferences
FNDA:399,(anonymous_14)
FNDA:399,(anonymous_15)
FNDA:399,(anonymous_16)
FNDA:399,(anonymous_17)
FNDA:399,(anonymous_18)
FNDA:399,(anonymous_19)
FNDA:399,(anonymous_20)
FNDA:399,(anonymous_21)
FNDA:399,(anonymous_22)
FNDA:399,(anonymous_23)
FNDA:10,(anonymous_24)
FNDA:14,(anonymous_25)
FNDA:2,(anonymous_26)
FNDA:10,(anonymous_27)
FNDA:2,(anonymous_28)
FNDA:2,(anonymous_29)
FNDA:4,useLastManualCategory
FNDA:13,(anonymous_31)
FNDA:2,useSetLastManualCategory
FNDA:7,(anonymous_33)
FNDA:4,getLastManualCategorySync
FNDA:4,setLastManualCategorySync
DA:89,2
DA:101,2
DA:103,2
DA:107,12
DA:111,17
DA:120,2
DA:124,18
DA:128,2
DA:132,6
DA:136,45
DA:141,2
DA:142,104
DA:148,2
DA:150,2
DA:208,399
DA:209,399
DA:210,399
DA:211,399
DA:214,399
DA:215,399
DA:216,399
DA:217,399
DA:218,399
DA:219,399
DA:222,120
DA:224,10
DA:229,120
DA:231,14
DA:236,120
DA:238,2
DA:243,120
DA:245,10
DA:250,120
DA:251,2
DA:254,120
DA:255,2
DA:258,120
DA:284,13
DA:295,7
DA:304,4
DA:313,4
LF:41
LH:41
BRF:0
BRH:0
end_of_record
TN:
SF:src\services\import\CsvParser.ts
FN:102,(anonymous_0)
FN:109,(anonymous_1)
FN:202,(anonymous_2)
FN:241,(anonymous_3)
FN:242,(anonymous_4)
FN:257,(anonymous_5)
FN:282,(anonymous_6)
FN:311,(anonymous_7)
FN:315,(anonymous_8)
FN:319,(anonymous_9)
FN:362,(anonymous_10)
FN:371,(anonymous_11)
FN:377,(anonymous_12)
FN:389,(anonymous_13)
FN:395,(anonymous_14)
FN:416,(anonymous_15)
FN:449,(anonymous_16)
FN:496,(anonymous_17)
FN:530,(anonymous_18)
FN:578,(anonymous_19)
FN:631,(anonymous_20)
FN:661,(anonymous_21)
FN:681,(anonymous_22)
FNF:23
FNH:23
FNDA:2056,(anonymous_0)
FNDA:19776,(anonymous_1)
FNDA:1757,(anonymous_2)
FNDA:6,(anonymous_3)
FNDA:6,(anonymous_4)
FNDA:22104,(anonymous_5)
FNDA:2054,(anonymous_6)
FNDA:2083,(anonymous_7)
FNDA:20568,(anonymous_8)
FNDA:39016,(anonymous_9)
FNDA:2,(anonymous_10)
FNDA:6,(anonymous_11)
FNDA:2,(anonymous_12)
FNDA:5,(anonymous_13)
FNDA:1752,(anonymous_14)
FNDA:21532,(anonymous_15)
FNDA:17718,(anonymous_16)
FNDA:17715,(anonymous_17)
FNDA:19684,(anonymous_18)
FNDA:19680,(anonymous_19)
FNDA:1009,(anonymous_20)
FNDA:5901,(anonymous_21)
FNDA:5901,(anonymous_22)
DA:87,6
DA:88,6
DA:89,6
DA:103,2056
DA:104,2056
DA:105,2056
DA:108,2056
DA:109,19776
DA:111,2056
DA:112,2
DA:124,2054
DA:125,2054
DA:127,2054
DA:128,0
DA:140,2054
DA:143,2054
DA:149,2054
DA:150,0
DA:151,0
DA:152,0
DA:153,0
DA:157,2054
DA:160,2054
DA:167,2054
DA:168,17718
DA:169,17718
DA:171,17718
DA:172,17718
DA:173,17708
DA:174,17708
DA:177,10
DA:185,2054
DA:203,1757
DA:204,1757
DA:207,1757
DA:213,1757
DA:214,7368
DA:216,22104
DA:217,22104
DA:222,1757
DA:223,1757
DA:225,1757
DA:226,5271
DA:227,5271
DA:229,5271
DA:230,5271
DA:233,5271
DA:234,1753
DA:235,1753
DA:236,1753
DA:237,1753
DA:239,3518
DA:241,6
DA:242,6
DA:243,2
DA:244,2
DA:245,2
DA:246,2
DA:251,1757
DA:258,22104
DA:259,22104
DA:261,22104
DA:262,535986
DA:264,535986
DA:266,3309
DA:267,711
DA:269,2598
DA:271,532677
DA:272,14997
DA:276,22104
DA:287,2054
DA:288,0
DA:298,2054
DA:299,2054
DA:302,2054
DA:303,2054
DA:304,2054
DA:305,2054
DA:308,2054
DA:309,6165
DA:311,6165
DA:312,2052
DA:313,2052
DA:315,20568
DA:316,2052
DA:317,2052
DA:319,39016
DA:320,2052
DA:321,2052
DA:326,2054
DA:327,2
DA:328,2
DA:330,2
DA:331,7
DA:334,7
DA:335,1
DA:338,6
DA:339,1
DA:342,5
DA:343,1
DA:348,2054
DA:364,2
DA:371,6
DA:379,2
DA:382,2
DA:389,5
DA:400,1752
DA:401,1752
DA:402,1752
DA:403,1752
DA:404,1752
DA:405,1752
DA:406,1749
DA:410,3
DA:417,21532
DA:418,21532
DA:419,21532
DA:421,21532
DA:422,575793
DA:424,575793
DA:425,3723
DA:427,522
DA:428,522
DA:430,3201
DA:432,572070
DA:433,43070
DA:434,43070
DA:436,529000
DA:441,21532
DA:443,21532
DA:457,17718
DA:460,17718
DA:461,17718
DA:462,3
DA:466,17715
DA:467,17715
DA:468,17715
DA:469,4
DA:473,17711
DA:474,17711
DA:475,17711
DA:476,2
DA:480,17709
DA:481,17709
DA:482,1
DA:485,17708
DA:498,17715
DA:499,17714
DA:500,17714
DA:504,4
DA:505,4
DA:506,0
DA:507,0
DA:511,4
DA:512,4
DA:513,12
DA:514,12
DA:517,4
DA:531,19684
DA:532,2
DA:535,19682
DA:538,19682
DA:539,19682
DA:540,102
DA:544,19682
DA:545,19682
DA:548,19682
DA:550,19682
DA:551,2
DA:555,19680
DA:557,19680
DA:559,1426
DA:560,1426
DA:563,18254
DA:566,19680
DA:568,19680
DA:569,53
DA:572,19627
DA:580,19680
DA:581,18254
DA:584,16669
DA:585,16669
DA:588,16669
DA:590,1
DA:591,0
DA:595,16669
DA:597,16616
DA:598,16615
DA:603,54
DA:604,54
DA:606,54
DA:608,1
DA:609,0
DA:613,54
DA:615,1
DA:616,0
DA:621,54
DA:639,1009
DA:641,1009
DA:643,1009
DA:644,1008
DA:647,1009
DA:648,5901
DA:649,5901
DA:650,5901
DA:652,5901
DA:655,1009
DA:662,5901
DA:663,5901
DA:664,5901
DA:666,5901
DA:668,521
DA:670,684
DA:672,4696
DA:674,0
DA:683,5901
DA:685,731
DA:686,731
DA:688,5170
DA:695,6
LF:220
LH:208
BRDA:102,0,0,1533
BRDA:111,1,0,2
BRDA:111,1,1,2054
BRDA:124,2,0,2054
BRDA:124,2,1,2053
BRDA:127,3,0,0
BRDA:127,3,1,2054
BRDA:140,4,0,2054
BRDA:140,4,1,1753
BRDA:149,5,0,0
BRDA:149,5,1,2054
BRDA:149,6,0,2054
BRDA:149,6,1,2054
BRDA:149,6,2,2054
BRDA:151,7,0,0
BRDA:151,7,1,0
BRDA:152,8,0,0
BRDA:152,8,1,0
BRDA:153,9,0,0
BRDA:153,9,1,0
BRDA:157,10,0,2052
BRDA:157,10,1,2
BRDA:160,11,0,2054
BRDA:160,11,1,1752
BRDA:173,12,0,17708
BRDA:173,12,1,0
BRDA:179,13,0,10
BRDA:179,13,1,0
BRDA:227,14,0,0
BRDA:227,14,1,5271
BRDA:233,15,0,1753
BRDA:233,15,1,3518
BRDA:233,16,0,5271
BRDA:233,16,1,1755
BRDA:235,17,0,1753
BRDA:235,17,1,0
BRDA:239,18,0,2
BRDA:239,18,1,3516
BRDA:244,19,0,2
BRDA:244,19,1,0
BRDA:264,20,0,3309
BRDA:264,20,1,532677
BRDA:266,21,0,711
BRDA:266,21,1,2598
BRDA:266,22,0,3309
BRDA:266,22,1,2007
BRDA:271,23,0,14997
BRDA:271,23,1,517680
BRDA:271,24,0,532677
BRDA:271,24,1,15251
BRDA:287,25,0,0
BRDA:287,25,1,2054
BRDA:291,26,0,0
BRDA:291,26,1,0
BRDA:292,27,0,0
BRDA:292,27,1,0
BRDA:293,28,0,0
BRDA:293,28,1,0
BRDA:302,29,0,2054
BRDA:302,29,1,2053
BRDA:303,30,0,2054
BRDA:303,30,1,2053
BRDA:304,31,0,2054
BRDA:304,31,1,2053
BRDA:311,32,0,2052
BRDA:311,32,1,4113
BRDA:311,33,0,6165
BRDA:311,33,1,2056
BRDA:315,34,0,2052
BRDA:315,34,1,4113
BRDA:315,35,0,6165
BRDA:315,35,1,4109
BRDA:319,36,0,2052
BRDA:319,36,1,4113
BRDA:319,37,0,6165
BRDA:319,37,1,6158
BRDA:326,38,0,2
BRDA:326,38,1,2052
BRDA:326,39,0,2054
BRDA:326,39,1,2
BRDA:334,40,0,1
BRDA:334,40,1,6
BRDA:334,41,0,7
BRDA:334,41,1,1
BRDA:338,42,0,1
BRDA:338,42,1,5
BRDA:338,43,0,6
BRDA:338,43,1,1
BRDA:342,44,0,1
BRDA:342,44,1,4
BRDA:342,45,0,5
BRDA:342,45,1,1
BRDA:342,45,2,1
BRDA:342,45,3,1
BRDA:354,46,0,2052
BRDA:354,46,1,2
BRDA:402,47,0,1752
BRDA:402,47,1,0
BRDA:402,48,0,1752
BRDA:402,48,1,1752
BRDA:405,49,0,1749
BRDA:405,49,1,3
BRDA:424,50,0,3723
BRDA:424,50,1,572070
BRDA:425,51,0,522
BRDA:425,51,1,3201
BRDA:425,52,0,3723
BRDA:425,52,1,2121
BRDA:432,53,0,43070
BRDA:432,53,1,529000
BRDA:432,54,0,572070
BRDA:432,54,1,43568
BRDA:461,55,0,3
BRDA:461,55,1,17715
BRDA:468,56,0,4
BRDA:468,56,1,17711
BRDA:475,57,0,2
BRDA:475,57,1,17709
BRDA:481,58,0,1
BRDA:481,58,1,17708
BRDA:498,59,0,17714
BRDA:498,59,1,1
BRDA:500,60,0,17711
BRDA:500,60,1,3
BRDA:505,61,0,0
BRDA:505,61,1,4
BRDA:507,62,0,0
BRDA:507,62,1,0
BRDA:514,63,0,0
BRDA:514,63,1,12
BRDA:531,64,0,2
BRDA:531,64,1,19682
BRDA:531,65,0,19684
BRDA:531,65,1,19682
BRDA:538,66,0,19682
BRDA:538,66,1,102
BRDA:539,67,0,102
BRDA:539,67,1,19580
BRDA:544,68,0,19682
BRDA:544,68,1,19004
BRDA:550,69,0,2
BRDA:550,69,1,19680
BRDA:557,70,0,1426
BRDA:557,70,1,18254
BRDA:568,71,0,53
BRDA:568,71,1,19627
BRDA:572,72,0,780
BRDA:572,72,1,18847
BRDA:580,73,0,1426
BRDA:580,73,1,18254
BRDA:581,74,0,1585
BRDA:581,74,1,16669
BRDA:584,75,0,16669
BRDA:584,75,1,53
BRDA:585,76,0,16669
BRDA:585,76,1,16668
BRDA:588,77,0,1
BRDA:588,77,1,16668
BRDA:588,78,0,16669
BRDA:588,78,1,53
BRDA:590,79,0,0
BRDA:590,79,1,1
BRDA:595,80,0,16616
BRDA:595,80,1,53
BRDA:595,81,0,16669
BRDA:595,81,1,16668
BRDA:597,82,0,16615
BRDA:597,82,1,1
BRDA:606,83,0,1
BRDA:606,83,1,53
BRDA:608,84,0,0
BRDA:608,84,1,1
BRDA:613,85,0,1
BRDA:613,85,1,53
BRDA:615,86,0,0
BRDA:615,86,1,1
BRDA:633,87,0,703
BRDA:639,88,0,807
BRDA:639,89,0,706
BRDA:639,90,0,808
BRDA:643,91,0,1008
BRDA:643,91,1,1
BRDA:666,92,0,521
BRDA:666,92,1,684
BRDA:666,92,2,4696
BRDA:666,92,3,0
BRDA:683,93,0,731
BRDA:683,93,1,5170
BRDA:683,94,0,5901
BRDA:683,94,1,5583
BRDA:683,94,2,5170
BRF:191
BRH:162
end_of_record
TN:
SF:src\services\import\DedupeEngine.ts
FN:131,(anonymous_0)
FN:180,(anonymous_1)
FN:230,(anonymous_2)
FN:259,(anonymous_3)
FN:327,(anonymous_4)
FN:356,(anonymous_5)
FN:374,(anonymous_6)
FN:403,(anonymous_7)
FN:408,(anonymous_8)
FN:430,(anonymous_9)
FN:448,(anonymous_10)
FN:466,(anonymous_11)
FN:527,(anonymous_12)
FN:541,(anonymous_13)
FN:559,(anonymous_14)
FN:613,(anonymous_15)
FN:631,(anonymous_16)
FN:649,(anonymous_17)
FN:693,(anonymous_18)
FN:702,(anonymous_19)
FN:712,(anonymous_20)
FN:723,(anonymous_21)
FN:731,(anonymous_22)
FN:760,(anonymous_23)
FN:770,(anonymous_24)
FN:777,(anonymous_25)
FN:808,(anonymous_26)
FN:818,(anonymous_27)
FN:825,(anonymous_28)
FN:832,(anonymous_29)
FNF:30
FNH:30
FNDA:237,(anonymous_0)
FNDA:2601,(anonymous_1)
FNDA:1905,(anonymous_2)
FNDA:1418,(anonymous_3)
FNDA:207,(anonymous_4)
FNDA:204,(anonymous_5)
FNDA:693,(anonymous_6)
FNDA:2,(anonymous_7)
FNDA:4045,(anonymous_8)
FNDA:4219,(anonymous_9)
FNDA:4219,(anonymous_10)
FNDA:19445,(anonymous_11)
FNDA:4047,(anonymous_12)
FNDA:3,(anonymous_13)
FNDA:639,(anonymous_14)
FNDA:15658,(anonymous_15)
FNDA:15658,(anonymous_16)
FNDA:19527,(anonymous_17)
FNDA:114998,(anonymous_18)
FNDA:119045,(anonymous_19)
FNDA:637,(anonymous_20)
FNDA:636,(anonymous_21)
FNDA:771,(anonymous_22)
FNDA:5589,(anonymous_23)
FNDA:262,(anonymous_24)
FNDA:3168,(anonymous_25)
FNDA:53097,(anonymous_26)
FNDA:53527,(anonymous_27)
FNDA:53526,(anonymous_28)
FNDA:764,(anonymous_29)
DA:121,7
DA:140,237
DA:142,237
DA:143,237
DA:146,237
DA:147,237
DA:149,237
DA:150,4106
DA:158,4106
DA:159,20
DA:161,4086
DA:165,237
DA:188,2601
DA:190,2601
DA:191,2601
DA:192,2601
DA:194,2601
DA:196,15421
DA:197,15421
DA:199,15421
DA:207,15421
DA:208,2344
DA:210,13077
DA:211,13077
DA:215,2601
DA:235,1905
DA:242,1905
DA:267,1418
DA:269,1418
DA:270,1418
DA:271,1418
DA:272,1418
DA:276,1418
DA:278,1418
DA:279,4219
DA:280,4219
DA:283,4219
DA:284,4219
DA:286,4219
DA:287,19445
DA:296,19445
DA:297,749
DA:299,18696
DA:300,18696
DA:304,4219
DA:305,4219
DA:308,1418
DA:332,207
DA:334,207
DA:370,204
DA:371,204
DA:374,204
DA:375,693
DA:376,693
DA:377,693
DA:378,693
DA:385,204
DA:389,204
DA:390,204
DA:391,693
DA:394,204
DA:401,204
DA:402,204
DA:403,2
DA:406,204
DA:407,693
DA:408,4045
DA:410,693
DA:413,204
DA:415,204
DA:433,4219
DA:435,4219
DA:436,25625
DA:437,25625
DA:438,21785
DA:442,4219
DA:451,4219
DA:453,4219
DA:454,25625
DA:455,25625
DA:456,25625
DA:457,25625
DA:460,4219
DA:479,19445
DA:480,16510
DA:481,16510
DA:482,507
DA:494,18938
DA:495,18938
DA:497,18938
DA:499,18938
DA:500,243
DA:505,243
DA:510,242
DA:521,18938
DA:528,4047
DA:529,4047
DA:530,4047
DA:531,4047
DA:545,3
DA:564,639
DA:567,639
DA:568,93
DA:569,2
DA:574,637
DA:575,1
DA:578,636
DA:579,1
DA:583,635
DA:584,635
DA:589,635
DA:591,504
DA:592,504
DA:593,131
DA:595,2
DA:596,2
DA:602,129
DA:606,129
DA:607,129
DA:616,15658
DA:618,15658
DA:619,52890
DA:620,52890
DA:621,44775
DA:625,15658
DA:634,15658
DA:636,15658
DA:637,52890
DA:638,52890
DA:639,52890
DA:640,52890
DA:643,15658
DA:657,19527
DA:658,16508
DA:659,16508
DA:660,1982
DA:670,17545
DA:671,17545
DA:673,17545
DA:675,17545
DA:676,388
DA:677,388
DA:678,388
DA:687,17545
DA:694,114998
DA:695,114998
DA:696,114998
DA:703,119045
DA:704,119045
DA:705,119045
DA:706,119045
DA:713,637
DA:724,636
DA:733,771
DA:734,771
DA:737,771
DA:738,508
DA:742,263
DA:743,1
DA:747,262
DA:748,262
DA:751,262
DA:761,5589
DA:771,262
DA:772,262
DA:775,262
DA:777,3168
DA:780,262
DA:781,3168
DA:783,262
DA:784,2979
DA:788,262
DA:789,2906
DA:790,32244
DA:791,1068
DA:793,31176
DA:802,262
DA:809,53097
DA:810,53063
DA:812,34
DA:819,53527
DA:826,53526
DA:833,764
DA:840,7
LF:184
LH:184
BRDA:134,0,0,12
BRDA:137,1,0,219
BRDA:138,2,0,237
BRDA:139,3,0,237
BRDA:158,4,0,20
BRDA:158,4,1,4086
BRDA:158,5,0,4106
BRDA:158,5,1,22
BRDA:182,6,0,3
BRDA:185,7,0,2401
BRDA:186,8,0,2601
BRDA:187,9,0,2601
BRDA:207,10,0,2344
BRDA:207,10,1,13077
BRDA:207,11,0,15421
BRDA:207,11,1,2348
BRDA:232,12,0,1705
BRDA:261,13,0,1212
BRDA:264,14,0,1416
BRDA:265,15,0,1418
BRDA:266,16,0,1418
BRDA:296,17,0,749
BRDA:296,17,1,18696
BRDA:330,18,0,3
BRDA:359,19,0,204
BRDA:437,20,0,21785
BRDA:437,20,1,3840
BRDA:455,21,0,25625
BRDA:455,21,1,25518
BRDA:479,22,0,16510
BRDA:479,22,1,2935
BRDA:479,23,0,19445
BRDA:479,23,1,19445
BRDA:481,24,0,507
BRDA:481,24,1,16003
BRDA:495,25,0,18938
BRDA:495,25,1,18695
BRDA:505,26,0,242
BRDA:505,26,1,1
BRDA:506,27,0,243
BRDA:506,27,1,243
BRDA:506,27,2,242
BRDA:506,27,3,0
BRDA:562,28,0,6
BRDA:564,29,0,6
BRDA:564,30,0,8
BRDA:567,31,0,93
BRDA:567,31,1,546
BRDA:567,32,0,639
BRDA:567,32,1,638
BRDA:567,32,2,114
BRDA:568,33,0,2
BRDA:568,33,1,91
BRDA:574,34,0,1
BRDA:574,34,1,636
BRDA:578,35,0,1
BRDA:578,35,1,635
BRDA:583,36,0,635
BRDA:583,36,1,0
BRDA:589,37,0,504
BRDA:589,37,1,131
BRDA:593,38,0,2
BRDA:593,38,1,129
BRDA:620,39,0,44775
BRDA:620,39,1,8115
BRDA:638,40,0,52890
BRDA:638,40,1,52888
BRDA:657,41,0,16508
BRDA:657,41,1,3019
BRDA:657,42,0,19527
BRDA:657,42,1,19527
BRDA:659,43,0,1982
BRDA:659,43,1,14526
BRDA:671,44,0,17545
BRDA:671,44,1,17157
BRDA:677,45,0,388
BRDA:677,45,1,0
BRDA:677,46,0,388
BRDA:677,46,1,388
BRDA:677,46,2,0
BRDA:714,47,0,637
BRDA:714,47,1,637
BRDA:714,47,2,637
BRDA:737,48,0,508
BRDA:737,48,1,263
BRDA:742,49,0,1
BRDA:742,49,1,262
BRDA:742,50,0,263
BRDA:742,50,1,263
BRDA:790,51,0,1068
BRDA:790,51,1,31176
BRDA:809,52,0,53063
BRDA:809,52,1,34
BRF:93
BRH:89
end_of_record
TN:
SF:src\services\import\ExcelParser.ts
FN:64,(anonymous_0)
FN:208,(anonymous_1)
FN:219,(anonymous_2)
FN:240,(anonymous_3)
FN:265,(anonymous_4)
FN:293,(anonymous_5)
FN:304,(anonymous_6)
FN:319,(anonymous_7)
FN:324,(anonymous_8)
FN:324,(anonymous_9)
FN:340,(anonymous_10)
FN:375,(anonymous_11)
FN:400,(anonymous_12)
FN:404,(anonymous_13)
FN:408,(anonymous_14)
FN:449,(anonymous_15)
FN:492,(anonymous_16)
FN:530,(anonymous_17)
FN:584,(anonymous_18)
FN:624,(anonymous_19)
FN:633,(anonymous_20)
FN:639,(anonymous_21)
FN:649,(anonymous_22)
FN:655,(anonymous_23)
FN:657,(anonymous_24)
FN:663,(anonymous_25)
FN:666,(anonymous_26)
FN:673,(anonymous_27)
FN:683,(anonymous_28)
FNF:29
FNH:28
FNDA:4018,(anonymous_0)
FNDA:103,(anonymous_1)
FNDA:0,(anonymous_2)
FNDA:1008,(anonymous_3)
FNDA:2002,(anonymous_4)
FNDA:4121,(anonymous_5)
FNDA:4121,(anonymous_6)
FNDA:50044,(anonymous_7)
FNDA:32071,(anonymous_8)
FNDA:96209,(anonymous_9)
FNDA:4018,(anonymous_10)
FNDA:3817,(anonymous_11)
FNDA:3866,(anonymous_12)
FNDA:49658,(anonymous_13)
FNDA:87771,(anonymous_14)
FNDA:14502,(anonymous_15)
FNDA:14502,(anonymous_16)
FNDA:14500,(anonymous_17)
FNDA:14500,(anonymous_18)
FNDA:2,(anonymous_19)
FNDA:7,(anonymous_20)
FNDA:2,(anonymous_21)
FNDA:5,(anonymous_22)
FNDA:64549,(anonymous_23)
FNDA:64564,(anonymous_24)
FNDA:4,(anonymous_25)
FNDA:12,(anonymous_26)
FNDA:5874,(anonymous_27)
FNDA:201,(anonymous_28)
DA:30,5
DA:35,5
DA:40,5
DA:44,5
DA:48,5
DA:65,4018
DA:66,4018
DA:67,4018
DA:69,4018
DA:71,4018
DA:74,4018
DA:76,4018
DA:77,0
DA:81,4018
DA:83,4018
DA:84,200
DA:88,3818
DA:94,3818
DA:95,1
DA:99,3817
DA:100,0
DA:107,3817
DA:112,3817
DA:113,0
DA:114,0
DA:115,0
DA:116,0
DA:118,0
DA:123,0
DA:124,0
DA:125,0
DA:129,3817
DA:132,3817
DA:133,14505
DA:134,14505
DA:137,14505
DA:138,3
DA:141,14502
DA:142,14502
DA:143,14498
DA:144,14498
DA:147,4
DA:155,3817
DA:156,1
DA:168,3816
DA:180,0
DA:181,0
DA:188,0
DA:189,0
DA:195,0
DA:209,103
DA:210,103
DA:220,0
DA:226,0
DA:227,0
DA:242,1008
DA:247,1008
DA:248,1008
DA:249,1008
DA:253,1008
DA:254,1008
DA:256,1008
DA:267,2002
DA:271,2002
DA:272,5874
DA:273,5874
DA:277,2002
DA:278,2002
DA:279,2002
DA:282,2002
DA:283,2002
DA:294,4121
DA:296,0
DA:298,4121
DA:305,4121
DA:307,4121
DA:308,8141
DA:309,8141
DA:312,8141
DA:319,50044
DA:322,8141
DA:324,96209
DA:326,8141
DA:334,4121
DA:347,4018
DA:349,1058
DA:350,100
DA:352,958
DA:353,2960
DA:355,434
DA:356,100
DA:358,334
DA:361,2526
DA:364,3818
DA:365,3818
DA:366,0
DA:369,3818
DA:379,3817
DA:380,0
DA:390,3817
DA:391,3817
DA:392,3817
DA:393,3817
DA:394,3817
DA:397,3817
DA:398,11454
DA:400,11454
DA:401,3815
DA:402,3815
DA:404,49658
DA:405,3815
DA:406,3815
DA:408,87771
DA:409,3815
DA:410,3815
DA:415,3817
DA:416,2
DA:418,2
DA:419,6
DA:421,6
DA:422,1
DA:423,5
DA:424,1
DA:425,4
DA:431,1
DA:436,3817
DA:456,14502
DA:457,14502
DA:458,0
DA:462,14502
DA:463,14502
DA:464,14502
DA:465,2
DA:469,14500
DA:470,14500
DA:471,14500
DA:472,1
DA:476,14499
DA:477,14499
DA:478,1
DA:481,14498
DA:493,14502
DA:494,0
DA:498,14502
DA:499,0
DA:503,14502
DA:504,0
DA:508,14502
DA:511,14502
DA:512,14502
DA:513,14500
DA:514,14500
DA:518,2
DA:519,2
DA:520,6
DA:521,6
DA:524,2
DA:531,14500
DA:532,0
DA:536,14500
DA:537,0
DA:541,14500
DA:544,14500
DA:545,14500
DA:546,0
DA:550,14500
DA:551,14500
DA:554,14500
DA:556,14500
DA:557,0
DA:561,14500
DA:563,14500
DA:565,0
DA:566,0
DA:569,14500
DA:572,14500
DA:574,14500
DA:575,1
DA:578,14499
DA:585,14500
DA:586,14500
DA:588,14500
DA:589,14500
DA:591,14500
DA:592,0
DA:593,0
DA:597,14500
DA:598,4648
DA:599,1088
DA:603,13412
DA:604,13412
DA:606,13412
DA:607,3560
DA:608,53
DA:612,13359
DA:613,0
DA:614,0
DA:618,13359
DA:625,2
DA:633,7
DA:640,2
DA:642,2
DA:649,5
DA:656,64549
DA:657,64564
DA:664,4
DA:666,12
DA:674,5874
DA:675,5874
DA:676,5874
DA:677,5874
DA:684,201
DA:700,5
LF:213
LH:178
BRDA:64,0,0,2525
BRDA:76,1,0,0
BRDA:76,1,1,4018
BRDA:83,2,0,200
BRDA:83,2,1,3818
BRDA:94,3,0,1
BRDA:94,3,1,3817
BRDA:99,4,0,0
BRDA:99,4,1,3817
BRDA:112,5,0,0
BRDA:112,5,1,3817
BRDA:112,6,0,3817
BRDA:112,6,1,3817
BRDA:112,6,2,3817
BRDA:114,7,0,0
BRDA:114,7,1,0
BRDA:115,8,0,0
BRDA:115,8,1,0
BRDA:116,9,0,0
BRDA:116,9,1,0
BRDA:123,10,0,0
BRDA:123,10,1,0
BRDA:124,11,0,0
BRDA:124,11,1,0
BRDA:125,12,0,0
BRDA:125,12,1,0
BRDA:129,13,0,3815
BRDA:129,13,1,2
BRDA:137,14,0,3
BRDA:137,14,1,14502
BRDA:143,15,0,14498
BRDA:143,15,1,0
BRDA:149,16,0,4
BRDA:149,16,1,0
BRDA:155,17,0,1
BRDA:155,17,1,3816
BRDA:163,18,0,1
BRDA:163,18,1,0
BRDA:175,19,0,3814
BRDA:175,19,1,2
BRDA:180,20,0,0
BRDA:180,20,1,0
BRDA:180,21,0,0
BRDA:180,21,1,0
BRDA:188,22,0,0
BRDA:188,22,1,0
BRDA:188,23,0,0
BRDA:188,23,1,0
BRDA:188,23,2,0
BRDA:197,24,0,0
BRDA:197,24,1,0
BRDA:240,25,0,1008
BRDA:242,26,0,0
BRDA:242,26,1,1008
BRDA:248,27,0,1008
BRDA:248,27,1,0
BRDA:248,28,0,1008
BRDA:248,28,1,1008
BRDA:294,29,0,0
BRDA:294,29,1,4121
BRDA:324,30,0,96209
BRDA:324,30,1,0
BRDA:347,31,0,1058
BRDA:347,31,1,2960
BRDA:349,32,0,100
BRDA:349,32,1,958
BRDA:353,33,0,434
BRDA:353,33,1,2526
BRDA:355,34,0,100
BRDA:355,34,1,334
BRDA:355,35,0,434
BRDA:355,35,1,434
BRDA:365,36,0,0
BRDA:365,36,1,3818
BRDA:379,37,0,0
BRDA:379,37,1,3817
BRDA:383,38,0,0
BRDA:383,38,1,0
BRDA:384,39,0,0
BRDA:384,39,1,0
BRDA:385,40,0,0
BRDA:385,40,1,0
BRDA:391,41,0,3817
BRDA:391,41,1,3816
BRDA:392,42,0,3817
BRDA:392,42,1,3816
BRDA:393,43,0,3817
BRDA:393,43,1,3816
BRDA:398,44,0,11454
BRDA:398,44,1,0
BRDA:400,45,0,3815
BRDA:400,45,1,7639
BRDA:400,46,0,11454
BRDA:400,46,1,3820
BRDA:404,47,0,3815
BRDA:404,47,1,7639
BRDA:404,48,0,11454
BRDA:404,48,1,7635
BRDA:408,49,0,3815
BRDA:408,49,1,7639
BRDA:408,50,0,11454
BRDA:408,50,1,11447
BRDA:415,51,0,2
BRDA:415,51,1,3815
BRDA:415,52,0,3817
BRDA:415,52,1,2
BRDA:419,53,0,6
BRDA:419,53,1,0
BRDA:421,54,0,1
BRDA:421,54,1,5
BRDA:421,55,0,6
BRDA:421,55,1,1
BRDA:423,56,0,1
BRDA:423,56,1,4
BRDA:423,57,0,5
BRDA:423,57,1,1
BRDA:425,58,0,1
BRDA:425,58,1,3
BRDA:426,59,0,4
BRDA:426,59,1,1
BRDA:426,59,2,1
BRDA:426,59,3,1
BRDA:457,60,0,0
BRDA:457,60,1,14502
BRDA:464,61,0,2
BRDA:464,61,1,14500
BRDA:471,62,0,1
BRDA:471,62,1,14499
BRDA:476,63,0,14499
BRDA:476,63,1,0
BRDA:477,64,0,1
BRDA:477,64,1,14498
BRDA:493,65,0,0
BRDA:493,65,1,14502
BRDA:493,66,0,14502
BRDA:493,66,1,14502
BRDA:493,66,2,14502
BRDA:498,67,0,0
BRDA:498,67,1,14502
BRDA:503,68,0,0
BRDA:503,68,1,14502
BRDA:512,69,0,14500
BRDA:512,69,1,2
BRDA:514,70,0,14500
BRDA:514,70,1,0
BRDA:521,71,0,0
BRDA:521,71,1,6
BRDA:531,72,0,0
BRDA:531,72,1,14500
BRDA:531,73,0,14500
BRDA:531,73,1,14500
BRDA:531,73,2,14500
BRDA:536,74,0,0
BRDA:536,74,1,14500
BRDA:544,75,0,14500
BRDA:544,75,1,0
BRDA:545,76,0,0
BRDA:545,76,1,14500
BRDA:550,77,0,14500
BRDA:550,77,1,11782
BRDA:556,78,0,0
BRDA:556,78,1,14500
BRDA:563,79,0,0
BRDA:563,79,1,14500
BRDA:574,80,0,1
BRDA:574,80,1,14499
BRDA:578,81,0,2718
BRDA:578,81,1,11781
BRDA:585,82,0,0
BRDA:585,82,1,14500
BRDA:586,83,0,0
BRDA:586,83,1,14500
BRDA:588,84,0,14500
BRDA:588,84,1,9852
BRDA:589,85,0,14500
BRDA:589,85,1,14500
BRDA:591,86,0,0
BRDA:591,86,1,14500
BRDA:591,87,0,14500
BRDA:591,87,1,9852
BRDA:592,88,0,0
BRDA:592,88,1,0
BRDA:597,89,0,4648
BRDA:597,89,1,9852
BRDA:597,90,0,14500
BRDA:597,90,1,14500
BRDA:598,91,0,1088
BRDA:598,91,1,3560
BRDA:606,92,0,3560
BRDA:606,92,1,9852
BRDA:607,93,0,53
BRDA:607,93,1,3507
BRDA:612,94,0,0
BRDA:612,94,1,13359
BRDA:613,95,0,0
BRDA:613,95,1,0
BRDA:656,96,0,0
BRDA:656,96,1,64549
BRDA:656,97,0,64549
BRDA:656,97,1,64549
BRDA:657,98,0,64564
BRDA:657,98,1,64564
BRDA:657,98,2,64564
BRDA:666,99,0,12
BRDA:666,99,1,0
BRF:205
BRH:139
end_of_record
TN:
SF:src\services\import\ImportService.ts
FN:162,(anonymous_0)
FN:179,(anonymous_1)
FN:240,(anonymous_2)
FN:259,(anonymous_3)
FN:278,(anonymous_4)
FN:288,(anonymous_5)
FN:316,(anonymous_6)
FN:353,(anonymous_7)
FN:362,(anonymous_8)
FN:374,(anonymous_9)
FN:392,(anonymous_10)
FN:414,(anonymous_11)
FN:429,(anonymous_12)
FN:594,(anonymous_13)
FN:607,(anonymous_14)
FN:636,(anonymous_15)
FN:713,(anonymous_16)
FNF:17
FNH:14
FNDA:66,(anonymous_0)
FNDA:4,(anonymous_1)
FNDA:34,(anonymous_2)
FNDA:0,(anonymous_3)
FNDA:35,(anonymous_4)
FNDA:24,(anonymous_5)
FNDA:12,(anonymous_6)
FNDA:35,(anonymous_7)
FNDA:2,(anonymous_8)
FNDA:1,(anonymous_9)
FNDA:0,(anonymous_10)
FNDA:43,(anonymous_11)
FNDA:32,(anonymous_12)
FNDA:22,(anonymous_13)
FNDA:38,(anonymous_14)
FNDA:3,(anonymous_15)
FNDA:0,(anonymous_16)
DA:49,2
DA:55,2
DA:72,2
DA:77,2
DA:83,2
DA:168,66
DA:169,66
DA:170,66
DA:171,66
DA:180,4
DA:181,4
DA:187,3
DA:188,1
DA:191,2
DA:192,2
DA:193,0
DA:202,2
DA:203,2
DA:205,2
DA:206,1
DA:216,1
DA:223,1
DA:241,34
DA:242,34
DA:245,32
DA:247,2
DA:260,0
DA:261,0
DA:264,0
DA:266,0
DA:279,35
DA:289,24
DA:291,24
DA:292,6
DA:294,18
DA:295,4
DA:297,14
DA:298,2
DA:300,12
DA:301,2
DA:303,10
DA:304,2
DA:307,8
DA:317,12
DA:320,12
DA:325,4
DA:329,8
DA:330,1
DA:334,7
DA:339,5
DA:342,2
DA:358,35
DA:359,25
DA:360,25
DA:362,2
DA:370,10
DA:371,6
DA:372,6
DA:374,1
DA:382,4
DA:384,3
DA:389,3
DA:390,3
DA:392,0
DA:401,1
DA:415,43
DA:416,43
DA:417,43
DA:435,32
DA:437,32
DA:441,32
DA:442,32
DA:444,0
DA:447,32
DA:450,2
DA:465,30
DA:466,2
DA:481,28
DA:483,28
DA:484,0
DA:499,28
DA:502,28
DA:503,3
DA:519,25
DA:520,2
DA:527,23
DA:528,23
DA:538,25
DA:539,3
DA:554,22
DA:560,21
DA:570,1
DA:600,22
DA:607,38
DA:618,21
DA:621,21
DA:623,21
DA:637,3
DA:639,3
DA:642,3
DA:643,3
DA:644,3
DA:645,3
DA:649,3
DA:651,3
DA:653,2
DA:654,2
DA:655,2
DA:657,2
DA:658,1
DA:672,1
DA:674,0
DA:689,1
DA:691,0
DA:714,0
DA:716,0
DA:717,0
DA:718,0
DA:732,0
DA:743,0
DA:755,2
LF:121
LH:105
BRDA:163,0,0,2
BRDA:164,1,0,2
BRDA:165,2,0,2
BRDA:166,3,0,2
BRDA:187,4,0,1
BRDA:187,4,1,2
BRDA:192,5,0,0
BRDA:192,5,1,2
BRDA:205,6,0,1
BRDA:205,6,1,1
BRDA:227,7,0,1
BRDA:227,7,1,0
BRDA:248,8,0,2
BRDA:248,8,1,0
BRDA:267,9,0,0
BRDA:267,9,1,0
BRDA:279,10,0,35
BRDA:279,10,1,34
BRDA:291,11,0,6
BRDA:291,11,1,18
BRDA:294,12,0,4
BRDA:294,12,1,14
BRDA:294,13,0,18
BRDA:294,13,1,16
BRDA:297,14,0,2
BRDA:297,14,1,12
BRDA:300,15,0,2
BRDA:300,15,1,10
BRDA:303,16,0,2
BRDA:303,16,1,8
BRDA:320,17,0,4
BRDA:320,17,1,8
BRDA:321,18,0,12
BRDA:321,18,1,10
BRDA:321,18,2,9
BRDA:329,19,0,1
BRDA:329,19,1,7
BRDA:334,20,0,5
BRDA:334,20,1,2
BRDA:335,21,0,7
BRDA:335,21,1,4
BRDA:335,21,2,3
BRDA:356,22,0,5
BRDA:358,23,0,25
BRDA:358,23,1,10
BRDA:370,24,0,6
BRDA:370,24,1,4
BRDA:382,25,0,3
BRDA:382,25,1,1
BRDA:382,26,0,4
BRDA:382,26,1,2
BRDA:433,27,0,26
BRDA:437,28,0,32
BRDA:437,28,1,3
BRDA:442,29,0,0
BRDA:442,29,1,32
BRDA:442,30,0,32
BRDA:442,30,1,30
BRDA:459,31,0,2
BRDA:459,31,1,0
BRDA:465,32,0,2
BRDA:465,32,1,28
BRDA:465,33,0,30
BRDA:465,33,1,28
BRDA:481,34,0,28
BRDA:481,34,1,2
BRDA:483,35,0,0
BRDA:483,35,1,28
BRDA:502,36,0,3
BRDA:502,36,1,25
BRDA:519,37,0,2
BRDA:519,37,1,23
BRDA:532,38,0,23
BRDA:532,38,1,22
BRDA:538,39,0,3
BRDA:538,39,1,22
BRDA:579,40,0,1
BRDA:579,40,1,0
BRDA:636,41,0,3
BRDA:643,42,0,3
BRDA:643,42,1,0
BRDA:645,43,0,3
BRDA:645,43,1,0
BRDA:651,44,0,2
BRDA:651,44,1,1
BRDA:657,45,0,1
BRDA:657,45,1,1
BRDA:700,46,0,0
BRDA:700,46,1,0
BRDA:713,47,0,0
BRDA:716,48,0,0
BRDA:716,48,1,0
BRDA:717,49,0,0
BRDA:717,49,1,0
BRF:94
BRH:76
end_of_record
TN:
SF:src\services\import\MultiFileImporter.ts
FN:37,(anonymous_0)
FN:52,(anonymous_1)
FN:178,(anonymous_2)
FN:189,(anonymous_3)
FN:200,(anonymous_4)
FN:237,(anonymous_5)
FN:275,(anonymous_6)
FN:288,(anonymous_7)
FNF:8
FNH:0
FNDA:0,(anonymous_0)
FNDA:0,(anonymous_1)
FNDA:0,(anonymous_2)
FNDA:0,(anonymous_3)
FNDA:0,(anonymous_4)
FNDA:0,(anonymous_5)
FNDA:0,(anonymous_6)
FNDA:0,(anonymous_7)
DA:35,0
DA:41,0
DA:42,0
DA:56,0
DA:57,0
DA:58,0
DA:59,0
DA:61,0
DA:62,0
DA:63,0
DA:64,0
DA:65,0
DA:68,0
DA:70,0
DA:72,0
DA:73,0
DA:83,0
DA:85,0
DA:88,0
DA:91,0
DA:99,0
DA:101,0
DA:102,0
DA:104,0
DA:105,0
DA:106,0
DA:109,0
DA:114,0
DA:115,0
DA:116,0
DA:121,0
DA:130,0
DA:135,0
DA:143,0
DA:145,0
DA:146,0
DA:150,0
DA:161,0
DA:163,0
DA:179,0
DA:194,0
DA:205,0
DA:207,0
DA:210,0
DA:216,0
DA:217,0
DA:230,0
DA:236,0
DA:237,0
DA:241,0
DA:251,0
DA:259,0
DA:282,0
DA:292,0
DA:293,0
DA:301,0
LF:56
LH:0
BRDA:38,0,0,0
BRDA:39,1,0,0
BRDA:54,2,0,0
BRDA:70,3,0,0
BRDA:70,3,1,0
BRDA:70,4,0,0
BRDA:70,4,1,0
BRDA:104,5,0,0
BRDA:104,5,1,0
BRDA:109,6,0,0
BRDA:109,6,1,0
BRDA:115,7,0,0
BRDA:115,7,1,0
BRDA:115,8,0,0
BRDA:115,8,1,0
BRDA:125,9,0,0
BRDA:125,9,1,0
BRDA:132,10,0,0
BRDA:132,10,1,0
BRDA:145,11,0,0
BRDA:145,11,1,0
BRDA:191,12,0,0
BRDA:216,13,0,0
BRDA:216,13,1,0
BRDA:216,14,0,0
BRDA:216,14,1,0
BRDA:222,15,0,0
BRDA:222,15,1,0
BRDA:266,16,0,0
BRDA:266,16,1,0
BRDA:292,17,0,0
BRDA:292,17,1,0
BRF:32
BRH:0
end_of_record
TN:
SF:src\services\import\OfxParser.ts
FN:102,(anonymous_0)
FN:183,(anonymous_1)
FN:195,(anonymous_2)
FN:224,(anonymous_3)
FN:245,(anonymous_4)
FN:302,(anonymous_5)
FN:343,(anonymous_6)
FN:367,(anonymous_7)
FN:428,(anonymous_8)
FN:460,(anonymous_9)
FN:474,(anonymous_10)
FN:517,(anonymous_11)
FN:526,(anonymous_12)
FN:536,(anonymous_13)
FNF:14
FNH:14
FNDA:1332,(anonymous_0)
FNDA:1331,(anonymous_1)
FNDA:1330,(anonymous_2)
FNDA:1333,(anonymous_3)
FNDA:7932,(anonymous_4)
FNDA:7932,(anonymous_5)
FNDA:7925,(anonymous_6)
FNDA:7945,(anonymous_7)
FNDA:7938,(anonymous_8)
FNDA:7909,(anonymous_9)
FNDA:1304,(anonymous_10)
FNDA:4,(anonymous_11)
FNDA:7900,(anonymous_12)
FNDA:7934,(anonymous_13)
DA:103,1332
DA:104,1332
DA:105,1332
DA:107,1332
DA:108,1
DA:118,1331
DA:124,1331
DA:125,1
DA:135,1330
DA:138,1330
DA:140,1330
DA:141,1
DA:142,1
DA:153,1329
DA:154,7932
DA:155,7932
DA:156,7932
DA:158,7924
DA:159,7924
DA:162,8
DA:170,1329
DA:185,1331
DA:186,1331
DA:187,1331
DA:189,1331
DA:196,1330
DA:199,1330
DA:200,1330
DA:201,2
DA:205,1330
DA:206,1330
DA:207,2
DA:211,1330
DA:212,1330
DA:213,2
DA:216,1330
DA:225,1333
DA:229,1333
DA:232,1333
DA:233,7939
DA:234,7939
DA:235,7939
DA:239,1333
DA:246,7932
DA:249,7932
DA:250,7932
DA:251,7912
DA:255,7932
DA:256,7932
DA:257,7930
DA:261,7932
DA:262,7932
DA:263,7930
DA:267,7932
DA:268,7932
DA:269,7930
DA:273,7932
DA:274,7932
DA:275,7929
DA:279,7932
DA:280,7932
DA:281,5
DA:285,7932
DA:286,7932
DA:287,0
DA:291,7932
DA:292,7932
DA:293,0
DA:296,7932
DA:304,7932
DA:305,2
DA:308,7930
DA:309,1
DA:313,7929
DA:314,7929
DA:315,3
DA:319,7926
DA:320,7926
DA:321,1
DA:325,7925
DA:326,7925
DA:327,1
DA:330,7924
DA:344,7925
DA:346,4
DA:347,3
DA:349,1
DA:352,7921
DA:368,7945
DA:369,1
DA:374,7944
DA:377,7944
DA:378,5
DA:382,7939
DA:383,7939
DA:384,7939
DA:387,7939
DA:388,1
DA:392,7938
DA:393,0
DA:396,7938
DA:397,1
DA:400,7937
DA:401,1
DA:405,7936
DA:408,7936
DA:413,2
DA:416,7934
DA:429,7938
DA:430,1
DA:434,7937
DA:437,7937
DA:440,7937
DA:441,7937
DA:444,7937
DA:446,7937
DA:447,3
DA:451,7934
DA:461,7909
DA:462,7909
DA:463,7909
DA:465,7909
DA:475,1304
DA:478,1304
DA:479,1304
DA:480,1304
DA:481,1304
DA:482,1304
DA:483,1304
DA:484,1304
DA:485,1304
DA:486,1304
DA:487,1304
DA:488,1304
DA:489,1304
DA:490,1304
DA:491,1304
DA:492,1304
DA:495,1304
DA:496,7900
DA:497,7900
DA:498,7900
DA:499,7900
DA:500,7900
DA:501,7900
DA:502,7900
DA:505,1304
DA:506,1304
DA:507,1304
DA:508,1304
DA:509,1304
DA:511,1304
DA:518,4
DA:519,4
DA:520,4
DA:527,7900
DA:537,7934
DA:549,4
LF:158
LH:155
BRDA:107,0,0,1
BRDA:107,0,1,1331
BRDA:107,1,0,1332
BRDA:107,1,1,1331
BRDA:124,2,0,1
BRDA:124,2,1,1330
BRDA:140,3,0,1
BRDA:140,3,1,1329
BRDA:158,4,0,7924
BRDA:158,4,1,0
BRDA:163,5,0,8
BRDA:163,5,1,0
BRDA:185,6,0,1331
BRDA:185,6,1,19
BRDA:187,7,0,1331
BRDA:187,7,1,21
BRDA:189,8,0,1331
BRDA:189,8,1,1
BRDA:189,8,2,1
BRDA:200,9,0,2
BRDA:200,9,1,1328
BRDA:206,10,0,2
BRDA:206,10,1,1328
BRDA:212,11,0,2
BRDA:212,11,1,1328
BRDA:216,12,0,2
BRDA:216,12,1,1328
BRDA:234,13,0,7939
BRDA:234,13,1,0
BRDA:250,14,0,7912
BRDA:250,14,1,20
BRDA:256,15,0,7930
BRDA:256,15,1,2
BRDA:262,16,0,7930
BRDA:262,16,1,2
BRDA:268,17,0,7930
BRDA:268,17,1,2
BRDA:274,18,0,7929
BRDA:274,18,1,3
BRDA:280,19,0,5
BRDA:280,19,1,7927
BRDA:286,20,0,0
BRDA:286,20,1,7932
BRDA:292,21,0,0
BRDA:292,21,1,7932
BRDA:304,22,0,2
BRDA:304,22,1,7930
BRDA:308,23,0,1
BRDA:308,23,1,7929
BRDA:314,24,0,3
BRDA:314,24,1,7926
BRDA:320,25,0,1
BRDA:320,25,1,7925
BRDA:326,26,0,1
BRDA:326,26,1,7924
BRDA:344,27,0,4
BRDA:344,27,1,7921
BRDA:344,28,0,7925
BRDA:344,28,1,7923
BRDA:346,29,0,3
BRDA:346,29,1,1
BRDA:352,30,0,7921
BRDA:352,30,1,2
BRDA:352,30,2,1
BRDA:368,31,0,1
BRDA:368,31,1,7944
BRDA:368,32,0,7945
BRDA:368,32,1,7944
BRDA:377,33,0,5
BRDA:377,33,1,7939
BRDA:387,34,0,1
BRDA:387,34,1,7938
BRDA:387,35,0,7939
BRDA:387,35,1,7938
BRDA:387,35,2,7938
BRDA:392,36,0,0
BRDA:392,36,1,7938
BRDA:392,37,0,7938
BRDA:392,37,1,7938
BRDA:396,38,0,1
BRDA:396,38,1,7937
BRDA:396,39,0,7938
BRDA:396,39,1,7938
BRDA:400,40,0,1
BRDA:400,40,1,7936
BRDA:400,41,0,7937
BRDA:400,41,1,7937
BRDA:408,42,0,2
BRDA:408,42,1,7934
BRDA:409,43,0,7936
BRDA:409,43,1,7936
BRDA:409,43,2,7934
BRDA:429,44,0,1
BRDA:429,44,1,7937
BRDA:429,45,0,7938
BRDA:429,45,1,7937
BRDA:440,46,0,7937
BRDA:440,46,1,7527
BRDA:440,46,2,1
BRDA:446,47,0,3
BRDA:446,47,1,7934
BRDA:451,48,0,409
BRDA:451,48,1,7525
BRDA:497,49,0,7504
BRDA:497,49,1,396
BRDA:500,50,0,7900
BRDA:500,50,1,4
BRF:107
BRH:101
end_of_record
TN:
SF:src\services\import\index.ts
FNF:0
FNH:0
LF:0
LH:0
BRF:0
BRH:0
end_of_record
TN:
SF:src\services\import\types.ts
FNF:0
FNH:0
LF:0
LH:0
BRF:0
BRH:0
end_of_record
